"C:\\qnx660\\host\\win32\\x86\\usr\\bin\\make.exe" -k CPULIST=arm VARIANTLIST=g all --file=C:/Users/HM-WIE~1/AppData/Local/Temp/QMakefile15730536054811826165686413544239.tmp 
C:/qnx660/host/win32/x86/usr/bin/make.exe -j 1 -Carm -fMakefile all
make.exe[1]: Entering directory `C:/Users/hm-wiedman0/qnxMomenticsIDE/Abgabe3/arm'
C:/qnx660/host/win32/x86/usr/bin/make.exe -j 1 -Co-le-v7-g -fMakefile all
make.exe[2]: Entering directory `C:/Users/hm-wiedman0/qnxMomenticsIDE/Abgabe3/arm/o-le-v7-g'
C:/qnx660/host/win32/x86/usr/bin/qcc -Vgcc_ntoarmv7 -c  -Wc,-Wall             -I. -IC:/Users/hm-wiedman0/qnxMomenticsIDE/Abgabe3/arm/le.v7 -IC:/Users/hm-wiedman0/qnxMomenticsIDE/Abgabe3/arm/o-le-v7-g -IC:/Users/hm-wiedman0/qnxMomenticsIDE/Abgabe3/arm -IC:/Users/hm-wiedman0/qnxMomenticsIDE/Abgabe3 -IC:/qnx660/target/qnx6/usr/include    -EL      -g        -DVARIANT_le -DVARIANT_v7 -DVARIANT_g -DBUILDENV_qss  C:/Users/hm-wiedman0/qnxMomenticsIDE/Abgabe3/Abgabe3.c 
C:/qnx660/host/win32/x86/usr/bin/rm -f  C:/Users/hm-wiedman0/qnxMomenticsIDE/Abgabe3/arm/o-le-v7-g/Abgabe3_g
C:/qnx660/host/win32/x86/usr/bin/qcc -Vgcc_ntoarmv7 -Wl,--no-keep-memory     -o C:/Users/hm-wiedman0/qnxMomenticsIDE/Abgabe3/arm/o-le-v7-g/Abgabe3_g    Abgabe3.o   -L . -L C:/qnx660/target/qnx6/armle-v7/lib -L C:/qnx660/target/qnx6/armle-v7/usr/lib  -Wl,--rpath-link . -Wl,--rpath-link C:/qnx660/target/qnx6/armle-v7/lib -Wl,--rpath-link C:/qnx660/target/qnx6/armle-v7/usr/lib    -EL      -g         
make.exe[2]: Leaving directory `C:/Users/hm-wiedman0/qnxMomenticsIDE/Abgabe3/arm/o-le-v7-g'
make.exe[1]: Leaving directory `C:/Users/hm-wiedman0/qnxMomenticsIDE/Abgabe3/arm'
"C:\\qnx660\\host\\win32\\x86\\usr\\bin\\make.exe" -k CPULIST=arm VARIANTLIST=g all --file=C:/Users/HM-WIE~1/AppData/Local/Temp/QMakefile15730536250957460056048628822659.tmp 
C:/qnx660/host/win32/x86/usr/bin/make.exe -j 1 -Carm -fMakefile all
make.exe[1]: Entering directory `C:/Users/hm-wiedman0/qnxMomenticsIDE/Abgabe3/arm'
C:/qnx660/host/win32/x86/usr/bin/make.exe -j 1 -Co-le-v7-g -fMakefile all
make.exe[2]: Entering directory `C:/Users/hm-wiedman0/qnxMomenticsIDE/Abgabe3/arm/o-le-v7-g'
make.exe[2]: Nothing to be done for `all'.
make.exe[2]: Leaving directory `C:/Users/hm-wiedman0/qnxMomenticsIDE/Abgabe3/arm/o-le-v7-g'
make.exe[1]: Leaving directory `C:/Users/hm-wiedman0/qnxMomenticsIDE/Abgabe3/arm'
"C:\\qnx660\\host\\win32\\x86\\usr\\bin\\make.exe" -k CPULIST=arm VARIANTLIST=g all --file=C:/Users/HM-WIE~1/AppData/Local/Temp/QMakefile15730544818805225237638457951787.tmp 
C:/qnx660/host/win32/x86/usr/bin/make.exe -j 1 -Carm -fMakefile all
make.exe[1]: Entering directory `C:/Users/hm-wiedman0/qnxMomenticsIDE/Abgabe3/arm'
C:/qnx660/host/win32/x86/usr/bin/make.exe -j 1 -Co-le-v7-g -fMakefile all
make.exe[2]: Entering directory `C:/Users/hm-wiedman0/qnxMomenticsIDE/Abgabe3/arm/o-le-v7-g'
C:/qnx660/host/win32/x86/usr/bin/qcc -Vgcc_ntoarmv7 -c  -Wc,-Wall             -I. -IC:/Users/hm-wiedman0/qnxMomenticsIDE/Abgabe3/arm/le.v7 -IC:/Users/hm-wiedman0/qnxMomenticsIDE/Abgabe3/arm/o-le-v7-g -IC:/Users/hm-wiedman0/qnxMomenticsIDE/Abgabe3/arm -IC:/Users/hm-wiedman0/qnxMomenticsIDE/Abgabe3 -IC:/qnx660/target/qnx6/usr/include    -EL      -g        -DVARIANT_le -DVARIANT_v7 -DVARIANT_g -DBUILDENV_qss  C:/Users/hm-wiedman0/qnxMomenticsIDE/Abgabe3/Abgabe3.c 
C:/Users/hm-wiedman0/qnxMomenticsIDE/Abgabe3/Abgabe3.c: In function 'waste_msecs':
C:/Users/hm-wiedman0/qnxMomenticsIDE/Abgabe3/Abgabe3.c:9:3: warning: implicit declaration of function 'oneSecMethod' [-Wimplicit-function-declaration]
C:/Users/hm-wiedman0/qnxMomenticsIDE/Abgabe3/Abgabe3.c: At top level:
C:/Users/hm-wiedman0/qnxMomenticsIDE/Abgabe3/Abgabe3.c:13:6: warning: conflicting types for 'oneSecMethod' [enabled by default]
C:/Users/hm-wiedman0/qnxMomenticsIDE/Abgabe3/Abgabe3.c:9:3: note: previous implicit declaration of 'oneSecMethod' was here
C:/Users/hm-wiedman0/qnxMomenticsIDE/Abgabe3/Abgabe3.c: In function 'main':
C:/Users/hm-wiedman0/qnxMomenticsIDE/Abgabe3/Abgabe3.c:28:18: error: storage size of 'start' isn't known
C:/Users/hm-wiedman0/qnxMomenticsIDE/Abgabe3/Abgabe3.c:28:25: error: storage size of 'stop' isn't known
C:/Users/hm-wiedman0/qnxMomenticsIDE/Abgabe3/Abgabe3.c:29:2: warning: implicit declaration of function 'clock_gettime' [-Wimplicit-function-declaration]
C:/Users/hm-wiedman0/qnxMomenticsIDE/Abgabe3/Abgabe3.c:29:20: error: 'CLOCK_REALTIME' undeclared (first use in this function)
C:/Users/hm-wiedman0/qnxMomenticsIDE/Abgabe3/Abgabe3.c:29:20: note: each undeclared identifier is reported only once for each function it appears in
C:/Users/hm-wiedman0/qnxMomenticsIDE/Abgabe3/Abgabe3.c:41:2: error: 's' undeclared (first use in this function)
make.exe[2]: Leaving directory `C:/Users/hm-wiedman0/qnxMomenticsIDE/Abgabe3/arm/o-le-v7-g'
C:/Users/hm-wiedman0/qnxMomenticsIDE/Abgabe3/Abgabe3.c:42:2: error: 'ms' undeclared (first use in this function)
make.exe[1]: Leaving directory `C:/Users/hm-wiedman0/qnxMomenticsIDE/Abgabe3/arm'
C:/Users/hm-wiedman0/qnxMomenticsIDE/Abgabe3/Abgabe3.c:42:40: error: 'MILLISECONDS_PER_SECOND' undeclared (first use in this function)
C:/Users/hm-wiedman0/qnxMomenticsIDE/Abgabe3/Abgabe3.c:28:25: warning: unused variable 'stop' [-Wunused-variable]
C:/Users/hm-wiedman0/qnxMomenticsIDE/Abgabe3/Abgabe3.c:28:18: warning: unused variable 'start' [-Wunused-variable]
cc: C:/qnx660/host/win32/x86/usr/lib/gcc/arm-unknown-nto-qnx6.6.0eabi/4.7.3/cc1 caught signal 1
make.exe[2]: *** [Abgabe3.o] Error 1
make.exe[2]: Target `all' not remade because of errors.
make.exe[1]: [all] Error 2 (ignored)
"C:\\qnx660\\host\\win32\\x86\\usr\\bin\\make.exe" -k CPULIST=arm VARIANTLIST=g all --file=C:/Users/HM-WIE~1/AppData/Local/Temp/QMakefile15730545156451150332917159851256.tmp 
C:/qnx660/host/win32/x86/usr/bin/make.exe -j 1 -Carm -fMakefile all
make.exe[1]: Entering directory `C:/Users/hm-wiedman0/qnxMomenticsIDE/Abgabe3/arm'
C:/qnx660/host/win32/x86/usr/bin/make.exe -j 1 -Co-le-v7-g -fMakefile all
make.exe[2]: Entering directory `C:/Users/hm-wiedman0/qnxMomenticsIDE/Abgabe3/arm/o-le-v7-g'
C:/qnx660/host/win32/x86/usr/bin/qcc -Vgcc_ntoarmv7 -c  -Wc,-Wall             -I. -IC:/Users/hm-wiedman0/qnxMomenticsIDE/Abgabe3/arm/le.v7 -IC:/Users/hm-wiedman0/qnxMomenticsIDE/Abgabe3/arm/o-le-v7-g -IC:/Users/hm-wiedman0/qnxMomenticsIDE/Abgabe3/arm -IC:/Users/hm-wiedman0/qnxMomenticsIDE/Abgabe3 -IC:/qnx660/target/qnx6/usr/include    -EL      -g        -DVARIANT_le -DVARIANT_v7 -DVARIANT_g -DBUILDENV_qss  C:/Users/hm-wiedman0/qnxMomenticsIDE/Abgabe3/Abgabe3.c 
C:/Users/hm-wiedman0/qnxMomenticsIDE/Abgabe3/Abgabe3.c: In function 'waste_msecs':
C:/Users/hm-wiedman0/qnxMomenticsIDE/Abgabe3/Abgabe3.c:10:3: warning: implicit declaration of function 'oneSecMethod' [-Wimplicit-function-declaration]
C:/Users/hm-wiedman0/qnxMomenticsIDE/Abgabe3/Abgabe3.c: At top level:
C:/Users/hm-wiedman0/qnxMomenticsIDE/Abgabe3/Abgabe3.c:14:6: warning: conflicting types for 'oneSecMethod' [enabled by default]
C:/Users/hm-wiedman0/qnxMomenticsIDE/Abgabe3/Abgabe3.c:10:3: note: previous implicit declaration of 'oneSecMethod' was here
C:/Users/hm-wiedman0/qnxMomenticsIDE/Abgabe3/Abgabe3.c: In function 'main':
C:/Users/hm-wiedman0/qnxMomenticsIDE/Abgabe3/Abgabe3.c:44:40: error: 'MILLISECONDS_PER_SECOND' undeclared (first use in this function)
C:/Users/hm-wiedman0/qnxMomenticsIDE/Abgabe3/Abgabe3.c:44:40: note: each undeclared identifier is reported only once for each function it appears in
make.exe[2]: Leaving directory `C:/Users/hm-wiedman0/qnxMomenticsIDE/Abgabe3/arm/o-le-v7-g'
C:/Users/hm-wiedman0/qnxMomenticsIDE/Abgabe3/Abgabe3.c:46:2: warning: format '%ld' expects argument of type 'long int', but argument 2 has type 'time_t' [-Wformat]
make.exe[1]: Leaving directory `C:/Users/hm-wiedman0/qnxMomenticsIDE/Abgabe3/arm'
C:/Users/hm-wiedman0/qnxMomenticsIDE/Abgabe3/Abgabe3.c:47:2: warning: format '%ld' expects argument of type 'long int', but argument 2 has type 'time_t' [-Wformat]
cc: C:/qnx660/host/win32/x86/usr/lib/gcc/arm-unknown-nto-qnx6.6.0eabi/4.7.3/cc1 caught signal 1
make.exe[2]: *** [Abgabe3.o] Error 1
make.exe[2]: Target `all' not remade because of errors.
make.exe[1]: [all] Error 2 (ignored)
"C:\\qnx660\\host\\win32\\x86\\usr\\bin\\make.exe" -k CPULIST=arm VARIANTLIST=g all --file=C:/Users/HM-WIE~1/AppData/Local/Temp/QMakefile15730545473764396194548662798009.tmp 
C:/qnx660/host/win32/x86/usr/bin/make.exe -j 1 -Carm -fMakefile all
make.exe[1]: Entering directory `C:/Users/hm-wiedman0/qnxMomenticsIDE/Abgabe3/arm'
C:/qnx660/host/win32/x86/usr/bin/make.exe -j 1 -Co-le-v7-g -fMakefile all
make.exe[2]: Entering directory `C:/Users/hm-wiedman0/qnxMomenticsIDE/Abgabe3/arm/o-le-v7-g'
C:/qnx660/host/win32/x86/usr/bin/qcc -Vgcc_ntoarmv7 -c  -Wc,-Wall             -I. -IC:/Users/hm-wiedman0/qnxMomenticsIDE/Abgabe3/arm/le.v7 -IC:/Users/hm-wiedman0/qnxMomenticsIDE/Abgabe3/arm/o-le-v7-g -IC:/Users/hm-wiedman0/qnxMomenticsIDE/Abgabe3/arm -IC:/Users/hm-wiedman0/qnxMomenticsIDE/Abgabe3 -IC:/qnx660/target/qnx6/usr/include    -EL      -g        -DVARIANT_le -DVARIANT_v7 -DVARIANT_g -DBUILDENV_qss  C:/Users/hm-wiedman0/qnxMomenticsIDE/Abgabe3/Abgabe3.c 
C:/Users/hm-wiedman0/qnxMomenticsIDE/Abgabe3/Abgabe3.c: In function 'waste_msecs':
C:/Users/hm-wiedman0/qnxMomenticsIDE/Abgabe3/Abgabe3.c:10:3: warning: implicit declaration of function 'oneSecMethod' [-Wimplicit-function-declaration]
C:/Users/hm-wiedman0/qnxMomenticsIDE/Abgabe3/Abgabe3.c: At top level:
C:/qnx660/host/win32/x86/usr/bin/rm -f  C:/Users/hm-wiedman0/qnxMomenticsIDE/Abgabe3/arm/o-le-v7-g/Abgabe3_g
C:/qnx660/host/win32/x86/usr/bin/qcc -Vgcc_ntoarmv7 -Wl,--no-keep-memory     -o C:/Users/hm-wiedman0/qnxMomenticsIDE/Abgabe3/arm/o-le-v7-g/Abgabe3_g    Abgabe3.o   -L . -L C:/qnx660/target/qnx6/armle-v7/lib -L C:/qnx660/target/qnx6/armle-v7/usr/lib  -Wl,--rpath-link . -Wl,--rpath-link C:/qnx660/target/qnx6/armle-v7/lib -Wl,--rpath-link C:/qnx660/target/qnx6/armle-v7/usr/lib    -EL      -g         
C:/Users/hm-wiedman0/qnxMomenticsIDE/Abgabe3/Abgabe3.c:14:6: warning: conflicting types for 'oneSecMethod' [enabled by default]
C:/Users/hm-wiedman0/qnxMomenticsIDE/Abgabe3/Abgabe3.c:10:3: note: previous implicit declaration of 'oneSecMethod' was here
make.exe[2]: Leaving directory `C:/Users/hm-wiedman0/qnxMomenticsIDE/Abgabe3/arm/o-le-v7-g'
make.exe[1]: Leaving directory `C:/Users/hm-wiedman0/qnxMomenticsIDE/Abgabe3/arm'
C:/Users/hm-wiedman0/qnxMomenticsIDE/Abgabe3/Abgabe3.c: In function 'main':
C:/Users/hm-wiedman0/qnxMomenticsIDE/Abgabe3/Abgabe3.c:46:2: warning: format '%ld' expects argument of type 'long int', but argument 2 has type 'time_t' [-Wformat]
C:/Users/hm-wiedman0/qnxMomenticsIDE/Abgabe3/Abgabe3.c:47:2: warning: format '%ld' expects argument of type 'long int', but argument 2 has type 'time_t' [-Wformat]
"C:\\qnx660\\host\\win32\\x86\\usr\\bin\\make.exe" -k CPULIST=arm VARIANTLIST=g all --file=C:/Users/HM-WIE~1/AppData/Local/Temp/QMakefile15730545678023100365375567175345.tmp 
C:/qnx660/host/win32/x86/usr/bin/make.exe -j 1 -Carm -fMakefile all
make.exe[1]: Entering directory `C:/Users/hm-wiedman0/qnxMomenticsIDE/Abgabe3/arm'
C:/qnx660/host/win32/x86/usr/bin/make.exe -j 1 -Co-le-v7-g -fMakefile all
make.exe[2]: Entering directory `C:/Users/hm-wiedman0/qnxMomenticsIDE/Abgabe3/arm/o-le-v7-g'
C:/qnx660/host/win32/x86/usr/bin/qcc -Vgcc_ntoarmv7 -c  -Wc,-Wall             -I. -IC:/Users/hm-wiedman0/qnxMomenticsIDE/Abgabe3/arm/le.v7 -IC:/Users/hm-wiedman0/qnxMomenticsIDE/Abgabe3/arm/o-le-v7-g -IC:/Users/hm-wiedman0/qnxMomenticsIDE/Abgabe3/arm -IC:/Users/hm-wiedman0/qnxMomenticsIDE/Abgabe3 -IC:/qnx660/target/qnx6/usr/include    -EL      -g        -DVARIANT_le -DVARIANT_v7 -DVARIANT_g -DBUILDENV_qss  C:/Users/hm-wiedman0/qnxMomenticsIDE/Abgabe3/Abgabe3.c 
C:/Users/hm-wiedman0/qnxMomenticsIDE/Abgabe3/Abgabe3.c: In function 'waste_msecs':
C:/Users/hm-wiedman0/qnxMomenticsIDE/Abgabe3/Abgabe3.c:10:3: warning: implicit declaration of function 'oneSecMethod' [-Wimplicit-function-declaration]
C:/Users/hm-wiedman0/qnxMomenticsIDE/Abgabe3/Abgabe3.c: At top level:
C:/Users/hm-wiedman0/qnxMomenticsIDE/Abgabe3/Abgabe3.c:14:6: warning: conflicting types for 'oneSecMethod' [enabled by default]
C:/Users/hm-wiedman0/qnxMomenticsIDE/Abgabe3/Abgabe3.c:10:3: note: previous implicit declaration of 'oneSecMethod' was here
C:/qnx660/host/win32/x86/usr/bin/rm -f  C:/Users/hm-wiedman0/qnxMomenticsIDE/Abgabe3/arm/o-le-v7-g/Abgabe3_g
C:/Users/hm-wiedman0/qnxMomenticsIDE/Abgabe3/Abgabe3.c: In function 'main':
make.exe[2]: Leaving directory `C:/Users/hm-wiedman0/qnxMomenticsIDE/Abgabe3/arm/o-le-v7-g'
make.exe[1]: Leaving directory `C:/Users/hm-wiedman0/qnxMomenticsIDE/Abgabe3/arm'
C:/Users/hm-wiedman0/qnxMomenticsIDE/Abgabe3/Abgabe3.c:46:2: warning: format '%ld' expects argument of type 'long int', but argument 2 has type 'time_t' [-Wformat]
C:/Users/hm-wiedman0/qnxMomenticsIDE/Abgabe3/Abgabe3.c:47:2: warning: format '%ld' expects argument of type 'long int', but argument 2 has type 'time_t' [-Wformat]
/usr/bin/rm: cannot remove `C:/Users/hm-wiedman0/qnxMomenticsIDE/Abgabe3/arm/o-le-v7-g/Abgabe3_g': Permission denied
make.exe[2]: *** [C:/Users/hm-wiedman0/qnxMomenticsIDE/Abgabe3/arm/o-le-v7-g/Abgabe3_g] Error 1
make.exe[2]: Target `all' not remade because of errors.
make.exe[1]: [all] Error 2 (ignored)
"C:\\qnx660\\host\\win32\\x86\\usr\\bin\\make.exe" -k CPULIST=arm VARIANTLIST=g all --file=C:/Users/HM-WIE~1/AppData/Local/Temp/QMakefile15730546088425556192586897665398.tmp 
C:/qnx660/host/win32/x86/usr/bin/make.exe -j 1 -Carm -fMakefile all
make.exe[1]: Entering directory `C:/Users/hm-wiedman0/qnxMomenticsIDE/Abgabe3/arm'
C:/qnx660/host/win32/x86/usr/bin/make.exe -j 1 -Co-le-v7-g -fMakefile all
make.exe[2]: Entering directory `C:/Users/hm-wiedman0/qnxMomenticsIDE/Abgabe3/arm/o-le-v7-g'
C:/qnx660/host/win32/x86/usr/bin/qcc -Vgcc_ntoarmv7 -c  -Wc,-Wall             -I. -IC:/Users/hm-wiedman0/qnxMomenticsIDE/Abgabe3/arm/le.v7 -IC:/Users/hm-wiedman0/qnxMomenticsIDE/Abgabe3/arm/o-le-v7-g -IC:/Users/hm-wiedman0/qnxMomenticsIDE/Abgabe3/arm -IC:/Users/hm-wiedman0/qnxMomenticsIDE/Abgabe3 -IC:/qnx660/target/qnx6/usr/include    -EL      -g        -DVARIANT_le -DVARIANT_v7 -DVARIANT_g -DBUILDENV_qss  C:/Users/hm-wiedman0/qnxMomenticsIDE/Abgabe3/Abgabe3.c 
C:/Users/hm-wiedman0/qnxMomenticsIDE/Abgabe3/Abgabe3.c: In function 'waste_msecs':
C:/Users/hm-wiedman0/qnxMomenticsIDE/Abgabe3/Abgabe3.c:10:3: warning: implicit declaration of function 'oneSecMethod' [-Wimplicit-function-declaration]
C:/qnx660/host/win32/x86/usr/bin/rm -f  C:/Users/hm-wiedman0/qnxMomenticsIDE/Abgabe3/arm/o-le-v7-g/Abgabe3_g
C:/qnx660/host/win32/x86/usr/bin/qcc -Vgcc_ntoarmv7 -Wl,--no-keep-memory     -o C:/Users/hm-wiedman0/qnxMomenticsIDE/Abgabe3/arm/o-le-v7-g/Abgabe3_g    Abgabe3.o   -L . -L C:/qnx660/target/qnx6/armle-v7/lib -L C:/qnx660/target/qnx6/armle-v7/usr/lib  -Wl,--rpath-link . -Wl,--rpath-link C:/qnx660/target/qnx6/armle-v7/lib -Wl,--rpath-link C:/qnx660/target/qnx6/armle-v7/usr/lib    -EL      -g         
make.exe[2]: Leaving directory `C:/Users/hm-wiedman0/qnxMomenticsIDE/Abgabe3/arm/o-le-v7-g'
C:/Users/hm-wiedman0/qnxMomenticsIDE/Abgabe3/Abgabe3.c: At top level:
C:/Users/hm-wiedman0/qnxMomenticsIDE/Abgabe3/Abgabe3.c:14:6: warning: conflicting types for 'oneSecMethod' [enabled by default]
C:/Users/hm-wiedman0/qnxMomenticsIDE/Abgabe3/Abgabe3.c:10:3: note: previous implicit declaration of 'oneSecMethod' was here
make.exe[1]: Leaving directory `C:/Users/hm-wiedman0/qnxMomenticsIDE/Abgabe3/arm'
C:/Users/hm-wiedman0/qnxMomenticsIDE/Abgabe3/Abgabe3.c: In function 'main':
C:/Users/hm-wiedman0/qnxMomenticsIDE/Abgabe3/Abgabe3.c:46:2: warning: format '%ld' expects argument of type 'long int', but argument 2 has type 'time_t' [-Wformat]
C:/Users/hm-wiedman0/qnxMomenticsIDE/Abgabe3/Abgabe3.c:47:2: warning: format '%ld' expects argument of type 'long int', but argument 2 has type 'time_t' [-Wformat]
"C:\\qnx660\\host\\win32\\x86\\usr\\bin\\make.exe" -k CPULIST=arm VARIANTLIST=g all --file=C:/Users/HM-WIE~1/AppData/Local/Temp/QMakefile15730546166471717027948437267149.tmp 
C:/qnx660/host/win32/x86/usr/bin/make.exe -j 1 -Carm -fMakefile all
make.exe[1]: Entering directory `C:/Users/hm-wiedman0/qnxMomenticsIDE/Abgabe3/arm'
C:/qnx660/host/win32/x86/usr/bin/make.exe -j 1 -Co-le-v7-g -fMakefile all
make.exe[2]: Entering directory `C:/Users/hm-wiedman0/qnxMomenticsIDE/Abgabe3/arm/o-le-v7-g'
C:/qnx660/host/win32/x86/usr/bin/qcc -Vgcc_ntoarmv7 -c  -Wc,-Wall             -I. -IC:/Users/hm-wiedman0/qnxMomenticsIDE/Abgabe3/arm/le.v7 -IC:/Users/hm-wiedman0/qnxMomenticsIDE/Abgabe3/arm/o-le-v7-g -IC:/Users/hm-wiedman0/qnxMomenticsIDE/Abgabe3/arm -IC:/Users/hm-wiedman0/qnxMomenticsIDE/Abgabe3 -IC:/qnx660/target/qnx6/usr/include    -EL      -g        -DVARIANT_le -DVARIANT_v7 -DVARIANT_g -DBUILDENV_qss  C:/Users/hm-wiedman0/qnxMomenticsIDE/Abgabe3/Abgabe3.c 
C:/Users/hm-wiedman0/qnxMomenticsIDE/Abgabe3/Abgabe3.c: In function 'waste_msecs':
C:/Users/hm-wiedman0/qnxMomenticsIDE/Abgabe3/Abgabe3.c:10:3: warning: implicit declaration of function 'oneSecMethod' [-Wimplicit-function-declaration]
C:/Users/hm-wiedman0/qnxMomenticsIDE/Abgabe3/Abgabe3.c: At top level:
C:/Users/hm-wiedman0/qnxMomenticsIDE/Abgabe3/Abgabe3.c:14:6: warning: conflicting types for 'oneSecMethod' [enabled by default]
C:/Users/hm-wiedman0/qnxMomenticsIDE/Abgabe3/Abgabe3.c:10:3: note: previous implicit declaration of 'oneSecMethod' was here
C:/qnx660/host/win32/x86/usr/bin/rm -f  C:/Users/hm-wiedman0/qnxMomenticsIDE/Abgabe3/arm/o-le-v7-g/Abgabe3_g
C:/Users/hm-wiedman0/qnxMomenticsIDE/Abgabe3/Abgabe3.c: In function 'main':
C:/Users/hm-wiedman0/qnxMomenticsIDE/Abgabe3/Abgabe3.c:46:2: warning: format '%ld' expects argument of type 'long int', but argument 2 has type 'time_t' [-Wformat]
make.exe[2]: Leaving directory `C:/Users/hm-wiedman0/qnxMomenticsIDE/Abgabe3/arm/o-le-v7-g'
make.exe[1]: Leaving directory `C:/Users/hm-wiedman0/qnxMomenticsIDE/Abgabe3/arm'
C:/Users/hm-wiedman0/qnxMomenticsIDE/Abgabe3/Abgabe3.c:47:2: warning: format '%ld' expects argument of type 'long int', but argument 2 has type 'time_t' [-Wformat]
/usr/bin/rm: cannot remove `C:/Users/hm-wiedman0/qnxMomenticsIDE/Abgabe3/arm/o-le-v7-g/Abgabe3_g': Permission denied
make.exe[2]: *** [C:/Users/hm-wiedman0/qnxMomenticsIDE/Abgabe3/arm/o-le-v7-g/Abgabe3_g] Error 1
make.exe[2]: Target `all' not remade because of errors.
make.exe[1]: [all] Error 2 (ignored)
"C:\\qnx660\\host\\win32\\x86\\usr\\bin\\make.exe" -k CPULIST=arm VARIANTLIST=g all --file=C:/Users/HM-WIE~1/AppData/Local/Temp/QMakefile1573054637724350295542570998484.tmp 
C:/qnx660/host/win32/x86/usr/bin/make.exe -j 1 -Carm -fMakefile all
make.exe[1]: Entering directory `C:/Users/hm-wiedman0/qnxMomenticsIDE/Abgabe3/arm'
C:/qnx660/host/win32/x86/usr/bin/make.exe -j 1 -Co-le-v7-g -fMakefile all
make.exe[2]: Entering directory `C:/Users/hm-wiedman0/qnxMomenticsIDE/Abgabe3/arm/o-le-v7-g'
C:/qnx660/host/win32/x86/usr/bin/qcc -Vgcc_ntoarmv7 -c  -Wc,-Wall             -I. -IC:/Users/hm-wiedman0/qnxMomenticsIDE/Abgabe3/arm/le.v7 -IC:/Users/hm-wiedman0/qnxMomenticsIDE/Abgabe3/arm/o-le-v7-g -IC:/Users/hm-wiedman0/qnxMomenticsIDE/Abgabe3/arm -IC:/Users/hm-wiedman0/qnxMomenticsIDE/Abgabe3 -IC:/qnx660/target/qnx6/usr/include    -EL      -g        -DVARIANT_le -DVARIANT_v7 -DVARIANT_g -DBUILDENV_qss  C:/Users/hm-wiedman0/qnxMomenticsIDE/Abgabe3/Abgabe3.c 
C:/Users/hm-wiedman0/qnxMomenticsIDE/Abgabe3/Abgabe3.c: In function 'waste_msecs':
C:/Users/hm-wiedman0/qnxMomenticsIDE/Abgabe3/Abgabe3.c:10:3: warning: implicit declaration of function 'oneSecMethod' [-Wimplicit-function-declaration]
C:/Users/hm-wiedman0/qnxMomenticsIDE/Abgabe3/Abgabe3.c: At top level:
C:/Users/hm-wiedman0/qnxMomenticsIDE/Abgabe3/Abgabe3.c:14:6: warning: conflicting types for 'oneSecMethod' [enabled by default]
C:/Users/hm-wiedman0/qnxMomenticsIDE/Abgabe3/Abgabe3.c:10:3: note: previous implicit declaration of 'oneSecMethod' was here
C:/qnx660/host/win32/x86/usr/bin/rm -f  C:/Users/hm-wiedman0/qnxMomenticsIDE/Abgabe3/arm/o-le-v7-g/Abgabe3_g
C:/Users/hm-wiedman0/qnxMomenticsIDE/Abgabe3/Abgabe3.c: In function 'main':
C:/Users/hm-wiedman0/qnxMomenticsIDE/Abgabe3/Abgabe3.c:46:2: warning: format '%ld' expects argument of type 'long int', but argument 2 has type 'time_t' [-Wformat]
C:/Users/hm-wiedman0/qnxMomenticsIDE/Abgabe3/Abgabe3.c:47:2: warning: format '%ld' expects argument of type 'long int', but argument 2 has type 'time_t' [-Wformat]
/usr/bin/rm: cannot remove `C:/Users/hm-wiedman0/qnxMomenticsIDE/Abgabe3/arm/o-le-v7-g/Abgabe3_g': Permission denied
make.exe[2]: Leaving directory `C:/Users/hm-wiedman0/qnxMomenticsIDE/Abgabe3/arm/o-le-v7-g'
make.exe[1]: Leaving directory `C:/Users/hm-wiedman0/qnxMomenticsIDE/Abgabe3/arm'
make.exe[2]: *** [C:/Users/hm-wiedman0/qnxMomenticsIDE/Abgabe3/arm/o-le-v7-g/Abgabe3_g] Error 1
make.exe[2]: Target `all' not remade because of errors.
make.exe[1]: [all] Error 2 (ignored)
"C:\\qnx660\\host\\win32\\x86\\usr\\bin\\make.exe" -k CPULIST=arm VARIANTLIST=g all --file=C:/Users/HM-WIE~1/AppData/Local/Temp/QMakefile15730546609885880054897392024843.tmp 
C:/qnx660/host/win32/x86/usr/bin/make.exe -j 1 -Carm -fMakefile all
make.exe[1]: Entering directory `C:/Users/hm-wiedman0/qnxMomenticsIDE/Abgabe3/arm'
C:/qnx660/host/win32/x86/usr/bin/make.exe -j 1 -Co-le-v7-g -fMakefile all
make.exe[2]: Entering directory `C:/Users/hm-wiedman0/qnxMomenticsIDE/Abgabe3/arm/o-le-v7-g'
C:/qnx660/host/win32/x86/usr/bin/qcc -Vgcc_ntoarmv7 -c  -Wc,-Wall             -I. -IC:/Users/hm-wiedman0/qnxMomenticsIDE/Abgabe3/arm/le.v7 -IC:/Users/hm-wiedman0/qnxMomenticsIDE/Abgabe3/arm/o-le-v7-g -IC:/Users/hm-wiedman0/qnxMomenticsIDE/Abgabe3/arm -IC:/Users/hm-wiedman0/qnxMomenticsIDE/Abgabe3 -IC:/qnx660/target/qnx6/usr/include    -EL      -g        -DVARIANT_le -DVARIANT_v7 -DVARIANT_g -DBUILDENV_qss  C:/Users/hm-wiedman0/qnxMomenticsIDE/Abgabe3/Abgabe3.c 
C:/Users/hm-wiedman0/qnxMomenticsIDE/Abgabe3/Abgabe3.c: In function 'waste_msecs':
C:/Users/hm-wiedman0/qnxMomenticsIDE/Abgabe3/Abgabe3.c:10:3: warning: implicit declaration of function 'oneSecMethod' [-Wimplicit-function-declaration]
C:/qnx660/host/win32/x86/usr/bin/rm -f  C:/Users/hm-wiedman0/qnxMomenticsIDE/Abgabe3/arm/o-le-v7-g/Abgabe3_g
C:/qnx660/host/win32/x86/usr/bin/qcc -Vgcc_ntoarmv7 -Wl,--no-keep-memory     -o C:/Users/hm-wiedman0/qnxMomenticsIDE/Abgabe3/arm/o-le-v7-g/Abgabe3_g    Abgabe3.o   -L . -L C:/qnx660/target/qnx6/armle-v7/lib -L C:/qnx660/target/qnx6/armle-v7/usr/lib  -Wl,--rpath-link . -Wl,--rpath-link C:/qnx660/target/qnx6/armle-v7/lib -Wl,--rpath-link C:/qnx660/target/qnx6/armle-v7/usr/lib    -EL      -g         
make.exe[2]: Leaving directory `C:/Users/hm-wiedman0/qnxMomenticsIDE/Abgabe3/arm/o-le-v7-g'
C:/Users/hm-wiedman0/qnxMomenticsIDE/Abgabe3/Abgabe3.c: At top level:
C:/Users/hm-wiedman0/qnxMomenticsIDE/Abgabe3/Abgabe3.c:14:6: warning: conflicting types for 'oneSecMethod' [enabled by default]
C:/Users/hm-wiedman0/qnxMomenticsIDE/Abgabe3/Abgabe3.c:10:3: note: previous implicit declaration of 'oneSecMethod' was here
C:/Users/hm-wiedman0/qnxMomenticsIDE/Abgabe3/Abgabe3.c: In function 'main':
C:/Users/hm-wiedman0/qnxMomenticsIDE/Abgabe3/Abgabe3.c:46:2: warning: format '%ld' expects argument of type 'long int', but argument 2 has type 'time_t' [-Wformat]
C:/Users/hm-wiedman0/qnxMomenticsIDE/Abgabe3/Abgabe3.c:47:2: warning: format '%ld' expects argument of type 'long int', but argument 2 has type 'time_t' [-Wformat]
make.exe[1]: Leaving directory `C:/Users/hm-wiedman0/qnxMomenticsIDE/Abgabe3/arm'
"C:\\qnx660\\host\\win32\\x86\\usr\\bin\\make.exe" -k CPULIST=arm VARIANTLIST=g all --file=C:/Users/HM-WIE~1/AppData/Local/Temp/QMakefile1573054677973232666546783962984.tmp 
C:/qnx660/host/win32/x86/usr/bin/make.exe -j 1 -Carm -fMakefile all
make.exe[1]: Entering directory `C:/Users/hm-wiedman0/qnxMomenticsIDE/Abgabe3/arm'
C:/qnx660/host/win32/x86/usr/bin/make.exe -j 1 -Co-le-v7-g -fMakefile all
make.exe[2]: Entering directory `C:/Users/hm-wiedman0/qnxMomenticsIDE/Abgabe3/arm/o-le-v7-g'
C:/qnx660/host/win32/x86/usr/bin/qcc -Vgcc_ntoarmv7 -c  -Wc,-Wall             -I. -IC:/Users/hm-wiedman0/qnxMomenticsIDE/Abgabe3/arm/le.v7 -IC:/Users/hm-wiedman0/qnxMomenticsIDE/Abgabe3/arm/o-le-v7-g -IC:/Users/hm-wiedman0/qnxMomenticsIDE/Abgabe3/arm -IC:/Users/hm-wiedman0/qnxMomenticsIDE/Abgabe3 -IC:/qnx660/target/qnx6/usr/include    -EL      -g        -DVARIANT_le -DVARIANT_v7 -DVARIANT_g -DBUILDENV_qss  C:/Users/hm-wiedman0/qnxMomenticsIDE/Abgabe3/Abgabe3.c 
C:/Users/hm-wiedman0/qnxMomenticsIDE/Abgabe3/Abgabe3.c: In function 'waste_msecs':
C:/Users/hm-wiedman0/qnxMomenticsIDE/Abgabe3/Abgabe3.c:10:3: warning: implicit declaration of function 'oneSecMethod' [-Wimplicit-function-declaration]
C:/qnx660/host/win32/x86/usr/bin/rm -f  C:/Users/hm-wiedman0/qnxMomenticsIDE/Abgabe3/arm/o-le-v7-g/Abgabe3_g
C:/Users/hm-wiedman0/qnxMomenticsIDE/Abgabe3/Abgabe3.c: At top level:
C:/Users/hm-wiedman0/qnxMomenticsIDE/Abgabe3/Abgabe3.c:14:6: warning: conflicting types for 'oneSecMethod' [enabled by default]
C:/Users/hm-wiedman0/qnxMomenticsIDE/Abgabe3/Abgabe3.c:10:3: note: previous implicit declaration of 'oneSecMethod' was here
C:/qnx660/host/win32/x86/usr/bin/qcc -Vgcc_ntoarmv7 -Wl,--no-keep-memory     -o C:/Users/hm-wiedman0/qnxMomenticsIDE/Abgabe3/arm/o-le-v7-g/Abgabe3_g    Abgabe3.o   -L . -L C:/qnx660/target/qnx6/armle-v7/lib -L C:/qnx660/target/qnx6/armle-v7/usr/lib  -Wl,--rpath-link . -Wl,--rpath-link C:/qnx660/target/qnx6/armle-v7/lib -Wl,--rpath-link C:/qnx660/target/qnx6/armle-v7/usr/lib    -EL      -g         
C:/Users/hm-wiedman0/qnxMomenticsIDE/Abgabe3/Abgabe3.c: In function 'main':
C:/Users/hm-wiedman0/qnxMomenticsIDE/Abgabe3/Abgabe3.c:46:2: warning: format '%ld' expects argument of type 'long int', but argument 2 has type 'time_t' [-Wformat]
C:/Users/hm-wiedman0/qnxMomenticsIDE/Abgabe3/Abgabe3.c:47:2: warning: format '%ld' expects argument of type 'long int', but argument 2 has type 'time_t' [-Wformat]
make.exe[2]: Leaving directory `C:/Users/hm-wiedman0/qnxMomenticsIDE/Abgabe3/arm/o-le-v7-g'
make.exe[1]: Leaving directory `C:/Users/hm-wiedman0/qnxMomenticsIDE/Abgabe3/arm'
"C:\\qnx660\\host\\win32\\x86\\usr\\bin\\make.exe" -k CPULIST=arm VARIANTLIST=g all --file=C:/Users/HM-WIE~1/AppData/Local/Temp/QMakefile15730547040985634772344880298619.tmp 
C:/qnx660/host/win32/x86/usr/bin/make.exe -j 1 -Carm -fMakefile all
make.exe[1]: Entering directory `C:/Users/hm-wiedman0/qnxMomenticsIDE/Abgabe3/arm'
C:/qnx660/host/win32/x86/usr/bin/make.exe -j 1 -Co-le-v7-g -fMakefile all
make.exe[2]: Entering directory `C:/Users/hm-wiedman0/qnxMomenticsIDE/Abgabe3/arm/o-le-v7-g'
C:/qnx660/host/win32/x86/usr/bin/qcc -Vgcc_ntoarmv7 -c  -Wc,-Wall             -I. -IC:/Users/hm-wiedman0/qnxMomenticsIDE/Abgabe3/arm/le.v7 -IC:/Users/hm-wiedman0/qnxMomenticsIDE/Abgabe3/arm/o-le-v7-g -IC:/Users/hm-wiedman0/qnxMomenticsIDE/Abgabe3/arm -IC:/Users/hm-wiedman0/qnxMomenticsIDE/Abgabe3 -IC:/qnx660/target/qnx6/usr/include    -EL      -g        -DVARIANT_le -DVARIANT_v7 -DVARIANT_g -DBUILDENV_qss  C:/Users/hm-wiedman0/qnxMomenticsIDE/Abgabe3/Abgabe3.c 
C:/Users/hm-wiedman0/qnxMomenticsIDE/Abgabe3/Abgabe3.c: In function 'waste_msecs':
C:/Users/hm-wiedman0/qnxMomenticsIDE/Abgabe3/Abgabe3.c:10:3: warning: implicit declaration of function 'oneSecMethod' [-Wimplicit-function-declaration]
C:/Users/hm-wiedman0/qnxMomenticsIDE/Abgabe3/Abgabe3.c: At top level:
C:/Users/hm-wiedman0/qnxMomenticsIDE/Abgabe3/Abgabe3.c:14:6: warning: conflicting types for 'oneSecMethod' [enabled by default]
C:/qnx660/host/win32/x86/usr/bin/rm -f  C:/Users/hm-wiedman0/qnxMomenticsIDE/Abgabe3/arm/o-le-v7-g/Abgabe3_g
C:/qnx660/host/win32/x86/usr/bin/qcc -Vgcc_ntoarmv7 -Wl,--no-keep-memory     -o C:/Users/hm-wiedman0/qnxMomenticsIDE/Abgabe3/arm/o-le-v7-g/Abgabe3_g    Abgabe3.o   -L . -L C:/qnx660/target/qnx6/armle-v7/lib -L C:/qnx660/target/qnx6/armle-v7/usr/lib  -Wl,--rpath-link . -Wl,--rpath-link C:/qnx660/target/qnx6/armle-v7/lib -Wl,--rpath-link C:/qnx660/target/qnx6/armle-v7/usr/lib    -EL      -g         
C:/Users/hm-wiedman0/qnxMomenticsIDE/Abgabe3/Abgabe3.c:10:3: note: previous implicit declaration of 'oneSecMethod' was here
make.exe[2]: Leaving directory `C:/Users/hm-wiedman0/qnxMomenticsIDE/Abgabe3/arm/o-le-v7-g'
make.exe[1]: Leaving directory `C:/Users/hm-wiedman0/qnxMomenticsIDE/Abgabe3/arm'
C:/Users/hm-wiedman0/qnxMomenticsIDE/Abgabe3/Abgabe3.c: In function 'main':
C:/Users/hm-wiedman0/qnxMomenticsIDE/Abgabe3/Abgabe3.c:46:2: warning: format '%ld' expects argument of type 'long int', but argument 2 has type 'time_t' [-Wformat]
C:/Users/hm-wiedman0/qnxMomenticsIDE/Abgabe3/Abgabe3.c:47:2: warning: format '%ld' expects argument of type 'long int', but argument 2 has type 'time_t' [-Wformat]
"C:\\qnx660\\host\\win32\\x86\\usr\\bin\\make.exe" -k CPULIST=arm VARIANTLIST=g all --file=C:/Users/HM-WIE~1/AppData/Local/Temp/QMakefile15730547119258420106746316063921.tmp 
C:/qnx660/host/win32/x86/usr/bin/make.exe -j 1 -Carm -fMakefile all
make.exe[1]: Entering directory `C:/Users/hm-wiedman0/qnxMomenticsIDE/Abgabe3/arm'
C:/qnx660/host/win32/x86/usr/bin/make.exe -j 1 -Co-le-v7-g -fMakefile all
make.exe[2]: Entering directory `C:/Users/hm-wiedman0/qnxMomenticsIDE/Abgabe3/arm/o-le-v7-g'
make.exe[2]: Nothing to be done for `all'.
make.exe[2]: Leaving directory `C:/Users/hm-wiedman0/qnxMomenticsIDE/Abgabe3/arm/o-le-v7-g'
make.exe[1]: Leaving directory `C:/Users/hm-wiedman0/qnxMomenticsIDE/Abgabe3/arm'
"C:\\qnx660\\host\\win32\\x86\\usr\\bin\\make.exe" -k CPULIST=arm VARIANTLIST=g all --file=C:/Users/HM-WIE~1/AppData/Local/Temp/QMakefile15730547956985608290850219159459.tmp 
C:/qnx660/host/win32/x86/usr/bin/make.exe -j 1 -Carm -fMakefile all
make.exe[1]: Entering directory `C:/Users/hm-wiedman0/qnxMomenticsIDE/Abgabe3/arm'
C:/qnx660/host/win32/x86/usr/bin/make.exe -j 1 -Co-le-v7-g -fMakefile all
make.exe[2]: Entering directory `C:/Users/hm-wiedman0/qnxMomenticsIDE/Abgabe3/arm/o-le-v7-g'
C:/qnx660/host/win32/x86/usr/bin/qcc -Vgcc_ntoarmv7 -c  -Wc,-Wall             -I. -IC:/Users/hm-wiedman0/qnxMomenticsIDE/Abgabe3/arm/le.v7 -IC:/Users/hm-wiedman0/qnxMomenticsIDE/Abgabe3/arm/o-le-v7-g -IC:/Users/hm-wiedman0/qnxMomenticsIDE/Abgabe3/arm -IC:/Users/hm-wiedman0/qnxMomenticsIDE/Abgabe3 -IC:/qnx660/target/qnx6/usr/include    -EL      -g        -DVARIANT_le -DVARIANT_v7 -DVARIANT_g -DBUILDENV_qss  C:/Users/hm-wiedman0/qnxMomenticsIDE/Abgabe3/Abgabe3.c 
C:/Users/hm-wiedman0/qnxMomenticsIDE/Abgabe3/Abgabe3.c: In function 'waste_msecs':
C:/Users/hm-wiedman0/qnxMomenticsIDE/Abgabe3/Abgabe3.c:10:3: warning: implicit declaration of function 'oneSecMethod' [-Wimplicit-function-declaration]
C:/Users/hm-wiedman0/qnxMomenticsIDE/Abgabe3/Abgabe3.c: At top level:
C:/Users/hm-wiedman0/qnxMomenticsIDE/Abgabe3/Abgabe3.c:14:6: warning: conflicting types for 'oneSecMethod' [enabled by default]
C:/Users/hm-wiedman0/qnxMomenticsIDE/Abgabe3/Abgabe3.c:10:3: note: previous implicit declaration of 'oneSecMethod' was here
C:/Users/hm-wiedman0/qnxMomenticsIDE/Abgabe3/Abgabe3.c: In function 'oneSecMethod':
C:/Users/hm-wiedman0/qnxMomenticsIDE/Abgabe3/Abgabe3.c:15:34: warning: variable 'sum' set but not used [-Wunused-but-set-variable]
C:/Users/hm-wiedman0/qnxMomenticsIDE/Abgabe3/Abgabe3.c: In function 'main':
C:/Users/hm-wiedman0/qnxMomenticsIDE/Abgabe3/Abgabe3.c:40:2: warning: format '%ld' expects argument of type 'long int', but argument 2 has type 'time_t' [-Wformat]
C:/Users/hm-wiedman0/qnxMomenticsIDE/Abgabe3/Abgabe3.c:41:2: warning: format '%ld' expects argument of type 'long int', but argument 2 has type 'time_t' [-Wformat]
C:/qnx660/host/win32/x86/usr/bin/rm -f  C:/Users/hm-wiedman0/qnxMomenticsIDE/Abgabe3/arm/o-le-v7-g/Abgabe3_g
C:/qnx660/host/win32/x86/usr/bin/qcc -Vgcc_ntoarmv7 -Wl,--no-keep-memory     -o C:/Users/hm-wiedman0/qnxMomenticsIDE/Abgabe3/arm/o-le-v7-g/Abgabe3_g    Abgabe3.o   -L . -L C:/qnx660/target/qnx6/armle-v7/lib -L C:/qnx660/target/qnx6/armle-v7/usr/lib  -Wl,--rpath-link . -Wl,--rpath-link C:/qnx660/target/qnx6/armle-v7/lib -Wl,--rpath-link C:/qnx660/target/qnx6/armle-v7/usr/lib    -EL      -g         
make.exe[2]: Leaving directory `C:/Users/hm-wiedman0/qnxMomenticsIDE/Abgabe3/arm/o-le-v7-g'
make.exe[1]: Leaving directory `C:/Users/hm-wiedman0/qnxMomenticsIDE/Abgabe3/arm'
"C:\\qnx660\\host\\win32\\x86\\usr\\bin\\make.exe" -k CPULIST=arm VARIANTLIST=g all --file=C:/Users/HM-WIE~1/AppData/Local/Temp/QMakefile15730548030347602863424773334521.tmp 
C:/qnx660/host/win32/x86/usr/bin/make.exe -j 1 -Carm -fMakefile all
make.exe[1]: Entering directory `C:/Users/hm-wiedman0/qnxMomenticsIDE/Abgabe3/arm'
C:/qnx660/host/win32/x86/usr/bin/make.exe -j 1 -Co-le-v7-g -fMakefile all
make.exe[2]: Entering directory `C:/Users/hm-wiedman0/qnxMomenticsIDE/Abgabe3/arm/o-le-v7-g'
C:/qnx660/host/win32/x86/usr/bin/qcc -Vgcc_ntoarmv7 -c  -Wc,-Wall             -I. -IC:/Users/hm-wiedman0/qnxMomenticsIDE/Abgabe3/arm/le.v7 -IC:/Users/hm-wiedman0/qnxMomenticsIDE/Abgabe3/arm/o-le-v7-g -IC:/Users/hm-wiedman0/qnxMomenticsIDE/Abgabe3/arm -IC:/Users/hm-wiedman0/qnxMomenticsIDE/Abgabe3 -IC:/qnx660/target/qnx6/usr/include    -EL      -g        -DVARIANT_le -DVARIANT_v7 -DVARIANT_g -DBUILDENV_qss  C:/Users/hm-wiedman0/qnxMomenticsIDE/Abgabe3/Abgabe3.c 
C:/Users/hm-wiedman0/qnxMomenticsIDE/Abgabe3/Abgabe3.c: In function 'waste_msecs':
C:/Users/hm-wiedman0/qnxMomenticsIDE/Abgabe3/Abgabe3.c:10:3: warning: implicit declaration of function 'oneSecMethod' [-Wimplicit-function-declaration]
C:/Users/hm-wiedman0/qnxMomenticsIDE/Abgabe3/Abgabe3.c: At top level:
C:/Users/hm-wiedman0/qnxMomenticsIDE/Abgabe3/Abgabe3.c:14:6: warning: conflicting types for 'oneSecMethod' [enabled by default]
C:/Users/hm-wiedman0/qnxMomenticsIDE/Abgabe3/Abgabe3.c:10:3: note: previous implicit declaration of 'oneSecMethod' was here
C:/Users/hm-wiedman0/qnxMomenticsIDE/Abgabe3/Abgabe3.c: In function 'oneSecMethod':
C:/Users/hm-wiedman0/qnxMomenticsIDE/Abgabe3/Abgabe3.c:15:34: warning: variable 'sum' set but not used [-Wunused-but-set-variable]
C:/Users/hm-wiedman0/qnxMomenticsIDE/Abgabe3/Abgabe3.c: In function 'main':
C:/Users/hm-wiedman0/qnxMomenticsIDE/Abgabe3/Abgabe3.c:40:2: warning: format '%ld' expects argument of type 'long int', but argument 2 has type 'time_t' [-Wformat]
C:/Users/hm-wiedman0/qnxMomenticsIDE/Abgabe3/Abgabe3.c:41:2: warning: format '%ld' expects argument of type 'long int', but argument 2 has type 'time_t' [-Wformat]
C:/qnx660/host/win32/x86/usr/bin/rm -f  C:/Users/hm-wiedman0/qnxMomenticsIDE/Abgabe3/arm/o-le-v7-g/Abgabe3_g
/usr/bin/rm: cannot remove `C:/Users/hm-wiedman0/qnxMomenticsIDE/Abgabe3/arm/o-le-v7-g/Abgabe3_g': Permission denied
make.exe[2]: Leaving directory `C:/Users/hm-wiedman0/qnxMomenticsIDE/Abgabe3/arm/o-le-v7-g'
make.exe[2]: *** [C:/Users/hm-wiedman0/qnxMomenticsIDE/Abgabe3/arm/o-le-v7-g/Abgabe3_g] Error 1
make.exe[2]: Target `all' not remade because of errors.
make.exe[1]: [all] Error 2 (ignored)
make.exe[1]: Leaving directory `C:/Users/hm-wiedman0/qnxMomenticsIDE/Abgabe3/arm'
"C:\\qnx660\\host\\win32\\x86\\usr\\bin\\make.exe" -k CPULIST=arm VARIANTLIST=g all --file=C:/Users/HM-WIE~1/AppData/Local/Temp/QMakefile15730548108915425572445642231728.tmp 
C:/qnx660/host/win32/x86/usr/bin/make.exe -j 1 -Carm -fMakefile all
make.exe[1]: Entering directory `C:/Users/hm-wiedman0/qnxMomenticsIDE/Abgabe3/arm'
C:/qnx660/host/win32/x86/usr/bin/make.exe -j 1 -Co-le-v7-g -fMakefile all
make.exe[2]: Entering directory `C:/Users/hm-wiedman0/qnxMomenticsIDE/Abgabe3/arm/o-le-v7-g'
C:/qnx660/host/win32/x86/usr/bin/rm -f  C:/Users/hm-wiedman0/qnxMomenticsIDE/Abgabe3/arm/o-le-v7-g/Abgabe3_g
C:/qnx660/host/win32/x86/usr/bin/qcc -Vgcc_ntoarmv7 -Wl,--no-keep-memory     -o C:/Users/hm-wiedman0/qnxMomenticsIDE/Abgabe3/arm/o-le-v7-g/Abgabe3_g    Abgabe3.o   -L . -L C:/qnx660/target/qnx6/armle-v7/lib -L C:/qnx660/target/qnx6/armle-v7/usr/lib  -Wl,--rpath-link . -Wl,--rpath-link C:/qnx660/target/qnx6/armle-v7/lib -Wl,--rpath-link C:/qnx660/target/qnx6/armle-v7/usr/lib    -EL      -g         
make.exe[2]: Leaving directory `C:/Users/hm-wiedman0/qnxMomenticsIDE/Abgabe3/arm/o-le-v7-g'
make.exe[1]: Leaving directory `C:/Users/hm-wiedman0/qnxMomenticsIDE/Abgabe3/arm'
"C:\\qnx660\\host\\win32\\x86\\usr\\bin\\make.exe" -k CPULIST=arm VARIANTLIST=g all --file=C:/Users/HM-WIE~1/AppData/Local/Temp/QMakefile15730548360908905411912371432521.tmp 
C:/qnx660/host/win32/x86/usr/bin/make.exe -j 1 -Carm -fMakefile all
make.exe[1]: Entering directory `C:/Users/hm-wiedman0/qnxMomenticsIDE/Abgabe3/arm'
C:/qnx660/host/win32/x86/usr/bin/make.exe -j 1 -Co-le-v7-g -fMakefile all
make.exe[2]: Entering directory `C:/Users/hm-wiedman0/qnxMomenticsIDE/Abgabe3/arm/o-le-v7-g'
C:/qnx660/host/win32/x86/usr/bin/qcc -Vgcc_ntoarmv7 -c  -Wc,-Wall             -I. -IC:/Users/hm-wiedman0/qnxMomenticsIDE/Abgabe3/arm/le.v7 -IC:/Users/hm-wiedman0/qnxMomenticsIDE/Abgabe3/arm/o-le-v7-g -IC:/Users/hm-wiedman0/qnxMomenticsIDE/Abgabe3/arm -IC:/Users/hm-wiedman0/qnxMomenticsIDE/Abgabe3 -IC:/qnx660/target/qnx6/usr/include    -EL      -g        -DVARIANT_le -DVARIANT_v7 -DVARIANT_g -DBUILDENV_qss  C:/Users/hm-wiedman0/qnxMomenticsIDE/Abgabe3/Abgabe3.c 
C:/Users/hm-wiedman0/qnxMomenticsIDE/Abgabe3/Abgabe3.c: In function 'waste_msecs':
C:/Users/hm-wiedman0/qnxMomenticsIDE/Abgabe3/Abgabe3.c:10:3: warning: implicit declaration of function 'oneSecMethod' [-Wimplicit-function-declaration]
C:/Users/hm-wiedman0/qnxMomenticsIDE/Abgabe3/Abgabe3.c: At top level:
C:/Users/hm-wiedman0/qnxMomenticsIDE/Abgabe3/Abgabe3.c:14:6: warning: conflicting types for 'oneSecMethod' [enabled by default]
C:/Users/hm-wiedman0/qnxMomenticsIDE/Abgabe3/Abgabe3.c:10:3: note: previous implicit declaration of 'oneSecMethod' was here
C:/Users/hm-wiedman0/qnxMomenticsIDE/Abgabe3/Abgabe3.c: In function 'oneSecMethod':
C:/Users/hm-wiedman0/qnxMomenticsIDE/Abgabe3/Abgabe3.c:15:34: warning: variable 'sum' set but not used [-Wunused-but-set-variable]
C:/Users/hm-wiedman0/qnxMomenticsIDE/Abgabe3/Abgabe3.c: In function 'main':
C:/Users/hm-wiedman0/qnxMomenticsIDE/Abgabe3/Abgabe3.c:40:2: warning: format '%ld' expects argument of type 'long int', but argument 2 has type 'time_t' [-Wformat]
C:/Users/hm-wiedman0/qnxMomenticsIDE/Abgabe3/Abgabe3.c:41:2: warning: format '%ld' expects argument of type 'long int', but argument 2 has type 'time_t' [-Wformat]
C:/qnx660/host/win32/x86/usr/bin/rm -f  C:/Users/hm-wiedman0/qnxMomenticsIDE/Abgabe3/arm/o-le-v7-g/Abgabe3_g
C:/qnx660/host/win32/x86/usr/bin/qcc -Vgcc_ntoarmv7 -Wl,--no-keep-memory     -o C:/Users/hm-wiedman0/qnxMomenticsIDE/Abgabe3/arm/o-le-v7-g/Abgabe3_g    Abgabe3.o   -L . -L C:/qnx660/target/qnx6/armle-v7/lib -L C:/qnx660/target/qnx6/armle-v7/usr/lib  -Wl,--rpath-link . -Wl,--rpath-link C:/qnx660/target/qnx6/armle-v7/lib -Wl,--rpath-link C:/qnx660/target/qnx6/armle-v7/usr/lib    -EL      -g         
make.exe[2]: Leaving directory `C:/Users/hm-wiedman0/qnxMomenticsIDE/Abgabe3/arm/o-le-v7-g'
make.exe[1]: Leaving directory `C:/Users/hm-wiedman0/qnxMomenticsIDE/Abgabe3/arm'
"C:\\qnx660\\host\\win32\\x86\\usr\\bin\\make.exe" -k CPULIST=arm VARIANTLIST=g all --file=C:/Users/HM-WIE~1/AppData/Local/Temp/QMakefile15730548485315883146666713966998.tmp 
C:/qnx660/host/win32/x86/usr/bin/make.exe -j 1 -Carm -fMakefile all
make.exe[1]: Entering directory `C:/Users/hm-wiedman0/qnxMomenticsIDE/Abgabe3/arm'
C:/qnx660/host/win32/x86/usr/bin/make.exe -j 1 -Co-le-v7-g -fMakefile all
make.exe[2]: Entering directory `C:/Users/hm-wiedman0/qnxMomenticsIDE/Abgabe3/arm/o-le-v7-g'
C:/qnx660/host/win32/x86/usr/bin/qcc -Vgcc_ntoarmv7 -c  -Wc,-Wall             -I. -IC:/Users/hm-wiedman0/qnxMomenticsIDE/Abgabe3/arm/le.v7 -IC:/Users/hm-wiedman0/qnxMomenticsIDE/Abgabe3/arm/o-le-v7-g -IC:/Users/hm-wiedman0/qnxMomenticsIDE/Abgabe3/arm -IC:/Users/hm-wiedman0/qnxMomenticsIDE/Abgabe3 -IC:/qnx660/target/qnx6/usr/include    -EL      -g        -DVARIANT_le -DVARIANT_v7 -DVARIANT_g -DBUILDENV_qss  C:/Users/hm-wiedman0/qnxMomenticsIDE/Abgabe3/Abgabe3.c 
C:/Users/hm-wiedman0/qnxMomenticsIDE/Abgabe3/Abgabe3.c: In function 'waste_msecs':
C:/Users/hm-wiedman0/qnxMomenticsIDE/Abgabe3/Abgabe3.c:10:3: warning: implicit declaration of function 'oneSecMethod' [-Wimplicit-function-declaration]
C:/Users/hm-wiedman0/qnxMomenticsIDE/Abgabe3/Abgabe3.c: At top level:
C:/Users/hm-wiedman0/qnxMomenticsIDE/Abgabe3/Abgabe3.c:14:6: warning: conflicting types for 'oneSecMethod' [enabled by default]
C:/Users/hm-wiedman0/qnxMomenticsIDE/Abgabe3/Abgabe3.c:10:3: note: previous implicit declaration of 'oneSecMethod' was here
C:/Users/hm-wiedman0/qnxMomenticsIDE/Abgabe3/Abgabe3.c: In function 'oneSecMethod':
C:/Users/hm-wiedman0/qnxMomenticsIDE/Abgabe3/Abgabe3.c:15:34: warning: variable 'sum' set but not used [-Wunused-but-set-variable]
C:/Users/hm-wiedman0/qnxMomenticsIDE/Abgabe3/Abgabe3.c: In function 'main':
C:/Users/hm-wiedman0/qnxMomenticsIDE/Abgabe3/Abgabe3.c:40:2: warning: format '%ld' expects argument of type 'long int', but argument 2 has type 'time_t' [-Wformat]
C:/Users/hm-wiedman0/qnxMomenticsIDE/Abgabe3/Abgabe3.c:41:2: warning: format '%ld' expects argument of type 'long int', but argument 2 has type 'time_t' [-Wformat]
C:/qnx660/host/win32/x86/usr/bin/rm -f  C:/Users/hm-wiedman0/qnxMomenticsIDE/Abgabe3/arm/o-le-v7-g/Abgabe3_g
C:/qnx660/host/win32/x86/usr/bin/qcc -Vgcc_ntoarmv7 -Wl,--no-keep-memory     -o C:/Users/hm-wiedman0/qnxMomenticsIDE/Abgabe3/arm/o-le-v7-g/Abgabe3_g    Abgabe3.o   -L . -L C:/qnx660/target/qnx6/armle-v7/lib -L C:/qnx660/target/qnx6/armle-v7/usr/lib  -Wl,--rpath-link . -Wl,--rpath-link C:/qnx660/target/qnx6/armle-v7/lib -Wl,--rpath-link C:/qnx660/target/qnx6/armle-v7/usr/lib    -EL      -g         
make.exe[2]: Leaving directory `C:/Users/hm-wiedman0/qnxMomenticsIDE/Abgabe3/arm/o-le-v7-g'
make.exe[1]: Leaving directory `C:/Users/hm-wiedman0/qnxMomenticsIDE/Abgabe3/arm'
"C:\\qnx660\\host\\win32\\x86\\usr\\bin\\make.exe" -k CPULIST=arm VARIANTLIST=g all --file=C:/Users/HM-WIE~1/AppData/Local/Temp/QMakefile15730548694588369199502161987510.tmp 
C:/qnx660/host/win32/x86/usr/bin/make.exe -j 1 -Carm -fMakefile all
make.exe[1]: Entering directory `C:/Users/hm-wiedman0/qnxMomenticsIDE/Abgabe3/arm'
C:/qnx660/host/win32/x86/usr/bin/make.exe -j 1 -Co-le-v7-g -fMakefile all
make.exe[2]: Entering directory `C:/Users/hm-wiedman0/qnxMomenticsIDE/Abgabe3/arm/o-le-v7-g'
C:/qnx660/host/win32/x86/usr/bin/qcc -Vgcc_ntoarmv7 -c  -Wc,-Wall             -I. -IC:/Users/hm-wiedman0/qnxMomenticsIDE/Abgabe3/arm/le.v7 -IC:/Users/hm-wiedman0/qnxMomenticsIDE/Abgabe3/arm/o-le-v7-g -IC:/Users/hm-wiedman0/qnxMomenticsIDE/Abgabe3/arm -IC:/Users/hm-wiedman0/qnxMomenticsIDE/Abgabe3 -IC:/qnx660/target/qnx6/usr/include    -EL      -g        -DVARIANT_le -DVARIANT_v7 -DVARIANT_g -DBUILDENV_qss  C:/Users/hm-wiedman0/qnxMomenticsIDE/Abgabe3/Abgabe3.c 
C:/Users/hm-wiedman0/qnxMomenticsIDE/Abgabe3/Abgabe3.c: In function 'waste_msecs':
C:/Users/hm-wiedman0/qnxMomenticsIDE/Abgabe3/Abgabe3.c:10:3: warning: implicit declaration of function 'oneSecMethod' [-Wimplicit-function-declaration]
C:/Users/hm-wiedman0/qnxMomenticsIDE/Abgabe3/Abgabe3.c: At top level:
C:/Users/hm-wiedman0/qnxMomenticsIDE/Abgabe3/Abgabe3.c:14:6: warning: conflicting types for 'oneSecMethod' [enabled by default]
C:/Users/hm-wiedman0/qnxMomenticsIDE/Abgabe3/Abgabe3.c:10:3: note: previous implicit declaration of 'oneSecMethod' was here
C:/Users/hm-wiedman0/qnxMomenticsIDE/Abgabe3/Abgabe3.c: In function 'oneSecMethod':
C:/Users/hm-wiedman0/qnxMomenticsIDE/Abgabe3/Abgabe3.c:15:34: warning: variable 'sum' set but not used [-Wunused-but-set-variable]
C:/Users/hm-wiedman0/qnxMomenticsIDE/Abgabe3/Abgabe3.c: In function 'main':
C:/Users/hm-wiedman0/qnxMomenticsIDE/Abgabe3/Abgabe3.c:40:2: warning: format '%ld' expects argument of type 'long int', but argument 2 has type 'time_t' [-Wformat]
C:/Users/hm-wiedman0/qnxMomenticsIDE/Abgabe3/Abgabe3.c:41:2: warning: format '%ld' expects argument of type 'long int', but argument 2 has type 'time_t' [-Wformat]
C:/qnx660/host/win32/x86/usr/bin/rm -f  C:/Users/hm-wiedman0/qnxMomenticsIDE/Abgabe3/arm/o-le-v7-g/Abgabe3_g
C:/qnx660/host/win32/x86/usr/bin/qcc -Vgcc_ntoarmv7 -Wl,--no-keep-memory     -o C:/Users/hm-wiedman0/qnxMomenticsIDE/Abgabe3/arm/o-le-v7-g/Abgabe3_g    Abgabe3.o   -L . -L C:/qnx660/target/qnx6/armle-v7/lib -L C:/qnx660/target/qnx6/armle-v7/usr/lib  -Wl,--rpath-link . -Wl,--rpath-link C:/qnx660/target/qnx6/armle-v7/lib -Wl,--rpath-link C:/qnx660/target/qnx6/armle-v7/usr/lib    -EL      -g         
make.exe[2]: Leaving directory `C:/Users/hm-wiedman0/qnxMomenticsIDE/Abgabe3/arm/o-le-v7-g'
make.exe[1]: Leaving directory `C:/Users/hm-wiedman0/qnxMomenticsIDE/Abgabe3/arm'
"C:\\qnx660\\host\\win32\\x86\\usr\\bin\\make.exe" -k CPULIST=arm VARIANTLIST=g all --file=C:/Users/HM-WIE~1/AppData/Local/Temp/QMakefile15730549491976886156079739746509.tmp 
C:/qnx660/host/win32/x86/usr/bin/make.exe -j 1 -Carm -fMakefile all
make.exe[1]: Entering directory `C:/Users/hm-wiedman0/qnxMomenticsIDE/Abgabe3/arm'
C:/qnx660/host/win32/x86/usr/bin/make.exe -j 1 -Co-le-v7-g -fMakefile all
make.exe[2]: Entering directory `C:/Users/hm-wiedman0/qnxMomenticsIDE/Abgabe3/arm/o-le-v7-g'
make.exe[2]: Nothing to be done for `all'.
make.exe[2]: Leaving directory `C:/Users/hm-wiedman0/qnxMomenticsIDE/Abgabe3/arm/o-le-v7-g'
make.exe[1]: Leaving directory `C:/Users/hm-wiedman0/qnxMomenticsIDE/Abgabe3/arm'
"C:\\qnx660\\host\\win32\\x86\\usr\\bin\\make.exe" -k CPULIST=arm VARIANTLIST=g all --file=C:/Users/HM-WIE~1/AppData/Local/Temp/QMakefile15730549568985503121871463295768.tmp 
C:/qnx660/host/win32/x86/usr/bin/make.exe -j 1 -Carm -fMakefile all
make.exe[1]: Entering directory `C:/Users/hm-wiedman0/qnxMomenticsIDE/Abgabe3/arm'
C:/qnx660/host/win32/x86/usr/bin/make.exe -j 1 -Co-le-v7-g -fMakefile all
make.exe[2]: Entering directory `C:/Users/hm-wiedman0/qnxMomenticsIDE/Abgabe3/arm/o-le-v7-g'
make.exe[2]: Nothing to be done for `all'.
make.exe[2]: Leaving directory `C:/Users/hm-wiedman0/qnxMomenticsIDE/Abgabe3/arm/o-le-v7-g'
make.exe[1]: Leaving directory `C:/Users/hm-wiedman0/qnxMomenticsIDE/Abgabe3/arm'
"C:\\qnx660\\host\\win32\\x86\\usr\\bin\\make.exe" -k CPULIST=arm VARIANTLIST=g all --file=C:/Users/HM-WIE~1/AppData/Local/Temp/QMakefile15730549753804927796171227055729.tmp 
C:/qnx660/host/win32/x86/usr/bin/make.exe -j 1 -Carm -fMakefile all
make.exe[1]: Entering directory `C:/Users/hm-wiedman0/qnxMomenticsIDE/Abgabe3/arm'
C:/qnx660/host/win32/x86/usr/bin/make.exe -j 1 -Co-le-v7-g -fMakefile all
make.exe[2]: Entering directory `C:/Users/hm-wiedman0/qnxMomenticsIDE/Abgabe3/arm/o-le-v7-g'
C:/qnx660/host/win32/x86/usr/bin/qcc -Vgcc_ntoarmv7 -c  -Wc,-Wall             -I. -IC:/Users/hm-wiedman0/qnxMomenticsIDE/Abgabe3/arm/le.v7 -IC:/Users/hm-wiedman0/qnxMomenticsIDE/Abgabe3/arm/o-le-v7-g -IC:/Users/hm-wiedman0/qnxMomenticsIDE/Abgabe3/arm -IC:/Users/hm-wiedman0/qnxMomenticsIDE/Abgabe3 -IC:/qnx660/target/qnx6/usr/include    -EL      -g        -DVARIANT_le -DVARIANT_v7 -DVARIANT_g -DBUILDENV_qss  C:/Users/hm-wiedman0/qnxMomenticsIDE/Abgabe3/Abgabe3.c 
C:/Users/hm-wiedman0/qnxMomenticsIDE/Abgabe3/Abgabe3.c: In function 'waste_msecs':
C:/Users/hm-wiedman0/qnxMomenticsIDE/Abgabe3/Abgabe3.c:10:3: warning: implicit declaration of function 'oneSecMethod' [-Wimplicit-function-declaration]
C:/Users/hm-wiedman0/qnxMomenticsIDE/Abgabe3/Abgabe3.c: At top level:
C:/Users/hm-wiedman0/qnxMomenticsIDE/Abgabe3/Abgabe3.c:14:6: warning: conflicting types for 'oneSecMethod' [enabled by default]
C:/Users/hm-wiedman0/qnxMomenticsIDE/Abgabe3/Abgabe3.c:10:3: note: previous implicit declaration of 'oneSecMethod' was here
C:/Users/hm-wiedman0/qnxMomenticsIDE/Abgabe3/Abgabe3.c: In function 'oneSecMethod':
C:/Users/hm-wiedman0/qnxMomenticsIDE/Abgabe3/Abgabe3.c:15:34: warning: variable 'sum' set but not used [-Wunused-but-set-variable]
C:/Users/hm-wiedman0/qnxMomenticsIDE/Abgabe3/Abgabe3.c: In function 'main':
C:/Users/hm-wiedman0/qnxMomenticsIDE/Abgabe3/Abgabe3.c:41:2: warning: format '%ld' expects argument of type 'long int', but argument 2 has type 'time_t' [-Wformat]
C:/Users/hm-wiedman0/qnxMomenticsIDE/Abgabe3/Abgabe3.c:42:2: warning: format '%ld' expects argument of type 'long int', but argument 2 has type 'time_t' [-Wformat]
C:/qnx660/host/win32/x86/usr/bin/rm -f  C:/Users/hm-wiedman0/qnxMomenticsIDE/Abgabe3/arm/o-le-v7-g/Abgabe3_g
C:/qnx660/host/win32/x86/usr/bin/qcc -Vgcc_ntoarmv7 -Wl,--no-keep-memory     -o C:/Users/hm-wiedman0/qnxMomenticsIDE/Abgabe3/arm/o-le-v7-g/Abgabe3_g    Abgabe3.o   -L . -L C:/qnx660/target/qnx6/armle-v7/lib -L C:/qnx660/target/qnx6/armle-v7/usr/lib  -Wl,--rpath-link . -Wl,--rpath-link C:/qnx660/target/qnx6/armle-v7/lib -Wl,--rpath-link C:/qnx660/target/qnx6/armle-v7/usr/lib    -EL      -g         
make.exe[2]: Leaving directory `C:/Users/hm-wiedman0/qnxMomenticsIDE/Abgabe3/arm/o-le-v7-g'
make.exe[1]: Leaving directory `C:/Users/hm-wiedman0/qnxMomenticsIDE/Abgabe3/arm'
"C:\\qnx660\\host\\win32\\x86\\usr\\bin\\make.exe" -k CPULIST=arm VARIANTLIST=g all --file=C:/Users/HM-WIE~1/AppData/Local/Temp/QMakefile15730549841141975902640925085082.tmp 
C:/qnx660/host/win32/x86/usr/bin/make.exe -j 1 -Carm -fMakefile all
make.exe[1]: Entering directory `C:/Users/hm-wiedman0/qnxMomenticsIDE/Abgabe3/arm'
C:/qnx660/host/win32/x86/usr/bin/make.exe -j 1 -Co-le-v7-g -fMakefile all
make.exe[2]: Entering directory `C:/Users/hm-wiedman0/qnxMomenticsIDE/Abgabe3/arm/o-le-v7-g'
make.exe[2]: Nothing to be done for `all'.
make.exe[2]: Leaving directory `C:/Users/hm-wiedman0/qnxMomenticsIDE/Abgabe3/arm/o-le-v7-g'
make.exe[1]: Leaving directory `C:/Users/hm-wiedman0/qnxMomenticsIDE/Abgabe3/arm'
"C:\\qnx660\\host\\win32\\x86\\usr\\bin\\make.exe" -k CPULIST=arm VARIANTLIST=g all --file=C:/Users/HM-WIE~1/AppData/Local/Temp/QMakefile15730550238566367460156406956808.tmp 
C:/qnx660/host/win32/x86/usr/bin/make.exe -j 1 -Carm -fMakefile all
make.exe[1]: Entering directory `C:/Users/hm-wiedman0/qnxMomenticsIDE/Abgabe3/arm'
C:/qnx660/host/win32/x86/usr/bin/make.exe -j 1 -Co-le-v7-g -fMakefile all
make.exe[2]: Entering directory `C:/Users/hm-wiedman0/qnxMomenticsIDE/Abgabe3/arm/o-le-v7-g'
C:/qnx660/host/win32/x86/usr/bin/qcc -Vgcc_ntoarmv7 -c  -Wc,-Wall             -I. -IC:/Users/hm-wiedman0/qnxMomenticsIDE/Abgabe3/arm/le.v7 -IC:/Users/hm-wiedman0/qnxMomenticsIDE/Abgabe3/arm/o-le-v7-g -IC:/Users/hm-wiedman0/qnxMomenticsIDE/Abgabe3/arm -IC:/Users/hm-wiedman0/qnxMomenticsIDE/Abgabe3 -IC:/qnx660/target/qnx6/usr/include    -EL      -g        -DVARIANT_le -DVARIANT_v7 -DVARIANT_g -DBUILDENV_qss  C:/Users/hm-wiedman0/qnxMomenticsIDE/Abgabe3/Abgabe3.c 
C:/Users/hm-wiedman0/qnxMomenticsIDE/Abgabe3/Abgabe3.c: In function 'waste_msecs':
C:/Users/hm-wiedman0/qnxMomenticsIDE/Abgabe3/Abgabe3.c:10:3: warning: implicit declaration of function 'oneSecMethod' [-Wimplicit-function-declaration]
C:/Users/hm-wiedman0/qnxMomenticsIDE/Abgabe3/Abgabe3.c: At top level:
C:/Users/hm-wiedman0/qnxMomenticsIDE/Abgabe3/Abgabe3.c:14:6: warning: conflicting types for 'oneSecMethod' [enabled by default]
C:/Users/hm-wiedman0/qnxMomenticsIDE/Abgabe3/Abgabe3.c:10:3: note: previous implicit declaration of 'oneSecMethod' was here
C:/Users/hm-wiedman0/qnxMomenticsIDE/Abgabe3/Abgabe3.c: In function 'oneSecMethod':
C:/Users/hm-wiedman0/qnxMomenticsIDE/Abgabe3/Abgabe3.c:15:34: warning: variable 'sum' set but not used [-Wunused-but-set-variable]
C:/Users/hm-wiedman0/qnxMomenticsIDE/Abgabe3/Abgabe3.c: In function 'main':
C:/Users/hm-wiedman0/qnxMomenticsIDE/Abgabe3/Abgabe3.c:42:2: warning: format '%ld' expects argument of type 'long int', but argument 2 has type 'time_t' [-Wformat]
C:/Users/hm-wiedman0/qnxMomenticsIDE/Abgabe3/Abgabe3.c:43:2: warning: format '%ld' expects argument of type 'long int', but argument 2 has type 'time_t' [-Wformat]
C:/qnx660/host/win32/x86/usr/bin/rm -f  C:/Users/hm-wiedman0/qnxMomenticsIDE/Abgabe3/arm/o-le-v7-g/Abgabe3_g
C:/qnx660/host/win32/x86/usr/bin/qcc -Vgcc_ntoarmv7 -Wl,--no-keep-memory     -o C:/Users/hm-wiedman0/qnxMomenticsIDE/Abgabe3/arm/o-le-v7-g/Abgabe3_g    Abgabe3.o   -L . -L C:/qnx660/target/qnx6/armle-v7/lib -L C:/qnx660/target/qnx6/armle-v7/usr/lib  -Wl,--rpath-link . -Wl,--rpath-link C:/qnx660/target/qnx6/armle-v7/lib -Wl,--rpath-link C:/qnx660/target/qnx6/armle-v7/usr/lib    -EL      -g         
make.exe[2]: Leaving directory `C:/Users/hm-wiedman0/qnxMomenticsIDE/Abgabe3/arm/o-le-v7-g'
make.exe[1]: Leaving directory `C:/Users/hm-wiedman0/qnxMomenticsIDE/Abgabe3/arm'
"C:\\qnx660\\host\\win32\\x86\\usr\\bin\\make.exe" -k CPULIST=arm VARIANTLIST=g all --file=C:/Users/HM-WIE~1/AppData/Local/Temp/QMakefile15730550504932806350123059540575.tmp 
C:/qnx660/host/win32/x86/usr/bin/make.exe -j 1 -Carm -fMakefile all
make.exe[1]: Entering directory `C:/Users/hm-wiedman0/qnxMomenticsIDE/Abgabe3/arm'
C:/qnx660/host/win32/x86/usr/bin/make.exe -j 1 -Co-le-v7-g -fMakefile all
make.exe[2]: Entering directory `C:/Users/hm-wiedman0/qnxMomenticsIDE/Abgabe3/arm/o-le-v7-g'
C:/qnx660/host/win32/x86/usr/bin/qcc -Vgcc_ntoarmv7 -c  -Wc,-Wall             -I. -IC:/Users/hm-wiedman0/qnxMomenticsIDE/Abgabe3/arm/le.v7 -IC:/Users/hm-wiedman0/qnxMomenticsIDE/Abgabe3/arm/o-le-v7-g -IC:/Users/hm-wiedman0/qnxMomenticsIDE/Abgabe3/arm -IC:/Users/hm-wiedman0/qnxMomenticsIDE/Abgabe3 -IC:/qnx660/target/qnx6/usr/include    -EL      -g        -DVARIANT_le -DVARIANT_v7 -DVARIANT_g -DBUILDENV_qss  C:/Users/hm-wiedman0/qnxMomenticsIDE/Abgabe3/Abgabe3.c 
C:/Users/hm-wiedman0/qnxMomenticsIDE/Abgabe3/Abgabe3.c: In function 'waste_msecs':
C:/Users/hm-wiedman0/qnxMomenticsIDE/Abgabe3/Abgabe3.c:10:3: warning: implicit declaration of function 'oneSecMethod' [-Wimplicit-function-declaration]
C:/Users/hm-wiedman0/qnxMomenticsIDE/Abgabe3/Abgabe3.c: At top level:
C:/Users/hm-wiedman0/qnxMomenticsIDE/Abgabe3/Abgabe3.c:14:6: warning: conflicting types for 'oneSecMethod' [enabled by default]
C:/Users/hm-wiedman0/qnxMomenticsIDE/Abgabe3/Abgabe3.c:10:3: note: previous implicit declaration of 'oneSecMethod' was here
C:/Users/hm-wiedman0/qnxMomenticsIDE/Abgabe3/Abgabe3.c: In function 'oneSecMethod':
C:/Users/hm-wiedman0/qnxMomenticsIDE/Abgabe3/Abgabe3.c:15:34: warning: variable 'sum' set but not used [-Wunused-but-set-variable]
C:/Users/hm-wiedman0/qnxMomenticsIDE/Abgabe3/Abgabe3.c: In function 'main':
C:/Users/hm-wiedman0/qnxMomenticsIDE/Abgabe3/Abgabe3.c:43:2: warning: format '%ld' expects argument of type 'long int', but argument 2 has type 'time_t' [-Wformat]
C:/Users/hm-wiedman0/qnxMomenticsIDE/Abgabe3/Abgabe3.c:44:2: warning: format '%ld' expects argument of type 'long int', but argument 2 has type 'time_t' [-Wformat]
C:/qnx660/host/win32/x86/usr/bin/rm -f  C:/Users/hm-wiedman0/qnxMomenticsIDE/Abgabe3/arm/o-le-v7-g/Abgabe3_g
C:/qnx660/host/win32/x86/usr/bin/qcc -Vgcc_ntoarmv7 -Wl,--no-keep-memory     -o C:/Users/hm-wiedman0/qnxMomenticsIDE/Abgabe3/arm/o-le-v7-g/Abgabe3_g    Abgabe3.o   -L . -L C:/qnx660/target/qnx6/armle-v7/lib -L C:/qnx660/target/qnx6/armle-v7/usr/lib  -Wl,--rpath-link . -Wl,--rpath-link C:/qnx660/target/qnx6/armle-v7/lib -Wl,--rpath-link C:/qnx660/target/qnx6/armle-v7/usr/lib    -EL      -g         
make.exe[2]: Leaving directory `C:/Users/hm-wiedman0/qnxMomenticsIDE/Abgabe3/arm/o-le-v7-g'
make.exe[1]: Leaving directory `C:/Users/hm-wiedman0/qnxMomenticsIDE/Abgabe3/arm'
"C:\\qnx660\\host\\win32\\x86\\usr\\bin\\make.exe" -k CPULIST=arm VARIANTLIST=g all --file=C:/Users/HM-WIE~1/AppData/Local/Temp/QMakefile15730551073674839266831320065708.tmp 
C:/qnx660/host/win32/x86/usr/bin/make.exe -j 1 -Carm -fMakefile all
make.exe[1]: Entering directory `C:/Users/hm-wiedman0/qnxMomenticsIDE/Abgabe3/arm'
C:/qnx660/host/win32/x86/usr/bin/make.exe -j 1 -Co-le-v7-g -fMakefile all
make.exe[2]: Entering directory `C:/Users/hm-wiedman0/qnxMomenticsIDE/Abgabe3/arm/o-le-v7-g'
C:/qnx660/host/win32/x86/usr/bin/qcc -Vgcc_ntoarmv7 -c  -Wc,-Wall             -I. -IC:/Users/hm-wiedman0/qnxMomenticsIDE/Abgabe3/arm/le.v7 -IC:/Users/hm-wiedman0/qnxMomenticsIDE/Abgabe3/arm/o-le-v7-g -IC:/Users/hm-wiedman0/qnxMomenticsIDE/Abgabe3/arm -IC:/Users/hm-wiedman0/qnxMomenticsIDE/Abgabe3 -IC:/qnx660/target/qnx6/usr/include    -EL      -g        -DVARIANT_le -DVARIANT_v7 -DVARIANT_g -DBUILDENV_qss  C:/Users/hm-wiedman0/qnxMomenticsIDE/Abgabe3/Abgabe3.c 
C:/Users/hm-wiedman0/qnxMomenticsIDE/Abgabe3/Abgabe3.c: In function 'waste_msecs':
C:/Users/hm-wiedman0/qnxMomenticsIDE/Abgabe3/Abgabe3.c:10:3: warning: implicit declaration of function 'oneSecMethod' [-Wimplicit-function-declaration]
C:/Users/hm-wiedman0/qnxMomenticsIDE/Abgabe3/Abgabe3.c: At top level:
C:/Users/hm-wiedman0/qnxMomenticsIDE/Abgabe3/Abgabe3.c:14:6: warning: conflicting types for 'oneSecMethod' [enabled by default]
C:/Users/hm-wiedman0/qnxMomenticsIDE/Abgabe3/Abgabe3.c:10:3: note: previous implicit declaration of 'oneSecMethod' was here
C:/Users/hm-wiedman0/qnxMomenticsIDE/Abgabe3/Abgabe3.c: In function 'oneSecMethod':
C:/Users/hm-wiedman0/qnxMomenticsIDE/Abgabe3/Abgabe3.c:15:34: warning: variable 'sum' set but not used [-Wunused-but-set-variable]
C:/Users/hm-wiedman0/qnxMomenticsIDE/Abgabe3/Abgabe3.c: In function 'main':
C:/Users/hm-wiedman0/qnxMomenticsIDE/Abgabe3/Abgabe3.c:44:2: warning: format '%ld' expects argument of type 'long int', but argument 2 has type 'time_t' [-Wformat]
C:/Users/hm-wiedman0/qnxMomenticsIDE/Abgabe3/Abgabe3.c:45:2: warning: format '%ld' expects argument of type 'long int', but argument 2 has type 'time_t' [-Wformat]
C:/qnx660/host/win32/x86/usr/bin/rm -f  C:/Users/hm-wiedman0/qnxMomenticsIDE/Abgabe3/arm/o-le-v7-g/Abgabe3_g
C:/qnx660/host/win32/x86/usr/bin/qcc -Vgcc_ntoarmv7 -Wl,--no-keep-memory     -o C:/Users/hm-wiedman0/qnxMomenticsIDE/Abgabe3/arm/o-le-v7-g/Abgabe3_g    Abgabe3.o   -L . -L C:/qnx660/target/qnx6/armle-v7/lib -L C:/qnx660/target/qnx6/armle-v7/usr/lib  -Wl,--rpath-link . -Wl,--rpath-link C:/qnx660/target/qnx6/armle-v7/lib -Wl,--rpath-link C:/qnx660/target/qnx6/armle-v7/usr/lib    -EL      -g         
make.exe[2]: Leaving directory `C:/Users/hm-wiedman0/qnxMomenticsIDE/Abgabe3/arm/o-le-v7-g'
make.exe[1]: Leaving directory `C:/Users/hm-wiedman0/qnxMomenticsIDE/Abgabe3/arm'
"C:\\qnx660\\host\\win32\\x86\\usr\\bin\\make.exe" -k CPULIST=arm VARIANTLIST=g all --file=C:/Users/HM-WIE~1/AppData/Local/Temp/QMakefile15730551672662222201175276250092.tmp 
C:/qnx660/host/win32/x86/usr/bin/make.exe -j 1 -Carm -fMakefile all
make.exe[1]: Entering directory `C:/Users/hm-wiedman0/qnxMomenticsIDE/Abgabe3/arm'
C:/qnx660/host/win32/x86/usr/bin/make.exe -j 1 -Co-le-v7-g -fMakefile all
make.exe[2]: Entering directory `C:/Users/hm-wiedman0/qnxMomenticsIDE/Abgabe3/arm/o-le-v7-g'
C:/qnx660/host/win32/x86/usr/bin/qcc -Vgcc_ntoarmv7 -c  -Wc,-Wall             -I. -IC:/Users/hm-wiedman0/qnxMomenticsIDE/Abgabe3/arm/le.v7 -IC:/Users/hm-wiedman0/qnxMomenticsIDE/Abgabe3/arm/o-le-v7-g -IC:/Users/hm-wiedman0/qnxMomenticsIDE/Abgabe3/arm -IC:/Users/hm-wiedman0/qnxMomenticsIDE/Abgabe3 -IC:/qnx660/target/qnx6/usr/include    -EL      -g        -DVARIANT_le -DVARIANT_v7 -DVARIANT_g -DBUILDENV_qss  C:/Users/hm-wiedman0/qnxMomenticsIDE/Abgabe3/Abgabe3.c 
C:/Users/hm-wiedman0/qnxMomenticsIDE/Abgabe3/Abgabe3.c: In function 'waste_msecs':
C:/Users/hm-wiedman0/qnxMomenticsIDE/Abgabe3/Abgabe3.c:10:3: warning: implicit declaration of function 'oneSecMethod' [-Wimplicit-function-declaration]
C:/Users/hm-wiedman0/qnxMomenticsIDE/Abgabe3/Abgabe3.c: At top level:
C:/Users/hm-wiedman0/qnxMomenticsIDE/Abgabe3/Abgabe3.c:14:6: warning: conflicting types for 'oneSecMethod' [enabled by default]
C:/Users/hm-wiedman0/qnxMomenticsIDE/Abgabe3/Abgabe3.c:10:3: note: previous implicit declaration of 'oneSecMethod' was here
C:/Users/hm-wiedman0/qnxMomenticsIDE/Abgabe3/Abgabe3.c: In function 'oneSecMethod':
C:/Users/hm-wiedman0/qnxMomenticsIDE/Abgabe3/Abgabe3.c:15:34: warning: variable 'sum' set but not used [-Wunused-but-set-variable]
C:/Users/hm-wiedman0/qnxMomenticsIDE/Abgabe3/Abgabe3.c: In function 'main':
C:/Users/hm-wiedman0/qnxMomenticsIDE/Abgabe3/Abgabe3.c:44:2: warning: format '%ld' expects argument of type 'long int', but argument 2 has type 'time_t' [-Wformat]
C:/Users/hm-wiedman0/qnxMomenticsIDE/Abgabe3/Abgabe3.c:45:2: warning: format '%ld' expects argument of type 'long int', but argument 2 has type 'time_t' [-Wformat]
C:/qnx660/host/win32/x86/usr/bin/rm -f  C:/Users/hm-wiedman0/qnxMomenticsIDE/Abgabe3/arm/o-le-v7-g/Abgabe3_g
C:/qnx660/host/win32/x86/usr/bin/qcc -Vgcc_ntoarmv7 -Wl,--no-keep-memory     -o C:/Users/hm-wiedman0/qnxMomenticsIDE/Abgabe3/arm/o-le-v7-g/Abgabe3_g    Abgabe3.o   -L . -L C:/qnx660/target/qnx6/armle-v7/lib -L C:/qnx660/target/qnx6/armle-v7/usr/lib  -Wl,--rpath-link . -Wl,--rpath-link C:/qnx660/target/qnx6/armle-v7/lib -Wl,--rpath-link C:/qnx660/target/qnx6/armle-v7/usr/lib    -EL      -g         
make.exe[2]: Leaving directory `C:/Users/hm-wiedman0/qnxMomenticsIDE/Abgabe3/arm/o-le-v7-g'
make.exe[1]: Leaving directory `C:/Users/hm-wiedman0/qnxMomenticsIDE/Abgabe3/arm'
"C:\\qnx660\\host\\win32\\x86\\usr\\bin\\make.exe" -k CPULIST=arm VARIANTLIST=g all --file=C:/Users/HM-WIE~1/AppData/Local/Temp/QMakefile15730552116016580713606258038121.tmp 
C:/qnx660/host/win32/x86/usr/bin/make.exe -j 1 -Carm -fMakefile all
make.exe[1]: Entering directory `C:/Users/hm-wiedman0/qnxMomenticsIDE/Abgabe3/arm'
C:/qnx660/host/win32/x86/usr/bin/make.exe -j 1 -Co-le-v7-g -fMakefile all
make.exe[2]: Entering directory `C:/Users/hm-wiedman0/qnxMomenticsIDE/Abgabe3/arm/o-le-v7-g'
C:/qnx660/host/win32/x86/usr/bin/qcc -Vgcc_ntoarmv7 -c  -Wc,-Wall             -I. -IC:/Users/hm-wiedman0/qnxMomenticsIDE/Abgabe3/arm/le.v7 -IC:/Users/hm-wiedman0/qnxMomenticsIDE/Abgabe3/arm/o-le-v7-g -IC:/Users/hm-wiedman0/qnxMomenticsIDE/Abgabe3/arm -IC:/Users/hm-wiedman0/qnxMomenticsIDE/Abgabe3 -IC:/qnx660/target/qnx6/usr/include    -EL      -g        -DVARIANT_le -DVARIANT_v7 -DVARIANT_g -DBUILDENV_qss  C:/Users/hm-wiedman0/qnxMomenticsIDE/Abgabe3/Abgabe3.c 
C:/Users/hm-wiedman0/qnxMomenticsIDE/Abgabe3/Abgabe3.c: In function 'waste_msecs':
C:/Users/hm-wiedman0/qnxMomenticsIDE/Abgabe3/Abgabe3.c:10:3: warning: implicit declaration of function 'oneSecMethod' [-Wimplicit-function-declaration]
C:/Users/hm-wiedman0/qnxMomenticsIDE/Abgabe3/Abgabe3.c: At top level:
C:/Users/hm-wiedman0/qnxMomenticsIDE/Abgabe3/Abgabe3.c:14:6: warning: conflicting types for 'oneSecMethod' [enabled by default]
C:/Users/hm-wiedman0/qnxMomenticsIDE/Abgabe3/Abgabe3.c:10:3: note: previous implicit declaration of 'oneSecMethod' was here
C:/Users/hm-wiedman0/qnxMomenticsIDE/Abgabe3/Abgabe3.c: In function 'oneSecMethod':
C:/Users/hm-wiedman0/qnxMomenticsIDE/Abgabe3/Abgabe3.c:15:34: warning: variable 'sum' set but not used [-Wunused-but-set-variable]
C:/Users/hm-wiedman0/qnxMomenticsIDE/Abgabe3/Abgabe3.c: In function 'main':
C:/Users/hm-wiedman0/qnxMomenticsIDE/Abgabe3/Abgabe3.c:44:2: warning: format '%ld' expects argument of type 'long int', but argument 2 has type 'time_t' [-Wformat]
C:/Users/hm-wiedman0/qnxMomenticsIDE/Abgabe3/Abgabe3.c:45:2: warning: format '%ld' expects argument of type 'long int', but argument 2 has type 'time_t' [-Wformat]
C:/qnx660/host/win32/x86/usr/bin/rm -f  C:/Users/hm-wiedman0/qnxMomenticsIDE/Abgabe3/arm/o-le-v7-g/Abgabe3_g
C:/qnx660/host/win32/x86/usr/bin/qcc -Vgcc_ntoarmv7 -Wl,--no-keep-memory     -o C:/Users/hm-wiedman0/qnxMomenticsIDE/Abgabe3/arm/o-le-v7-g/Abgabe3_g    Abgabe3.o   -L . -L C:/qnx660/target/qnx6/armle-v7/lib -L C:/qnx660/target/qnx6/armle-v7/usr/lib  -Wl,--rpath-link . -Wl,--rpath-link C:/qnx660/target/qnx6/armle-v7/lib -Wl,--rpath-link C:/qnx660/target/qnx6/armle-v7/usr/lib    -EL      -g         
make.exe[2]: Leaving directory `C:/Users/hm-wiedman0/qnxMomenticsIDE/Abgabe3/arm/o-le-v7-g'
make.exe[1]: Leaving directory `C:/Users/hm-wiedman0/qnxMomenticsIDE/Abgabe3/arm'
"C:\\qnx660\\host\\win32\\x86\\usr\\bin\\make.exe" -k CPULIST=arm VARIANTLIST=g all --file=C:/Users/HM-WIE~1/AppData/Local/Temp/QMakefile15730552276001253962112005349859.tmp 
C:/qnx660/host/win32/x86/usr/bin/make.exe -j 1 -Carm -fMakefile all
make.exe[1]: Entering directory `C:/Users/hm-wiedman0/qnxMomenticsIDE/Abgabe3/arm'
C:/qnx660/host/win32/x86/usr/bin/make.exe -j 1 -Co-le-v7-g -fMakefile all
make.exe[2]: Entering directory `C:/Users/hm-wiedman0/qnxMomenticsIDE/Abgabe3/arm/o-le-v7-g'
C:/qnx660/host/win32/x86/usr/bin/qcc -Vgcc_ntoarmv7 -c  -Wc,-Wall             -I. -IC:/Users/hm-wiedman0/qnxMomenticsIDE/Abgabe3/arm/le.v7 -IC:/Users/hm-wiedman0/qnxMomenticsIDE/Abgabe3/arm/o-le-v7-g -IC:/Users/hm-wiedman0/qnxMomenticsIDE/Abgabe3/arm -IC:/Users/hm-wiedman0/qnxMomenticsIDE/Abgabe3 -IC:/qnx660/target/qnx6/usr/include    -EL      -g        -DVARIANT_le -DVARIANT_v7 -DVARIANT_g -DBUILDENV_qss  C:/Users/hm-wiedman0/qnxMomenticsIDE/Abgabe3/Abgabe3.c 
C:/Users/hm-wiedman0/qnxMomenticsIDE/Abgabe3/Abgabe3.c: In function 'waste_msecs':
C:/Users/hm-wiedman0/qnxMomenticsIDE/Abgabe3/Abgabe3.c:10:3: warning: implicit declaration of function 'oneSecMethod' [-Wimplicit-function-declaration]
C:/Users/hm-wiedman0/qnxMomenticsIDE/Abgabe3/Abgabe3.c: At top level:
C:/Users/hm-wiedman0/qnxMomenticsIDE/Abgabe3/Abgabe3.c:14:6: warning: conflicting types for 'oneSecMethod' [enabled by default]
C:/Users/hm-wiedman0/qnxMomenticsIDE/Abgabe3/Abgabe3.c:10:3: note: previous implicit declaration of 'oneSecMethod' was here
C:/Users/hm-wiedman0/qnxMomenticsIDE/Abgabe3/Abgabe3.c: In function 'oneSecMethod':
C:/Users/hm-wiedman0/qnxMomenticsIDE/Abgabe3/Abgabe3.c:15:34: warning: variable 'sum' set but not used [-Wunused-but-set-variable]
C:/Users/hm-wiedman0/qnxMomenticsIDE/Abgabe3/Abgabe3.c: In function 'main':
C:/Users/hm-wiedman0/qnxMomenticsIDE/Abgabe3/Abgabe3.c:50:2: warning: format '%ld' expects argument of type 'long int', but argument 2 has type 'time_t' [-Wformat]
C:/Users/hm-wiedman0/qnxMomenticsIDE/Abgabe3/Abgabe3.c:51:2: warning: format '%ld' expects argument of type 'long int', but argument 2 has type 'time_t' [-Wformat]
C:/qnx660/host/win32/x86/usr/bin/rm -f  C:/Users/hm-wiedman0/qnxMomenticsIDE/Abgabe3/arm/o-le-v7-g/Abgabe3_g
C:/qnx660/host/win32/x86/usr/bin/qcc -Vgcc_ntoarmv7 -Wl,--no-keep-memory     -o C:/Users/hm-wiedman0/qnxMomenticsIDE/Abgabe3/arm/o-le-v7-g/Abgabe3_g    Abgabe3.o   -L . -L C:/qnx660/target/qnx6/armle-v7/lib -L C:/qnx660/target/qnx6/armle-v7/usr/lib  -Wl,--rpath-link . -Wl,--rpath-link C:/qnx660/target/qnx6/armle-v7/lib -Wl,--rpath-link C:/qnx660/target/qnx6/armle-v7/usr/lib    -EL      -g         
make.exe[2]: Leaving directory `C:/Users/hm-wiedman0/qnxMomenticsIDE/Abgabe3/arm/o-le-v7-g'
make.exe[1]: Leaving directory `C:/Users/hm-wiedman0/qnxMomenticsIDE/Abgabe3/arm'
"C:\\qnx660\\host\\win32\\x86\\usr\\bin\\make.exe" -k CPULIST=arm VARIANTLIST=g all --file=C:/Users/HM-WIE~1/AppData/Local/Temp/QMakefile15730552527051169916307213348313.tmp 
C:/qnx660/host/win32/x86/usr/bin/make.exe -j 1 -Carm -fMakefile all
make.exe[1]: Entering directory `C:/Users/hm-wiedman0/qnxMomenticsIDE/Abgabe3/arm'
C:/qnx660/host/win32/x86/usr/bin/make.exe -j 1 -Co-le-v7-g -fMakefile all
make.exe[2]: Entering directory `C:/Users/hm-wiedman0/qnxMomenticsIDE/Abgabe3/arm/o-le-v7-g'
C:/qnx660/host/win32/x86/usr/bin/qcc -Vgcc_ntoarmv7 -c  -Wc,-Wall             -I. -IC:/Users/hm-wiedman0/qnxMomenticsIDE/Abgabe3/arm/le.v7 -IC:/Users/hm-wiedman0/qnxMomenticsIDE/Abgabe3/arm/o-le-v7-g -IC:/Users/hm-wiedman0/qnxMomenticsIDE/Abgabe3/arm -IC:/Users/hm-wiedman0/qnxMomenticsIDE/Abgabe3 -IC:/qnx660/target/qnx6/usr/include    -EL      -g        -DVARIANT_le -DVARIANT_v7 -DVARIANT_g -DBUILDENV_qss  C:/Users/hm-wiedman0/qnxMomenticsIDE/Abgabe3/Abgabe3.c 
C:/Users/hm-wiedman0/qnxMomenticsIDE/Abgabe3/Abgabe3.c: In function 'waste_msecs':
C:/Users/hm-wiedman0/qnxMomenticsIDE/Abgabe3/Abgabe3.c:10:3: warning: implicit declaration of function 'oneSecMethod' [-Wimplicit-function-declaration]
C:/Users/hm-wiedman0/qnxMomenticsIDE/Abgabe3/Abgabe3.c: At top level:
C:/Users/hm-wiedman0/qnxMomenticsIDE/Abgabe3/Abgabe3.c:14:6: warning: conflicting types for 'oneSecMethod' [enabled by default]
C:/Users/hm-wiedman0/qnxMomenticsIDE/Abgabe3/Abgabe3.c:10:3: note: previous implicit declaration of 'oneSecMethod' was here
C:/Users/hm-wiedman0/qnxMomenticsIDE/Abgabe3/Abgabe3.c: In function 'oneSecMethod':
C:/Users/hm-wiedman0/qnxMomenticsIDE/Abgabe3/Abgabe3.c:15:34: warning: variable 'sum' set but not used [-Wunused-but-set-variable]
C:/Users/hm-wiedman0/qnxMomenticsIDE/Abgabe3/Abgabe3.c: In function 'main':
C:/Users/hm-wiedman0/qnxMomenticsIDE/Abgabe3/Abgabe3.c:62:2: warning: format '%ld' expects argument of type 'long int', but argument 2 has type 'time_t' [-Wformat]
C:/Users/hm-wiedman0/qnxMomenticsIDE/Abgabe3/Abgabe3.c:63:2: warning: format '%ld' expects argument of type 'long int', but argument 2 has type 'time_t' [-Wformat]
C:/qnx660/host/win32/x86/usr/bin/rm -f  C:/Users/hm-wiedman0/qnxMomenticsIDE/Abgabe3/arm/o-le-v7-g/Abgabe3_g
C:/qnx660/host/win32/x86/usr/bin/qcc -Vgcc_ntoarmv7 -Wl,--no-keep-memory     -o C:/Users/hm-wiedman0/qnxMomenticsIDE/Abgabe3/arm/o-le-v7-g/Abgabe3_g    Abgabe3.o   -L . -L C:/qnx660/target/qnx6/armle-v7/lib -L C:/qnx660/target/qnx6/armle-v7/usr/lib  -Wl,--rpath-link . -Wl,--rpath-link C:/qnx660/target/qnx6/armle-v7/lib -Wl,--rpath-link C:/qnx660/target/qnx6/armle-v7/usr/lib    -EL      -g         
make.exe[2]: Leaving directory `C:/Users/hm-wiedman0/qnxMomenticsIDE/Abgabe3/arm/o-le-v7-g'
make.exe[1]: Leaving directory `C:/Users/hm-wiedman0/qnxMomenticsIDE/Abgabe3/arm'
"C:\\qnx660\\host\\win32\\x86\\usr\\bin\\make.exe" -k CPULIST=arm VARIANTLIST=g all --file=C:/Users/HM-WIE~1/AppData/Local/Temp/QMakefile15730552782758464718095396101305.tmp 
C:/qnx660/host/win32/x86/usr/bin/make.exe -j 1 -Carm -fMakefile all
make.exe[1]: Entering directory `C:/Users/hm-wiedman0/qnxMomenticsIDE/Abgabe3/arm'
C:/qnx660/host/win32/x86/usr/bin/make.exe -j 1 -Co-le-v7-g -fMakefile all
make.exe[2]: Entering directory `C:/Users/hm-wiedman0/qnxMomenticsIDE/Abgabe3/arm/o-le-v7-g'
C:/qnx660/host/win32/x86/usr/bin/qcc -Vgcc_ntoarmv7 -c  -Wc,-Wall             -I. -IC:/Users/hm-wiedman0/qnxMomenticsIDE/Abgabe3/arm/le.v7 -IC:/Users/hm-wiedman0/qnxMomenticsIDE/Abgabe3/arm/o-le-v7-g -IC:/Users/hm-wiedman0/qnxMomenticsIDE/Abgabe3/arm -IC:/Users/hm-wiedman0/qnxMomenticsIDE/Abgabe3 -IC:/qnx660/target/qnx6/usr/include    -EL      -g        -DVARIANT_le -DVARIANT_v7 -DVARIANT_g -DBUILDENV_qss  C:/Users/hm-wiedman0/qnxMomenticsIDE/Abgabe3/Abgabe3.c 
C:/Users/hm-wiedman0/qnxMomenticsIDE/Abgabe3/Abgabe3.c: In function 'waste_msecs':
C:/Users/hm-wiedman0/qnxMomenticsIDE/Abgabe3/Abgabe3.c:10:3: warning: implicit declaration of function 'oneSecMethod' [-Wimplicit-function-declaration]
C:/Users/hm-wiedman0/qnxMomenticsIDE/Abgabe3/Abgabe3.c: At top level:
C:/Users/hm-wiedman0/qnxMomenticsIDE/Abgabe3/Abgabe3.c:14:6: warning: conflicting types for 'oneSecMethod' [enabled by default]
C:/Users/hm-wiedman0/qnxMomenticsIDE/Abgabe3/Abgabe3.c:10:3: note: previous implicit declaration of 'oneSecMethod' was here
C:/Users/hm-wiedman0/qnxMomenticsIDE/Abgabe3/Abgabe3.c: In function 'oneSecMethod':
C:/Users/hm-wiedman0/qnxMomenticsIDE/Abgabe3/Abgabe3.c:15:34: warning: variable 'sum' set but not used [-Wunused-but-set-variable]
C:/Users/hm-wiedman0/qnxMomenticsIDE/Abgabe3/Abgabe3.c: In function 'main':
C:/Users/hm-wiedman0/qnxMomenticsIDE/Abgabe3/Abgabe3.c:42:2: warning: format '%ld' expects argument of type 'long int', but argument 2 has type 'time_t' [-Wformat]
C:/Users/hm-wiedman0/qnxMomenticsIDE/Abgabe3/Abgabe3.c:43:2: warning: format '%ld' expects argument of type 'long int', but argument 2 has type 'time_t' [-Wformat]
C:/qnx660/host/win32/x86/usr/bin/rm -f  C:/Users/hm-wiedman0/qnxMomenticsIDE/Abgabe3/arm/o-le-v7-g/Abgabe3_g
C:/qnx660/host/win32/x86/usr/bin/qcc -Vgcc_ntoarmv7 -Wl,--no-keep-memory     -o C:/Users/hm-wiedman0/qnxMomenticsIDE/Abgabe3/arm/o-le-v7-g/Abgabe3_g    Abgabe3.o   -L . -L C:/qnx660/target/qnx6/armle-v7/lib -L C:/qnx660/target/qnx6/armle-v7/usr/lib  -Wl,--rpath-link . -Wl,--rpath-link C:/qnx660/target/qnx6/armle-v7/lib -Wl,--rpath-link C:/qnx660/target/qnx6/armle-v7/usr/lib    -EL      -g         
make.exe[2]: Leaving directory `C:/Users/hm-wiedman0/qnxMomenticsIDE/Abgabe3/arm/o-le-v7-g'
make.exe[1]: Leaving directory `C:/Users/hm-wiedman0/qnxMomenticsIDE/Abgabe3/arm'
"C:\\qnx660\\host\\win32\\x86\\usr\\bin\\make.exe" -k CPULIST=arm VARIANTLIST=g all --file=C:/Users/HM-WIE~1/AppData/Local/Temp/QMakefile15730552991375160986588774703492.tmp 
C:/qnx660/host/win32/x86/usr/bin/make.exe -j 1 -Carm -fMakefile all
make.exe[1]: Entering directory `C:/Users/hm-wiedman0/qnxMomenticsIDE/Abgabe3/arm'
C:/qnx660/host/win32/x86/usr/bin/make.exe -j 1 -Co-le-v7-g -fMakefile all
make.exe[2]: Entering directory `C:/Users/hm-wiedman0/qnxMomenticsIDE/Abgabe3/arm/o-le-v7-g'
C:/qnx660/host/win32/x86/usr/bin/qcc -Vgcc_ntoarmv7 -c  -Wc,-Wall             -I. -IC:/Users/hm-wiedman0/qnxMomenticsIDE/Abgabe3/arm/le.v7 -IC:/Users/hm-wiedman0/qnxMomenticsIDE/Abgabe3/arm/o-le-v7-g -IC:/Users/hm-wiedman0/qnxMomenticsIDE/Abgabe3/arm -IC:/Users/hm-wiedman0/qnxMomenticsIDE/Abgabe3 -IC:/qnx660/target/qnx6/usr/include    -EL      -g        -DVARIANT_le -DVARIANT_v7 -DVARIANT_g -DBUILDENV_qss  C:/Users/hm-wiedman0/qnxMomenticsIDE/Abgabe3/Abgabe3.c 
C:/Users/hm-wiedman0/qnxMomenticsIDE/Abgabe3/Abgabe3.c: In function 'waste_msecs':
C:/Users/hm-wiedman0/qnxMomenticsIDE/Abgabe3/Abgabe3.c:10:3: warning: implicit declaration of function 'oneSecMethod' [-Wimplicit-function-declaration]
C:/Users/hm-wiedman0/qnxMomenticsIDE/Abgabe3/Abgabe3.c: At top level:
C:/Users/hm-wiedman0/qnxMomenticsIDE/Abgabe3/Abgabe3.c:14:6: warning: conflicting types for 'oneSecMethod' [enabled by default]
C:/Users/hm-wiedman0/qnxMomenticsIDE/Abgabe3/Abgabe3.c:10:3: note: previous implicit declaration of 'oneSecMethod' was here
C:/Users/hm-wiedman0/qnxMomenticsIDE/Abgabe3/Abgabe3.c: In function 'oneSecMethod':
C:/Users/hm-wiedman0/qnxMomenticsIDE/Abgabe3/Abgabe3.c:15:34: warning: variable 'sum' set but not used [-Wunused-but-set-variable]
C:/Users/hm-wiedman0/qnxMomenticsIDE/Abgabe3/Abgabe3.c: In function 'main':
C:/Users/hm-wiedman0/qnxMomenticsIDE/Abgabe3/Abgabe3.c:48:2: warning: format '%ld' expects argument of type 'long int', but argument 2 has type 'time_t' [-Wformat]
C:/Users/hm-wiedman0/qnxMomenticsIDE/Abgabe3/Abgabe3.c:49:2: warning: format '%ld' expects argument of type 'long int', but argument 2 has type 'time_t' [-Wformat]
C:/qnx660/host/win32/x86/usr/bin/rm -f  C:/Users/hm-wiedman0/qnxMomenticsIDE/Abgabe3/arm/o-le-v7-g/Abgabe3_g
C:/qnx660/host/win32/x86/usr/bin/qcc -Vgcc_ntoarmv7 -Wl,--no-keep-memory     -o C:/Users/hm-wiedman0/qnxMomenticsIDE/Abgabe3/arm/o-le-v7-g/Abgabe3_g    Abgabe3.o   -L . -L C:/qnx660/target/qnx6/armle-v7/lib -L C:/qnx660/target/qnx6/armle-v7/usr/lib  -Wl,--rpath-link . -Wl,--rpath-link C:/qnx660/target/qnx6/armle-v7/lib -Wl,--rpath-link C:/qnx660/target/qnx6/armle-v7/usr/lib    -EL      -g         
make.exe[2]: Leaving directory `C:/Users/hm-wiedman0/qnxMomenticsIDE/Abgabe3/arm/o-le-v7-g'
make.exe[1]: Leaving directory `C:/Users/hm-wiedman0/qnxMomenticsIDE/Abgabe3/arm'
"C:\\qnx660\\host\\win32\\x86\\usr\\bin\\make.exe" -k CPULIST=arm VARIANTLIST=g all --file=C:/Users/HM-WIE~1/AppData/Local/Temp/QMakefile15730553224255293857035345793000.tmp 
C:/qnx660/host/win32/x86/usr/bin/make.exe -j 1 -Carm -fMakefile all
make.exe[1]: Entering directory `C:/Users/hm-wiedman0/qnxMomenticsIDE/Abgabe3/arm'
C:/qnx660/host/win32/x86/usr/bin/make.exe -j 1 -Co-le-v7-g -fMakefile all
make.exe[2]: Entering directory `C:/Users/hm-wiedman0/qnxMomenticsIDE/Abgabe3/arm/o-le-v7-g'
C:/qnx660/host/win32/x86/usr/bin/qcc -Vgcc_ntoarmv7 -c  -Wc,-Wall             -I. -IC:/Users/hm-wiedman0/qnxMomenticsIDE/Abgabe3/arm/le.v7 -IC:/Users/hm-wiedman0/qnxMomenticsIDE/Abgabe3/arm/o-le-v7-g -IC:/Users/hm-wiedman0/qnxMomenticsIDE/Abgabe3/arm -IC:/Users/hm-wiedman0/qnxMomenticsIDE/Abgabe3 -IC:/qnx660/target/qnx6/usr/include    -EL      -g        -DVARIANT_le -DVARIANT_v7 -DVARIANT_g -DBUILDENV_qss  C:/Users/hm-wiedman0/qnxMomenticsIDE/Abgabe3/Abgabe3.c 
C:/Users/hm-wiedman0/qnxMomenticsIDE/Abgabe3/Abgabe3.c: In function 'waste_msecs':
C:/Users/hm-wiedman0/qnxMomenticsIDE/Abgabe3/Abgabe3.c:10:3: warning: implicit declaration of function 'oneSecMethod' [-Wimplicit-function-declaration]
C:/Users/hm-wiedman0/qnxMomenticsIDE/Abgabe3/Abgabe3.c: At top level:
C:/Users/hm-wiedman0/qnxMomenticsIDE/Abgabe3/Abgabe3.c:14:6: warning: conflicting types for 'oneSecMethod' [enabled by default]
C:/Users/hm-wiedman0/qnxMomenticsIDE/Abgabe3/Abgabe3.c:10:3: note: previous implicit declaration of 'oneSecMethod' was here
C:/Users/hm-wiedman0/qnxMomenticsIDE/Abgabe3/Abgabe3.c: In function 'oneSecMethod':
C:/Users/hm-wiedman0/qnxMomenticsIDE/Abgabe3/Abgabe3.c:15:34: warning: variable 'sum' set but not used [-Wunused-but-set-variable]
C:/Users/hm-wiedman0/qnxMomenticsIDE/Abgabe3/Abgabe3.c: In function 'main':
C:/Users/hm-wiedman0/qnxMomenticsIDE/Abgabe3/Abgabe3.c:51:2: warning: format '%ld' expects argument of type 'long int', but argument 2 has type 'time_t' [-Wformat]
C:/Users/hm-wiedman0/qnxMomenticsIDE/Abgabe3/Abgabe3.c:52:2: warning: format '%ld' expects argument of type 'long int', but argument 2 has type 'time_t' [-Wformat]
C:/qnx660/host/win32/x86/usr/bin/rm -f  C:/Users/hm-wiedman0/qnxMomenticsIDE/Abgabe3/arm/o-le-v7-g/Abgabe3_g
C:/qnx660/host/win32/x86/usr/bin/qcc -Vgcc_ntoarmv7 -Wl,--no-keep-memory     -o C:/Users/hm-wiedman0/qnxMomenticsIDE/Abgabe3/arm/o-le-v7-g/Abgabe3_g    Abgabe3.o   -L . -L C:/qnx660/target/qnx6/armle-v7/lib -L C:/qnx660/target/qnx6/armle-v7/usr/lib  -Wl,--rpath-link . -Wl,--rpath-link C:/qnx660/target/qnx6/armle-v7/lib -Wl,--rpath-link C:/qnx660/target/qnx6/armle-v7/usr/lib    -EL      -g         
make.exe[2]: Leaving directory `C:/Users/hm-wiedman0/qnxMomenticsIDE/Abgabe3/arm/o-le-v7-g'
make.exe[1]: Leaving directory `C:/Users/hm-wiedman0/qnxMomenticsIDE/Abgabe3/arm'
"C:\\qnx660\\host\\win32\\x86\\usr\\bin\\make.exe" -k CPULIST=arm VARIANTLIST=g all --file=C:/Users/HM-WIE~1/AppData/Local/Temp/QMakefile15730553632655644867382896152655.tmp 
C:/qnx660/host/win32/x86/usr/bin/make.exe -j 1 -Carm -fMakefile all
make.exe[1]: Entering directory `C:/Users/hm-wiedman0/qnxMomenticsIDE/Abgabe3/arm'
C:/qnx660/host/win32/x86/usr/bin/make.exe -j 1 -Co-le-v7-g -fMakefile all
make.exe[2]: Entering directory `C:/Users/hm-wiedman0/qnxMomenticsIDE/Abgabe3/arm/o-le-v7-g'
C:/qnx660/host/win32/x86/usr/bin/qcc -Vgcc_ntoarmv7 -c  -Wc,-Wall             -I. -IC:/Users/hm-wiedman0/qnxMomenticsIDE/Abgabe3/arm/le.v7 -IC:/Users/hm-wiedman0/qnxMomenticsIDE/Abgabe3/arm/o-le-v7-g -IC:/Users/hm-wiedman0/qnxMomenticsIDE/Abgabe3/arm -IC:/Users/hm-wiedman0/qnxMomenticsIDE/Abgabe3 -IC:/qnx660/target/qnx6/usr/include    -EL      -g        -DVARIANT_le -DVARIANT_v7 -DVARIANT_g -DBUILDENV_qss  C:/Users/hm-wiedman0/qnxMomenticsIDE/Abgabe3/Abgabe3.c 
C:/Users/hm-wiedman0/qnxMomenticsIDE/Abgabe3/Abgabe3.c: In function 'waste_msecs':
C:/Users/hm-wiedman0/qnxMomenticsIDE/Abgabe3/Abgabe3.c:10:3: warning: implicit declaration of function 'oneSecMethod' [-Wimplicit-function-declaration]
C:/Users/hm-wiedman0/qnxMomenticsIDE/Abgabe3/Abgabe3.c: At top level:
C:/Users/hm-wiedman0/qnxMomenticsIDE/Abgabe3/Abgabe3.c:14:6: warning: conflicting types for 'oneSecMethod' [enabled by default]
C:/Users/hm-wiedman0/qnxMomenticsIDE/Abgabe3/Abgabe3.c:10:3: note: previous implicit declaration of 'oneSecMethod' was here
C:/Users/hm-wiedman0/qnxMomenticsIDE/Abgabe3/Abgabe3.c: In function 'oneSecMethod':
C:/Users/hm-wiedman0/qnxMomenticsIDE/Abgabe3/Abgabe3.c:15:34: warning: variable 'sum' set but not used [-Wunused-but-set-variable]
C:/Users/hm-wiedman0/qnxMomenticsIDE/Abgabe3/Abgabe3.c: In function 'main':
C:/Users/hm-wiedman0/qnxMomenticsIDE/Abgabe3/Abgabe3.c:51:2: warning: format '%ld' expects argument of type 'long int', but argument 2 has type 'time_t' [-Wformat]
C:/Users/hm-wiedman0/qnxMomenticsIDE/Abgabe3/Abgabe3.c:52:2: warning: format '%ld' expects argument of type 'long int', but argument 2 has type 'time_t' [-Wformat]
C:/qnx660/host/win32/x86/usr/bin/rm -f  C:/Users/hm-wiedman0/qnxMomenticsIDE/Abgabe3/arm/o-le-v7-g/Abgabe3_g
C:/qnx660/host/win32/x86/usr/bin/qcc -Vgcc_ntoarmv7 -Wl,--no-keep-memory     -o C:/Users/hm-wiedman0/qnxMomenticsIDE/Abgabe3/arm/o-le-v7-g/Abgabe3_g    Abgabe3.o   -L . -L C:/qnx660/target/qnx6/armle-v7/lib -L C:/qnx660/target/qnx6/armle-v7/usr/lib  -Wl,--rpath-link . -Wl,--rpath-link C:/qnx660/target/qnx6/armle-v7/lib -Wl,--rpath-link C:/qnx660/target/qnx6/armle-v7/usr/lib    -EL      -g         
make.exe[2]: Leaving directory `C:/Users/hm-wiedman0/qnxMomenticsIDE/Abgabe3/arm/o-le-v7-g'
make.exe[1]: Leaving directory `C:/Users/hm-wiedman0/qnxMomenticsIDE/Abgabe3/arm'
"C:\\qnx660\\host\\win32\\x86\\usr\\bin\\make.exe" -k CPULIST=arm VARIANTLIST=g all --file=C:/Users/HM-WIE~1/AppData/Local/Temp/QMakefile15730553763773909238109349612958.tmp 
C:/qnx660/host/win32/x86/usr/bin/make.exe -j 1 -Carm -fMakefile all
make.exe[1]: Entering directory `C:/Users/hm-wiedman0/qnxMomenticsIDE/Abgabe3/arm'
C:/qnx660/host/win32/x86/usr/bin/make.exe -j 1 -Co-le-v7-g -fMakefile all
make.exe[2]: Entering directory `C:/Users/hm-wiedman0/qnxMomenticsIDE/Abgabe3/arm/o-le-v7-g'
C:/qnx660/host/win32/x86/usr/bin/qcc -Vgcc_ntoarmv7 -c  -Wc,-Wall             -I. -IC:/Users/hm-wiedman0/qnxMomenticsIDE/Abgabe3/arm/le.v7 -IC:/Users/hm-wiedman0/qnxMomenticsIDE/Abgabe3/arm/o-le-v7-g -IC:/Users/hm-wiedman0/qnxMomenticsIDE/Abgabe3/arm -IC:/Users/hm-wiedman0/qnxMomenticsIDE/Abgabe3 -IC:/qnx660/target/qnx6/usr/include    -EL      -g        -DVARIANT_le -DVARIANT_v7 -DVARIANT_g -DBUILDENV_qss  C:/Users/hm-wiedman0/qnxMomenticsIDE/Abgabe3/Abgabe3.c 
C:/Users/hm-wiedman0/qnxMomenticsIDE/Abgabe3/Abgabe3.c: In function 'waste_msecs':
C:/Users/hm-wiedman0/qnxMomenticsIDE/Abgabe3/Abgabe3.c:10:3: warning: implicit declaration of function 'oneSecMethod' [-Wimplicit-function-declaration]
C:/Users/hm-wiedman0/qnxMomenticsIDE/Abgabe3/Abgabe3.c: At top level:
C:/Users/hm-wiedman0/qnxMomenticsIDE/Abgabe3/Abgabe3.c:14:6: warning: conflicting types for 'oneSecMethod' [enabled by default]
C:/Users/hm-wiedman0/qnxMomenticsIDE/Abgabe3/Abgabe3.c:10:3: note: previous implicit declaration of 'oneSecMethod' was here
C:/Users/hm-wiedman0/qnxMomenticsIDE/Abgabe3/Abgabe3.c: In function 'oneSecMethod':
C:/Users/hm-wiedman0/qnxMomenticsIDE/Abgabe3/Abgabe3.c:15:34: warning: variable 'sum' set but not used [-Wunused-but-set-variable]
C:/Users/hm-wiedman0/qnxMomenticsIDE/Abgabe3/Abgabe3.c: In function 'main':
C:/Users/hm-wiedman0/qnxMomenticsIDE/Abgabe3/Abgabe3.c:48:2: warning: format '%ld' expects argument of type 'long int', but argument 2 has type 'time_t' [-Wformat]
C:/Users/hm-wiedman0/qnxMomenticsIDE/Abgabe3/Abgabe3.c:49:2: warning: format '%ld' expects argument of type 'long int', but argument 2 has type 'time_t' [-Wformat]
C:/qnx660/host/win32/x86/usr/bin/rm -f  C:/Users/hm-wiedman0/qnxMomenticsIDE/Abgabe3/arm/o-le-v7-g/Abgabe3_g
/usr/bin/rm: cannot remove `C:/Users/hm-wiedman0/qnxMomenticsIDE/Abgabe3/arm/o-le-v7-g/Abgabe3_g': Permission denied
make.exe[2]: Leaving directory `C:/Users/hm-wiedman0/qnxMomenticsIDE/Abgabe3/arm/o-le-v7-g'
make.exe[2]: *** [C:/Users/hm-wiedman0/qnxMomenticsIDE/Abgabe3/arm/o-le-v7-g/Abgabe3_g] Error 1
make.exe[2]: Target `all' not remade because of errors.
make.exe[1]: [all] Error 2 (ignored)
make.exe[1]: Leaving directory `C:/Users/hm-wiedman0/qnxMomenticsIDE/Abgabe3/arm'
"C:\\qnx660\\host\\win32\\x86\\usr\\bin\\make.exe" -k CPULIST=arm VARIANTLIST=g all --file=C:/Users/HM-WIE~1/AppData/Local/Temp/QMakefile15730553974874625380748750285003.tmp 
C:/qnx660/host/win32/x86/usr/bin/make.exe -j 1 -Carm -fMakefile all
make.exe[1]: Entering directory `C:/Users/hm-wiedman0/qnxMomenticsIDE/Abgabe3/arm'
C:/qnx660/host/win32/x86/usr/bin/make.exe -j 1 -Co-le-v7-g -fMakefile all
make.exe[2]: Entering directory `C:/Users/hm-wiedman0/qnxMomenticsIDE/Abgabe3/arm/o-le-v7-g'
C:/qnx660/host/win32/x86/usr/bin/qcc -Vgcc_ntoarmv7 -c  -Wc,-Wall             -I. -IC:/Users/hm-wiedman0/qnxMomenticsIDE/Abgabe3/arm/le.v7 -IC:/Users/hm-wiedman0/qnxMomenticsIDE/Abgabe3/arm/o-le-v7-g -IC:/Users/hm-wiedman0/qnxMomenticsIDE/Abgabe3/arm -IC:/Users/hm-wiedman0/qnxMomenticsIDE/Abgabe3 -IC:/qnx660/target/qnx6/usr/include    -EL      -g        -DVARIANT_le -DVARIANT_v7 -DVARIANT_g -DBUILDENV_qss  C:/Users/hm-wiedman0/qnxMomenticsIDE/Abgabe3/Abgabe3.c 
C:/Users/hm-wiedman0/qnxMomenticsIDE/Abgabe3/Abgabe3.c: In function 'waste_msecs':
C:/Users/hm-wiedman0/qnxMomenticsIDE/Abgabe3/Abgabe3.c:10:3: warning: implicit declaration of function 'oneSecMethod' [-Wimplicit-function-declaration]
C:/Users/hm-wiedman0/qnxMomenticsIDE/Abgabe3/Abgabe3.c: At top level:
C:/Users/hm-wiedman0/qnxMomenticsIDE/Abgabe3/Abgabe3.c:14:6: warning: conflicting types for 'oneSecMethod' [enabled by default]
C:/Users/hm-wiedman0/qnxMomenticsIDE/Abgabe3/Abgabe3.c:10:3: note: previous implicit declaration of 'oneSecMethod' was here
C:/Users/hm-wiedman0/qnxMomenticsIDE/Abgabe3/Abgabe3.c: In function 'oneSecMethod':
C:/Users/hm-wiedman0/qnxMomenticsIDE/Abgabe3/Abgabe3.c:15:34: warning: variable 'sum' set but not used [-Wunused-but-set-variable]
C:/Users/hm-wiedman0/qnxMomenticsIDE/Abgabe3/Abgabe3.c: In function 'main':
C:/Users/hm-wiedman0/qnxMomenticsIDE/Abgabe3/Abgabe3.c:51:2: warning: format '%ld' expects argument of type 'long int', but argument 2 has type 'time_t' [-Wformat]
C:/Users/hm-wiedman0/qnxMomenticsIDE/Abgabe3/Abgabe3.c:52:2: warning: format '%ld' expects argument of type 'long int', but argument 2 has type 'time_t' [-Wformat]
C:/qnx660/host/win32/x86/usr/bin/rm -f  C:/Users/hm-wiedman0/qnxMomenticsIDE/Abgabe3/arm/o-le-v7-g/Abgabe3_g
/usr/bin/rm: cannot remove `C:/Users/hm-wiedman0/qnxMomenticsIDE/Abgabe3/arm/o-le-v7-g/Abgabe3_g': Permission denied
make.exe[2]: Leaving directory `C:/Users/hm-wiedman0/qnxMomenticsIDE/Abgabe3/arm/o-le-v7-g'
make.exe[2]: *** [C:/Users/hm-wiedman0/qnxMomenticsIDE/Abgabe3/arm/o-le-v7-g/Abgabe3_g] Error 1
make.exe[2]: Target `all' not remade because of errors.
make.exe[1]: [all] Error 2 (ignored)
make.exe[1]: Leaving directory `C:/Users/hm-wiedman0/qnxMomenticsIDE/Abgabe3/arm'
"C:\\qnx660\\host\\win32\\x86\\usr\\bin\\make.exe" -k CPULIST=arm VARIANTLIST=g all --file=C:/Users/HM-WIE~1/AppData/Local/Temp/QMakefile15730554232055407569579473709763.tmp 
C:/qnx660/host/win32/x86/usr/bin/make.exe -j 1 -Carm -fMakefile all
make.exe[1]: Entering directory `C:/Users/hm-wiedman0/qnxMomenticsIDE/Abgabe2/arm'
C:/qnx660/host/win32/x86/usr/bin/make.exe -j 1 -Co-le-v7-g -fMakefile all
make.exe[2]: Entering directory `C:/Users/hm-wiedman0/qnxMomenticsIDE/Abgabe2/arm/o-le-v7-g'
C:/qnx660/host/win32/x86/usr/bin/qcc -Vgcc_ntoarmv7 -c  -Wc,-Wall             -I. -IC:/Users/hm-wiedman0/qnxMomenticsIDE/Abgabe2/arm/le.v7 -IC:/Users/hm-wiedman0/qnxMomenticsIDE/Abgabe2/arm/o-le-v7-g -IC:/Users/hm-wiedman0/qnxMomenticsIDE/Abgabe2/arm -IC:/Users/hm-wiedman0/qnxMomenticsIDE/Abgabe2 -IC:/qnx660/target/qnx6/usr/include    -EL      -g        -DVARIANT_le -DVARIANT_v7 -DVARIANT_g -DBUILDENV_qss  C:/Users/hm-wiedman0/qnxMomenticsIDE/Abgabe2/Abgabe2.c 
C:/Users/hm-wiedman0/qnxMomenticsIDE/Abgabe2/Abgabe2.c: In function 'takt':
C:/Users/hm-wiedman0/qnxMomenticsIDE/Abgabe2/Abgabe2.c:67:3: warning: implicit declaration of function 'strerror' [-Wimplicit-function-declaration]
C:/Users/hm-wiedman0/qnxMomenticsIDE/Abgabe2/Abgabe2.c:50:6: warning: unused variable 'ms' [-Wunused-variable]
C:/Users/hm-wiedman0/qnxMomenticsIDE/Abgabe2/Abgabe2.c:49:6: warning: unused variable 's' [-Wunused-variable]
C:/qnx660/host/win32/x86/usr/bin/rm -f  C:/Users/hm-wiedman0/qnxMomenticsIDE/Abgabe2/arm/o-le-v7-g/Abgabe2_g
C:/qnx660/host/win32/x86/usr/bin/qcc -Vgcc_ntoarmv7 -Wl,--no-keep-memory     -o C:/Users/hm-wiedman0/qnxMomenticsIDE/Abgabe2/arm/o-le-v7-g/Abgabe2_g    Abgabe2.o   -L . -L C:/qnx660/target/qnx6/armle-v7/lib -L C:/qnx660/target/qnx6/armle-v7/usr/lib  -Wl,--rpath-link . -Wl,--rpath-link C:/qnx660/target/qnx6/armle-v7/lib -Wl,--rpath-link C:/qnx660/target/qnx6/armle-v7/usr/lib    -EL      -g         
C:/Users/hm-wiedman0/qnxMomenticsIDE/Abgabe2/Abgabe2.c: In function 'main':
C:/Users/hm-wiedman0/qnxMomenticsIDE/Abgabe2/Abgabe2.c:103:3: warning: format '%ld' expects argument of type 'long int', but argument 2 has type 'time_t' [-Wformat]
C:/Users/hm-wiedman0/qnxMomenticsIDE/Abgabe2/Abgabe2.c:104:3: warning: format '%ld' expects argument of type 'long int', but argument 2 has type 'time_t' [-Wformat]
make.exe[2]: Leaving directory `C:/Users/hm-wiedman0/qnxMomenticsIDE/Abgabe2/arm/o-le-v7-g'
make.exe[1]: Leaving directory `C:/Users/hm-wiedman0/qnxMomenticsIDE/Abgabe2/arm'
"C:\\qnx660\\host\\win32\\x86\\usr\\bin\\make.exe" -k CPULIST=arm VARIANTLIST=g all --file=C:/Users/HM-WIE~1/AppData/Local/Temp/QMakefile15730554317931471773172886770318.tmp 
C:/qnx660/host/win32/x86/usr/bin/make.exe -j 1 -Carm -fMakefile all
make.exe[1]: Entering directory `C:/Users/hm-wiedman0/qnxMomenticsIDE/Abgabe3/arm'
C:/qnx660/host/win32/x86/usr/bin/make.exe -j 1 -Co-le-v7-g -fMakefile all
make.exe[2]: Entering directory `C:/Users/hm-wiedman0/qnxMomenticsIDE/Abgabe3/arm/o-le-v7-g'
C:/qnx660/host/win32/x86/usr/bin/rm -f  C:/Users/hm-wiedman0/qnxMomenticsIDE/Abgabe3/arm/o-le-v7-g/Abgabe3_g
C:/qnx660/host/win32/x86/usr/bin/qcc -Vgcc_ntoarmv7 -Wl,--no-keep-memory     -o C:/Users/hm-wiedman0/qnxMomenticsIDE/Abgabe3/arm/o-le-v7-g/Abgabe3_g    Abgabe3.o   -L . -L C:/qnx660/target/qnx6/armle-v7/lib -L C:/qnx660/target/qnx6/armle-v7/usr/lib  -Wl,--rpath-link . -Wl,--rpath-link C:/qnx660/target/qnx6/armle-v7/lib -Wl,--rpath-link C:/qnx660/target/qnx6/armle-v7/usr/lib    -EL      -g         
make.exe[2]: Leaving directory `C:/Users/hm-wiedman0/qnxMomenticsIDE/Abgabe3/arm/o-le-v7-g'
make.exe[1]: Leaving directory `C:/Users/hm-wiedman0/qnxMomenticsIDE/Abgabe3/arm'
"C:\\qnx660\\host\\win32\\x86\\usr\\bin\\make.exe" -k CPULIST=arm VARIANTLIST=g all --file=C:/Users/HM-WIE~1/AppData/Local/Temp/QMakefile15730554523318868684980032371238.tmp 
C:/qnx660/host/win32/x86/usr/bin/make.exe -j 1 -Carm -fMakefile all
make.exe[1]: Entering directory `C:/Users/hm-wiedman0/qnxMomenticsIDE/Abgabe2/arm'
C:/qnx660/host/win32/x86/usr/bin/make.exe -j 1 -Co-le-v7-g -fMakefile all
make.exe[2]: Entering directory `C:/Users/hm-wiedman0/qnxMomenticsIDE/Abgabe2/arm/o-le-v7-g'
make.exe[2]: Nothing to be done for `all'.
make.exe[2]: Leaving directory `C:/Users/hm-wiedman0/qnxMomenticsIDE/Abgabe2/arm/o-le-v7-g'
make.exe[1]: Leaving directory `C:/Users/hm-wiedman0/qnxMomenticsIDE/Abgabe2/arm'
"C:\\qnx660\\host\\win32\\x86\\usr\\bin\\make.exe" -k CPULIST=arm VARIANTLIST=g all --file=C:/Users/HM-WIE~1/AppData/Local/Temp/QMakefile15730554650267304619746619111599.tmp 
C:/qnx660/host/win32/x86/usr/bin/make.exe -j 1 -Carm -fMakefile all
make.exe[1]: Entering directory `C:/Users/hm-wiedman0/qnxMomenticsIDE/Abgabe2/arm'
C:/qnx660/host/win32/x86/usr/bin/make.exe -j 1 -Co-le-v7-g -fMakefile all
make.exe[2]: Entering directory `C:/Users/hm-wiedman0/qnxMomenticsIDE/Abgabe2/arm/o-le-v7-g'
make.exe[2]: Nothing to be done for `all'.
make.exe[2]: Leaving directory `C:/Users/hm-wiedman0/qnxMomenticsIDE/Abgabe2/arm/o-le-v7-g'
make.exe[1]: Leaving directory `C:/Users/hm-wiedman0/qnxMomenticsIDE/Abgabe2/arm'
"C:\\qnx660\\host\\win32\\x86\\usr\\bin\\make.exe" -k CPULIST=arm VARIANTLIST=g all --file=C:/Users/HM-WIE~1/AppData/Local/Temp/QMakefile15730554735978050741798883000264.tmp 
C:/qnx660/host/win32/x86/usr/bin/make.exe -j 1 -Carm -fMakefile all
make.exe[1]: Entering directory `C:/Users/hm-wiedman0/qnxMomenticsIDE/Abgabe3/arm'
C:/qnx660/host/win32/x86/usr/bin/make.exe -j 1 -Co-le-v7-g -fMakefile all
make.exe[2]: Entering directory `C:/Users/hm-wiedman0/qnxMomenticsIDE/Abgabe3/arm/o-le-v7-g'
C:/qnx660/host/win32/x86/usr/bin/qcc -Vgcc_ntoarmv7 -c  -Wc,-Wall             -I. -IC:/Users/hm-wiedman0/qnxMomenticsIDE/Abgabe3/arm/le.v7 -IC:/Users/hm-wiedman0/qnxMomenticsIDE/Abgabe3/arm/o-le-v7-g -IC:/Users/hm-wiedman0/qnxMomenticsIDE/Abgabe3/arm -IC:/Users/hm-wiedman0/qnxMomenticsIDE/Abgabe3 -IC:/qnx660/target/qnx6/usr/include    -EL      -g        -DVARIANT_le -DVARIANT_v7 -DVARIANT_g -DBUILDENV_qss  C:/Users/hm-wiedman0/qnxMomenticsIDE/Abgabe3/Abgabe3.c 
C:/Users/hm-wiedman0/qnxMomenticsIDE/Abgabe3/Abgabe3.c: In function 'waste_msecs':
C:/Users/hm-wiedman0/qnxMomenticsIDE/Abgabe3/Abgabe3.c:10:3: warning: implicit declaration of function 'oneSecMethod' [-Wimplicit-function-declaration]
C:/Users/hm-wiedman0/qnxMomenticsIDE/Abgabe3/Abgabe3.c: At top level:
C:/Users/hm-wiedman0/qnxMomenticsIDE/Abgabe3/Abgabe3.c:14:6: warning: conflicting types for 'oneSecMethod' [enabled by default]
C:/Users/hm-wiedman0/qnxMomenticsIDE/Abgabe3/Abgabe3.c:10:3: note: previous implicit declaration of 'oneSecMethod' was here
C:/Users/hm-wiedman0/qnxMomenticsIDE/Abgabe3/Abgabe3.c: In function 'oneSecMethod':
C:/Users/hm-wiedman0/qnxMomenticsIDE/Abgabe3/Abgabe3.c:15:34: warning: variable 'sum' set but not used [-Wunused-but-set-variable]
C:/Users/hm-wiedman0/qnxMomenticsIDE/Abgabe3/Abgabe3.c: In function 'main':
C:/Users/hm-wiedman0/qnxMomenticsIDE/Abgabe3/Abgabe3.c:44:2: warning: format '%ld' expects argument of type 'long int', but argument 2 has type 'time_t' [-Wformat]
C:/Users/hm-wiedman0/qnxMomenticsIDE/Abgabe3/Abgabe3.c:45:2: warning: format '%ld' expects argument of type 'long int', but argument 2 has type 'time_t' [-Wformat]
C:/qnx660/host/win32/x86/usr/bin/rm -f  C:/Users/hm-wiedman0/qnxMomenticsIDE/Abgabe3/arm/o-le-v7-g/Abgabe3_g
C:/qnx660/host/win32/x86/usr/bin/qcc -Vgcc_ntoarmv7 -Wl,--no-keep-memory     -o C:/Users/hm-wiedman0/qnxMomenticsIDE/Abgabe3/arm/o-le-v7-g/Abgabe3_g    Abgabe3.o   -L . -L C:/qnx660/target/qnx6/armle-v7/lib -L C:/qnx660/target/qnx6/armle-v7/usr/lib  -Wl,--rpath-link . -Wl,--rpath-link C:/qnx660/target/qnx6/armle-v7/lib -Wl,--rpath-link C:/qnx660/target/qnx6/armle-v7/usr/lib    -EL      -g         
make.exe[2]: Leaving directory `C:/Users/hm-wiedman0/qnxMomenticsIDE/Abgabe3/arm/o-le-v7-g'
make.exe[1]: Leaving directory `C:/Users/hm-wiedman0/qnxMomenticsIDE/Abgabe3/arm'
"C:\\qnx660\\host\\win32\\x86\\usr\\bin\\make.exe" -k CPULIST=arm VARIANTLIST=g all --file=C:/Users/HM-WIE~1/AppData/Local/Temp/QMakefile15730554912477495479691689834698.tmp 
C:/qnx660/host/win32/x86/usr/bin/make.exe -j 1 -Carm -fMakefile all
make.exe[1]: Entering directory `C:/Users/hm-wiedman0/qnxMomenticsIDE/Abgabe3/arm'
C:/qnx660/host/win32/x86/usr/bin/make.exe -j 1 -Co-le-v7-g -fMakefile all
make.exe[2]: Entering directory `C:/Users/hm-wiedman0/qnxMomenticsIDE/Abgabe3/arm/o-le-v7-g'
make.exe[2]: Nothing to be done for `all'.
make.exe[2]: Leaving directory `C:/Users/hm-wiedman0/qnxMomenticsIDE/Abgabe3/arm/o-le-v7-g'
make.exe[1]: Leaving directory `C:/Users/hm-wiedman0/qnxMomenticsIDE/Abgabe3/arm'
"C:\\qnx660\\host\\win32\\x86\\usr\\bin\\make.exe" -k CPULIST=arm VARIANTLIST=g all --file=C:/Users/HM-WIE~1/AppData/Local/Temp/QMakefile15730555106775740181931678540665.tmp 
C:/qnx660/host/win32/x86/usr/bin/make.exe -j 1 -Carm -fMakefile all
make.exe[1]: Entering directory `C:/Users/hm-wiedman0/qnxMomenticsIDE/Abgabe3/arm'
C:/qnx660/host/win32/x86/usr/bin/make.exe -j 1 -Co-le-v7-g -fMakefile all
make.exe[2]: Entering directory `C:/Users/hm-wiedman0/qnxMomenticsIDE/Abgabe3/arm/o-le-v7-g'
C:/qnx660/host/win32/x86/usr/bin/qcc -Vgcc_ntoarmv7 -c  -Wc,-Wall             -I. -IC:/Users/hm-wiedman0/qnxMomenticsIDE/Abgabe3/arm/le.v7 -IC:/Users/hm-wiedman0/qnxMomenticsIDE/Abgabe3/arm/o-le-v7-g -IC:/Users/hm-wiedman0/qnxMomenticsIDE/Abgabe3/arm -IC:/Users/hm-wiedman0/qnxMomenticsIDE/Abgabe3 -IC:/qnx660/target/qnx6/usr/include    -EL      -g        -DVARIANT_le -DVARIANT_v7 -DVARIANT_g -DBUILDENV_qss  C:/Users/hm-wiedman0/qnxMomenticsIDE/Abgabe3/Abgabe3.c 
C:/Users/hm-wiedman0/qnxMomenticsIDE/Abgabe3/Abgabe3.c: In function 'waste_msecs':
C:/Users/hm-wiedman0/qnxMomenticsIDE/Abgabe3/Abgabe3.c:10:3: warning: implicit declaration of function 'oneSecMethod' [-Wimplicit-function-declaration]
C:/Users/hm-wiedman0/qnxMomenticsIDE/Abgabe3/Abgabe3.c: At top level:
C:/Users/hm-wiedman0/qnxMomenticsIDE/Abgabe3/Abgabe3.c:14:6: warning: conflicting types for 'oneSecMethod' [enabled by default]
C:/Users/hm-wiedman0/qnxMomenticsIDE/Abgabe3/Abgabe3.c:10:3: note: previous implicit declaration of 'oneSecMethod' was here
C:/Users/hm-wiedman0/qnxMomenticsIDE/Abgabe3/Abgabe3.c: In function 'oneSecMethod':
C:/Users/hm-wiedman0/qnxMomenticsIDE/Abgabe3/Abgabe3.c:15:34: warning: variable 'sum' set but not used [-Wunused-but-set-variable]
C:/Users/hm-wiedman0/qnxMomenticsIDE/Abgabe3/Abgabe3.c: In function 'main':
C:/Users/hm-wiedman0/qnxMomenticsIDE/Abgabe3/Abgabe3.c:46:2: warning: format '%ld' expects argument of type 'long int', but argument 2 has type 'time_t' [-Wformat]
C:/Users/hm-wiedman0/qnxMomenticsIDE/Abgabe3/Abgabe3.c:47:2: warning: format '%ld' expects argument of type 'long int', but argument 2 has type 'time_t' [-Wformat]
C:/qnx660/host/win32/x86/usr/bin/rm -f  C:/Users/hm-wiedman0/qnxMomenticsIDE/Abgabe3/arm/o-le-v7-g/Abgabe3_g
C:/qnx660/host/win32/x86/usr/bin/qcc -Vgcc_ntoarmv7 -Wl,--no-keep-memory     -o C:/Users/hm-wiedman0/qnxMomenticsIDE/Abgabe3/arm/o-le-v7-g/Abgabe3_g    Abgabe3.o   -L . -L C:/qnx660/target/qnx6/armle-v7/lib -L C:/qnx660/target/qnx6/armle-v7/usr/lib  -Wl,--rpath-link . -Wl,--rpath-link C:/qnx660/target/qnx6/armle-v7/lib -Wl,--rpath-link C:/qnx660/target/qnx6/armle-v7/usr/lib    -EL      -g         
make.exe[2]: Leaving directory `C:/Users/hm-wiedman0/qnxMomenticsIDE/Abgabe3/arm/o-le-v7-g'
make.exe[1]: Leaving directory `C:/Users/hm-wiedman0/qnxMomenticsIDE/Abgabe3/arm'
"C:\\qnx660\\host\\win32\\x86\\usr\\bin\\make.exe" -k CPULIST=arm VARIANTLIST=g all --file=C:/Users/HM-WIE~1/AppData/Local/Temp/QMakefile15730555491759018597360040014182.tmp 
C:/qnx660/host/win32/x86/usr/bin/make.exe -j 1 -Carm -fMakefile all
make.exe[1]: Entering directory `C:/Users/hm-wiedman0/qnxMomenticsIDE/Abgabe3/arm'
C:/qnx660/host/win32/x86/usr/bin/make.exe -j 1 -Co-le-v7-g -fMakefile all
make.exe[2]: Entering directory `C:/Users/hm-wiedman0/qnxMomenticsIDE/Abgabe3/arm/o-le-v7-g'
C:/qnx660/host/win32/x86/usr/bin/qcc -Vgcc_ntoarmv7 -c  -Wc,-Wall             -I. -IC:/Users/hm-wiedman0/qnxMomenticsIDE/Abgabe3/arm/le.v7 -IC:/Users/hm-wiedman0/qnxMomenticsIDE/Abgabe3/arm/o-le-v7-g -IC:/Users/hm-wiedman0/qnxMomenticsIDE/Abgabe3/arm -IC:/Users/hm-wiedman0/qnxMomenticsIDE/Abgabe3 -IC:/qnx660/target/qnx6/usr/include    -EL      -g        -DVARIANT_le -DVARIANT_v7 -DVARIANT_g -DBUILDENV_qss  C:/Users/hm-wiedman0/qnxMomenticsIDE/Abgabe3/Abgabe3.c 
C:/Users/hm-wiedman0/qnxMomenticsIDE/Abgabe3/Abgabe3.c: In function 'waste_msecs':
C:/Users/hm-wiedman0/qnxMomenticsIDE/Abgabe3/Abgabe3.c:10:3: warning: implicit declaration of function 'oneSecMethod' [-Wimplicit-function-declaration]
C:/Users/hm-wiedman0/qnxMomenticsIDE/Abgabe3/Abgabe3.c: At top level:
C:/Users/hm-wiedman0/qnxMomenticsIDE/Abgabe3/Abgabe3.c:14:6: warning: conflicting types for 'oneSecMethod' [enabled by default]
C:/Users/hm-wiedman0/qnxMomenticsIDE/Abgabe3/Abgabe3.c:10:3: note: previous implicit declaration of 'oneSecMethod' was here
C:/Users/hm-wiedman0/qnxMomenticsIDE/Abgabe3/Abgabe3.c: In function 'oneSecMethod':
C:/Users/hm-wiedman0/qnxMomenticsIDE/Abgabe3/Abgabe3.c:15:34: warning: variable 'sum' set but not used [-Wunused-but-set-variable]
C:/Users/hm-wiedman0/qnxMomenticsIDE/Abgabe3/Abgabe3.c: In function 'main':
C:/Users/hm-wiedman0/qnxMomenticsIDE/Abgabe3/Abgabe3.c:43:2: warning: format '%ld' expects argument of type 'long int', but argument 2 has type 'time_t' [-Wformat]
C:/Users/hm-wiedman0/qnxMomenticsIDE/Abgabe3/Abgabe3.c:44:2: warning: format '%ld' expects argument of type 'long int', but argument 2 has type 'time_t' [-Wformat]
C:/qnx660/host/win32/x86/usr/bin/rm -f  C:/Users/hm-wiedman0/qnxMomenticsIDE/Abgabe3/arm/o-le-v7-g/Abgabe3_g
C:/qnx660/host/win32/x86/usr/bin/qcc -Vgcc_ntoarmv7 -Wl,--no-keep-memory     -o C:/Users/hm-wiedman0/qnxMomenticsIDE/Abgabe3/arm/o-le-v7-g/Abgabe3_g    Abgabe3.o   -L . -L C:/qnx660/target/qnx6/armle-v7/lib -L C:/qnx660/target/qnx6/armle-v7/usr/lib  -Wl,--rpath-link . -Wl,--rpath-link C:/qnx660/target/qnx6/armle-v7/lib -Wl,--rpath-link C:/qnx660/target/qnx6/armle-v7/usr/lib    -EL      -g         
make.exe[2]: Leaving directory `C:/Users/hm-wiedman0/qnxMomenticsIDE/Abgabe3/arm/o-le-v7-g'
make.exe[1]: Leaving directory `C:/Users/hm-wiedman0/qnxMomenticsIDE/Abgabe3/arm'
"C:\\qnx660\\host\\win32\\x86\\usr\\bin\\make.exe" -k CPULIST=arm VARIANTLIST=g all --file=C:/Users/HM-WIE~1/AppData/Local/Temp/QMakefile15730555520258849774784500174645.tmp 
C:/qnx660/host/win32/x86/usr/bin/make.exe -j 1 -Carm -fMakefile all
make.exe[1]: Entering directory `C:/Users/hm-wiedman0/qnxMomenticsIDE/Abgabe3/arm'
C:/qnx660/host/win32/x86/usr/bin/make.exe -j 1 -Co-le-v7-g -fMakefile all
make.exe[2]: Entering directory `C:/Users/hm-wiedman0/qnxMomenticsIDE/Abgabe3/arm/o-le-v7-g'
make.exe[2]: Nothing to be done for `all'.
make.exe[2]: Leaving directory `C:/Users/hm-wiedman0/qnxMomenticsIDE/Abgabe3/arm/o-le-v7-g'
make.exe[1]: Leaving directory `C:/Users/hm-wiedman0/qnxMomenticsIDE/Abgabe3/arm'
"C:\\qnx660\\host\\win32\\x86\\usr\\bin\\make.exe" -k CPULIST=arm VARIANTLIST=g all --file=C:/Users/HM-WIE~1/AppData/Local/Temp/QMakefile15730555695789201416593663690816.tmp 
C:/qnx660/host/win32/x86/usr/bin/make.exe -j 1 -Carm -fMakefile all
make.exe[1]: Entering directory `C:/Users/hm-wiedman0/qnxMomenticsIDE/Abgabe3/arm'
C:/qnx660/host/win32/x86/usr/bin/make.exe -j 1 -Co-le-v7-g -fMakefile all
make.exe[2]: Entering directory `C:/Users/hm-wiedman0/qnxMomenticsIDE/Abgabe3/arm/o-le-v7-g'
C:/qnx660/host/win32/x86/usr/bin/qcc -Vgcc_ntoarmv7 -c  -Wc,-Wall             -I. -IC:/Users/hm-wiedman0/qnxMomenticsIDE/Abgabe3/arm/le.v7 -IC:/Users/hm-wiedman0/qnxMomenticsIDE/Abgabe3/arm/o-le-v7-g -IC:/Users/hm-wiedman0/qnxMomenticsIDE/Abgabe3/arm -IC:/Users/hm-wiedman0/qnxMomenticsIDE/Abgabe3 -IC:/qnx660/target/qnx6/usr/include    -EL      -g        -DVARIANT_le -DVARIANT_v7 -DVARIANT_g -DBUILDENV_qss  C:/Users/hm-wiedman0/qnxMomenticsIDE/Abgabe3/Abgabe3.c 
C:/Users/hm-wiedman0/qnxMomenticsIDE/Abgabe3/Abgabe3.c: In function 'waste_msecs':
C:/Users/hm-wiedman0/qnxMomenticsIDE/Abgabe3/Abgabe3.c:10:3: warning: implicit declaration of function 'oneSecMethod' [-Wimplicit-function-declaration]
C:/Users/hm-wiedman0/qnxMomenticsIDE/Abgabe3/Abgabe3.c: At top level:
C:/Users/hm-wiedman0/qnxMomenticsIDE/Abgabe3/Abgabe3.c:14:6: warning: conflicting types for 'oneSecMethod' [enabled by default]
C:/Users/hm-wiedman0/qnxMomenticsIDE/Abgabe3/Abgabe3.c:10:3: note: previous implicit declaration of 'oneSecMethod' was here
C:/Users/hm-wiedman0/qnxMomenticsIDE/Abgabe3/Abgabe3.c: In function 'oneSecMethod':
C:/Users/hm-wiedman0/qnxMomenticsIDE/Abgabe3/Abgabe3.c:15:34: warning: variable 'sum' set but not used [-Wunused-but-set-variable]
C:/Users/hm-wiedman0/qnxMomenticsIDE/Abgabe3/Abgabe3.c: In function 'main':
C:/Users/hm-wiedman0/qnxMomenticsIDE/Abgabe3/Abgabe3.c:43:2: warning: format '%ld' expects argument of type 'long int', but argument 2 has type 'time_t' [-Wformat]
C:/Users/hm-wiedman0/qnxMomenticsIDE/Abgabe3/Abgabe3.c:44:2: warning: format '%ld' expects argument of type 'long int', but argument 2 has type 'time_t' [-Wformat]
C:/qnx660/host/win32/x86/usr/bin/rm -f  C:/Users/hm-wiedman0/qnxMomenticsIDE/Abgabe3/arm/o-le-v7-g/Abgabe3_g
C:/qnx660/host/win32/x86/usr/bin/qcc -Vgcc_ntoarmv7 -Wl,--no-keep-memory     -o C:/Users/hm-wiedman0/qnxMomenticsIDE/Abgabe3/arm/o-le-v7-g/Abgabe3_g    Abgabe3.o   -L . -L C:/qnx660/target/qnx6/armle-v7/lib -L C:/qnx660/target/qnx6/armle-v7/usr/lib  -Wl,--rpath-link . -Wl,--rpath-link C:/qnx660/target/qnx6/armle-v7/lib -Wl,--rpath-link C:/qnx660/target/qnx6/armle-v7/usr/lib    -EL      -g         
make.exe[2]: Leaving directory `C:/Users/hm-wiedman0/qnxMomenticsIDE/Abgabe3/arm/o-le-v7-g'
make.exe[1]: Leaving directory `C:/Users/hm-wiedman0/qnxMomenticsIDE/Abgabe3/arm'
"C:\\qnx660\\host\\win32\\x86\\usr\\bin\\make.exe" -k CPULIST=arm VARIANTLIST=g all --file=C:/Users/HM-WIE~1/AppData/Local/Temp/QMakefile15730555748283531866882373464903.tmp 
C:/qnx660/host/win32/x86/usr/bin/make.exe -j 1 -Carm -fMakefile all
make.exe[1]: Entering directory `C:/Users/hm-wiedman0/qnxMomenticsIDE/Abgabe3/arm'
C:/qnx660/host/win32/x86/usr/bin/make.exe -j 1 -Co-le-v7-g -fMakefile all
make.exe[2]: Entering directory `C:/Users/hm-wiedman0/qnxMomenticsIDE/Abgabe3/arm/o-le-v7-g'
make.exe[2]: Nothing to be done for `all'.
make.exe[2]: Leaving directory `C:/Users/hm-wiedman0/qnxMomenticsIDE/Abgabe3/arm/o-le-v7-g'
make.exe[1]: Leaving directory `C:/Users/hm-wiedman0/qnxMomenticsIDE/Abgabe3/arm'
"C:\\qnx660\\host\\win32\\x86\\usr\\bin\\make.exe" -k CPULIST=arm VARIANTLIST=g all --file=C:/Users/HM-WIE~1/AppData/Local/Temp/QMakefile1573055587630235460716451608409.tmp 
C:/qnx660/host/win32/x86/usr/bin/make.exe -j 1 -Carm -fMakefile all
make.exe[1]: Entering directory `C:/Users/hm-wiedman0/qnxMomenticsIDE/Abgabe3/arm'
C:/qnx660/host/win32/x86/usr/bin/make.exe -j 1 -Co-le-v7-g -fMakefile all
make.exe[2]: Entering directory `C:/Users/hm-wiedman0/qnxMomenticsIDE/Abgabe3/arm/o-le-v7-g'
C:/qnx660/host/win32/x86/usr/bin/qcc -Vgcc_ntoarmv7 -c  -Wc,-Wall             -I. -IC:/Users/hm-wiedman0/qnxMomenticsIDE/Abgabe3/arm/le.v7 -IC:/Users/hm-wiedman0/qnxMomenticsIDE/Abgabe3/arm/o-le-v7-g -IC:/Users/hm-wiedman0/qnxMomenticsIDE/Abgabe3/arm -IC:/Users/hm-wiedman0/qnxMomenticsIDE/Abgabe3 -IC:/qnx660/target/qnx6/usr/include    -EL      -g        -DVARIANT_le -DVARIANT_v7 -DVARIANT_g -DBUILDENV_qss  C:/Users/hm-wiedman0/qnxMomenticsIDE/Abgabe3/Abgabe3.c 
C:/Users/hm-wiedman0/qnxMomenticsIDE/Abgabe3/Abgabe3.c: In function 'waste_msecs':
C:/Users/hm-wiedman0/qnxMomenticsIDE/Abgabe3/Abgabe3.c:10:3: warning: implicit declaration of function 'oneSecMethod' [-Wimplicit-function-declaration]
C:/Users/hm-wiedman0/qnxMomenticsIDE/Abgabe3/Abgabe3.c: At top level:
C:/Users/hm-wiedman0/qnxMomenticsIDE/Abgabe3/Abgabe3.c:14:6: warning: conflicting types for 'oneSecMethod' [enabled by default]
C:/Users/hm-wiedman0/qnxMomenticsIDE/Abgabe3/Abgabe3.c:10:3: note: previous implicit declaration of 'oneSecMethod' was here
C:/Users/hm-wiedman0/qnxMomenticsIDE/Abgabe3/Abgabe3.c: In function 'oneSecMethod':
C:/Users/hm-wiedman0/qnxMomenticsIDE/Abgabe3/Abgabe3.c:15:34: warning: variable 'sum' set but not used [-Wunused-but-set-variable]
C:/Users/hm-wiedman0/qnxMomenticsIDE/Abgabe3/Abgabe3.c: In function 'main':
C:/Users/hm-wiedman0/qnxMomenticsIDE/Abgabe3/Abgabe3.c:43:2: warning: format '%ld' expects argument of type 'long int', but argument 2 has type 'time_t' [-Wformat]
C:/Users/hm-wiedman0/qnxMomenticsIDE/Abgabe3/Abgabe3.c:44:2: warning: format '%ld' expects argument of type 'long int', but argument 2 has type 'time_t' [-Wformat]
C:/qnx660/host/win32/x86/usr/bin/rm -f  C:/Users/hm-wiedman0/qnxMomenticsIDE/Abgabe3/arm/o-le-v7-g/Abgabe3_g
/usr/bin/rm: cannot remove `C:/Users/hm-wiedman0/qnxMomenticsIDE/Abgabe3/arm/o-le-v7-g/Abgabe3_g': Permission denied
make.exe[2]: Leaving directory `C:/Users/hm-wiedman0/qnxMomenticsIDE/Abgabe3/arm/o-le-v7-g'
make.exe[2]: *** [C:/Users/hm-wiedman0/qnxMomenticsIDE/Abgabe3/arm/o-le-v7-g/Abgabe3_g] Error 1
make.exe[2]: Target `all' not remade because of errors.
make.exe[1]: [all] Error 2 (ignored)
make.exe[1]: Leaving directory `C:/Users/hm-wiedman0/qnxMomenticsIDE/Abgabe3/arm'
"C:\\qnx660\\host\\win32\\x86\\usr\\bin\\make.exe" -k CPULIST=arm VARIANTLIST=g all --file=C:/Users/HM-WIE~1/AppData/Local/Temp/QMakefile1573055603902340660734224051455.tmp 
C:/qnx660/host/win32/x86/usr/bin/make.exe -j 1 -Carm -fMakefile all
make.exe[1]: Entering directory `C:/Users/hm-wiedman0/qnxMomenticsIDE/Abgabe3/arm'
C:/qnx660/host/win32/x86/usr/bin/make.exe -j 1 -Co-le-v7-g -fMakefile all
make.exe[2]: Entering directory `C:/Users/hm-wiedman0/qnxMomenticsIDE/Abgabe3/arm/o-le-v7-g'
C:/qnx660/host/win32/x86/usr/bin/rm -f  C:/Users/hm-wiedman0/qnxMomenticsIDE/Abgabe3/arm/o-le-v7-g/Abgabe3_g
C:/qnx660/host/win32/x86/usr/bin/qcc -Vgcc_ntoarmv7 -Wl,--no-keep-memory     -o C:/Users/hm-wiedman0/qnxMomenticsIDE/Abgabe3/arm/o-le-v7-g/Abgabe3_g    Abgabe3.o   -L . -L C:/qnx660/target/qnx6/armle-v7/lib -L C:/qnx660/target/qnx6/armle-v7/usr/lib  -Wl,--rpath-link . -Wl,--rpath-link C:/qnx660/target/qnx6/armle-v7/lib -Wl,--rpath-link C:/qnx660/target/qnx6/armle-v7/usr/lib    -EL      -g         
make.exe[2]: Leaving directory `C:/Users/hm-wiedman0/qnxMomenticsIDE/Abgabe3/arm/o-le-v7-g'
make.exe[1]: Leaving directory `C:/Users/hm-wiedman0/qnxMomenticsIDE/Abgabe3/arm'
"C:\\qnx660\\host\\win32\\x86\\usr\\bin\\make.exe" -k CPULIST=arm VARIANTLIST=g all --file=C:/Users/HM-WIE~1/AppData/Local/Temp/QMakefile15730557789829154306799201182572.tmp 
C:/qnx660/host/win32/x86/usr/bin/make.exe -j 1 -Carm -fMakefile all
make.exe[1]: Entering directory `C:/Users/hm-wiedman0/qnxMomenticsIDE/Abgabe3/arm'
C:/qnx660/host/win32/x86/usr/bin/make.exe -j 1 -Co-le-v7-g -fMakefile all
make.exe[2]: Entering directory `C:/Users/hm-wiedman0/qnxMomenticsIDE/Abgabe3/arm/o-le-v7-g'
C:/qnx660/host/win32/x86/usr/bin/qcc -Vgcc_ntoarmv7 -c  -Wc,-Wall             -I. -IC:/Users/hm-wiedman0/qnxMomenticsIDE/Abgabe3/arm/le.v7 -IC:/Users/hm-wiedman0/qnxMomenticsIDE/Abgabe3/arm/o-le-v7-g -IC:/Users/hm-wiedman0/qnxMomenticsIDE/Abgabe3/arm -IC:/Users/hm-wiedman0/qnxMomenticsIDE/Abgabe3 -IC:/qnx660/target/qnx6/usr/include    -EL      -g        -DVARIANT_le -DVARIANT_v7 -DVARIANT_g -DBUILDENV_qss  C:/Users/hm-wiedman0/qnxMomenticsIDE/Abgabe3/Abgabe3.c 
C:/Users/hm-wiedman0/qnxMomenticsIDE/Abgabe3/Abgabe3.c: In function 'waste_msecs':
C:/Users/hm-wiedman0/qnxMomenticsIDE/Abgabe3/Abgabe3.c:10:3: warning: implicit declaration of function 'oneSecMethod' [-Wimplicit-function-declaration]
C:/Users/hm-wiedman0/qnxMomenticsIDE/Abgabe3/Abgabe3.c: At top level:
C:/Users/hm-wiedman0/qnxMomenticsIDE/Abgabe3/Abgabe3.c:14:6: warning: conflicting types for 'oneSecMethod' [enabled by default]
C:/Users/hm-wiedman0/qnxMomenticsIDE/Abgabe3/Abgabe3.c:10:3: note: previous implicit declaration of 'oneSecMethod' was here
C:/Users/hm-wiedman0/qnxMomenticsIDE/Abgabe3/Abgabe3.c: In function 'oneSecMethod':
C:/Users/hm-wiedman0/qnxMomenticsIDE/Abgabe3/Abgabe3.c:15:34: warning: variable 'sum' set but not used [-Wunused-but-set-variable]
C:/Users/hm-wiedman0/qnxMomenticsIDE/Abgabe3/Abgabe3.c: In function 'main':
C:/Users/hm-wiedman0/qnxMomenticsIDE/Abgabe3/Abgabe3.c:43:2: warning: format '%ld' expects argument of type 'long int', but argument 2 has type 'time_t' [-Wformat]
C:/Users/hm-wiedman0/qnxMomenticsIDE/Abgabe3/Abgabe3.c:44:2: warning: format '%ld' expects argument of type 'long int', but argument 2 has type 'time_t' [-Wformat]
C:/qnx660/host/win32/x86/usr/bin/rm -f  C:/Users/hm-wiedman0/qnxMomenticsIDE/Abgabe3/arm/o-le-v7-g/Abgabe3_g
C:/qnx660/host/win32/x86/usr/bin/qcc -Vgcc_ntoarmv7 -Wl,--no-keep-memory     -o C:/Users/hm-wiedman0/qnxMomenticsIDE/Abgabe3/arm/o-le-v7-g/Abgabe3_g    Abgabe3.o   -L . -L C:/qnx660/target/qnx6/armle-v7/lib -L C:/qnx660/target/qnx6/armle-v7/usr/lib  -Wl,--rpath-link . -Wl,--rpath-link C:/qnx660/target/qnx6/armle-v7/lib -Wl,--rpath-link C:/qnx660/target/qnx6/armle-v7/usr/lib    -EL      -g         
make.exe[2]: Leaving directory `C:/Users/hm-wiedman0/qnxMomenticsIDE/Abgabe3/arm/o-le-v7-g'
make.exe[1]: Leaving directory `C:/Users/hm-wiedman0/qnxMomenticsIDE/Abgabe3/arm'
"C:\\qnx660\\host\\win32\\x86\\usr\\bin\\make.exe" -k CPULIST=arm VARIANTLIST=g all --file=C:/Users/HM-WIE~1/AppData/Local/Temp/QMakefile1573056038844483029531340122897.tmp 
C:/qnx660/host/win32/x86/usr/bin/make.exe -j 1 -Carm -fMakefile all
make.exe[1]: Entering directory `C:/Users/hm-wiedman0/qnxMomenticsIDE/Abgabe3/arm'
C:/qnx660/host/win32/x86/usr/bin/make.exe -j 1 -Co-le-v7-g -fMakefile all
make.exe[2]: Entering directory `C:/Users/hm-wiedman0/qnxMomenticsIDE/Abgabe3/arm/o-le-v7-g'
make.exe[2]: Nothing to be done for `all'.
make.exe[2]: Leaving directory `C:/Users/hm-wiedman0/qnxMomenticsIDE/Abgabe3/arm/o-le-v7-g'
make.exe[1]: Leaving directory `C:/Users/hm-wiedman0/qnxMomenticsIDE/Abgabe3/arm'
"C:\\qnx660\\host\\win32\\x86\\usr\\bin\\make.exe" -k CPULIST=arm VARIANTLIST=g all --file=C:/Users/HM-WIE~1/AppData/Local/Temp/QMakefile15730569756171581340269480030170.tmp 
C:/qnx660/host/win32/x86/usr/bin/make.exe -j 1 -Carm -fMakefile all
make.exe[1]: Entering directory `C:/Users/hm-wiedman0/qnxMomenticsIDE/Abgabe3/arm'
C:/qnx660/host/win32/x86/usr/bin/make.exe -j 1 -Co-le-v7-g -fMakefile all
make.exe[2]: Entering directory `C:/Users/hm-wiedman0/qnxMomenticsIDE/Abgabe3/arm/o-le-v7-g'
C:/qnx660/host/win32/x86/usr/bin/qcc -Vgcc_ntoarmv7 -c  -Wc,-Wall             -I. -IC:/Users/hm-wiedman0/qnxMomenticsIDE/Abgabe3/arm/le.v7 -IC:/Users/hm-wiedman0/qnxMomenticsIDE/Abgabe3/arm/o-le-v7-g -IC:/Users/hm-wiedman0/qnxMomenticsIDE/Abgabe3/arm -IC:/Users/hm-wiedman0/qnxMomenticsIDE/Abgabe3 -IC:/qnx660/target/qnx6/usr/include    -EL      -g        -DVARIANT_le -DVARIANT_v7 -DVARIANT_g -DBUILDENV_qss  C:/Users/hm-wiedman0/qnxMomenticsIDE/Abgabe3/Abgabe3.c 
C:/Users/hm-wiedman0/qnxMomenticsIDE/Abgabe3/Abgabe3.c: In function 'waste_msecs':
C:/Users/hm-wiedman0/qnxMomenticsIDE/Abgabe3/Abgabe3.c:13:3: warning: implicit declaration of function 'oneSecMethod' [-Wimplicit-function-declaration]
C:/Users/hm-wiedman0/qnxMomenticsIDE/Abgabe3/Abgabe3.c: At top level:
C:/Users/hm-wiedman0/qnxMomenticsIDE/Abgabe3/Abgabe3.c:17:6: warning: conflicting types for 'oneSecMethod' [enabled by default]
C:/Users/hm-wiedman0/qnxMomenticsIDE/Abgabe3/Abgabe3.c:13:3: note: previous implicit declaration of 'oneSecMethod' was here
C:/Users/hm-wiedman0/qnxMomenticsIDE/Abgabe3/Abgabe3.c: In function 'oneSecMethod':
C:/Users/hm-wiedman0/qnxMomenticsIDE/Abgabe3/Abgabe3.c:18:34: warning: variable 'sum' set but not used [-Wunused-but-set-variable]
C:/Users/hm-wiedman0/qnxMomenticsIDE/Abgabe3/Abgabe3.c: In function 'function':
C:/Users/hm-wiedman0/qnxMomenticsIDE/Abgabe3/Abgabe3.c:33:3: warning: return makes pointer from integer without a cast [enabled by default]
C:/Users/hm-wiedman0/qnxMomenticsIDE/Abgabe3/Abgabe3.c:40:3: warning: return makes pointer from integer without a cast [enabled by default]
C:/Users/hm-wiedman0/qnxMomenticsIDE/Abgabe3/Abgabe3.c:46:2: warning: format '%ld' expects argument of type 'long int', but argument 2 has type 'time_t' [-Wformat]
C:/Users/hm-wiedman0/qnxMomenticsIDE/Abgabe3/Abgabe3.c:47:2: warning: format '%ld' expects argument of type 'long int', but argument 2 has type 'time_t' [-Wformat]
C:/Users/hm-wiedman0/qnxMomenticsIDE/Abgabe3/Abgabe3.c: In function 'main':
C:/Users/hm-wiedman0/qnxMomenticsIDE/Abgabe3/Abgabe3.c:67:3: warning: implicit declaration of function 'strerror' [-Wimplicit-function-declaration]
C:/Users/hm-wiedman0/qnxMomenticsIDE/Abgabe3/Abgabe3.c: In function 'function':
C:/Users/hm-wiedman0/qnxMomenticsIDE/Abgabe3/Abgabe3.c:49:1: warning: control reaches end of non-void function [-Wreturn-type]
C:/qnx660/host/win32/x86/usr/bin/rm -f  C:/Users/hm-wiedman0/qnxMomenticsIDE/Abgabe3/arm/o-le-v7-g/Abgabe3_g
C:/qnx660/host/win32/x86/usr/bin/qcc -Vgcc_ntoarmv7 -Wl,--no-keep-memory     -o C:/Users/hm-wiedman0/qnxMomenticsIDE/Abgabe3/arm/o-le-v7-g/Abgabe3_g    Abgabe3.o   -L . -L C:/qnx660/target/qnx6/armle-v7/lib -L C:/qnx660/target/qnx6/armle-v7/usr/lib  -Wl,--rpath-link . -Wl,--rpath-link C:/qnx660/target/qnx6/armle-v7/lib -Wl,--rpath-link C:/qnx660/target/qnx6/armle-v7/usr/lib    -EL      -g         
make.exe[2]: Leaving directory `C:/Users/hm-wiedman0/qnxMomenticsIDE/Abgabe3/arm/o-le-v7-g'
make.exe[1]: Leaving directory `C:/Users/hm-wiedman0/qnxMomenticsIDE/Abgabe3/arm'
"C:\\qnx660\\host\\win32\\x86\\usr\\bin\\make.exe" -k CPULIST=arm VARIANTLIST=g all --file=C:/Users/HM-WIE~1/AppData/Local/Temp/QMakefile157305700720598001540565912719.tmp 
C:/qnx660/host/win32/x86/usr/bin/make.exe -j 1 -Carm -fMakefile all
make.exe[1]: Entering directory `C:/Users/hm-wiedman0/qnxMomenticsIDE/Abgabe3/arm'
C:/qnx660/host/win32/x86/usr/bin/make.exe -j 1 -Co-le-v7-g -fMakefile all
make.exe[2]: Entering directory `C:/Users/hm-wiedman0/qnxMomenticsIDE/Abgabe3/arm/o-le-v7-g'
C:/qnx660/host/win32/x86/usr/bin/qcc -Vgcc_ntoarmv7 -c  -Wc,-Wall             -I. -IC:/Users/hm-wiedman0/qnxMomenticsIDE/Abgabe3/arm/le.v7 -IC:/Users/hm-wiedman0/qnxMomenticsIDE/Abgabe3/arm/o-le-v7-g -IC:/Users/hm-wiedman0/qnxMomenticsIDE/Abgabe3/arm -IC:/Users/hm-wiedman0/qnxMomenticsIDE/Abgabe3 -IC:/qnx660/target/qnx6/usr/include    -EL      -g        -DVARIANT_le -DVARIANT_v7 -DVARIANT_g -DBUILDENV_qss  C:/Users/hm-wiedman0/qnxMomenticsIDE/Abgabe3/Abgabe3.c 
C:/Users/hm-wiedman0/qnxMomenticsIDE/Abgabe3/Abgabe3.c: In function 'waste_msecs':
C:/Users/hm-wiedman0/qnxMomenticsIDE/Abgabe3/Abgabe3.c:13:3: warning: implicit declaration of function 'oneSecMethod' [-Wimplicit-function-declaration]
C:/Users/hm-wiedman0/qnxMomenticsIDE/Abgabe3/Abgabe3.c: At top level:
C:/Users/hm-wiedman0/qnxMomenticsIDE/Abgabe3/Abgabe3.c:17:6: warning: conflicting types for 'oneSecMethod' [enabled by default]
C:/Users/hm-wiedman0/qnxMomenticsIDE/Abgabe3/Abgabe3.c:13:3: note: previous implicit declaration of 'oneSecMethod' was here
C:/Users/hm-wiedman0/qnxMomenticsIDE/Abgabe3/Abgabe3.c: In function 'oneSecMethod':
C:/Users/hm-wiedman0/qnxMomenticsIDE/Abgabe3/Abgabe3.c:18:34: warning: variable 'sum' set but not used [-Wunused-but-set-variable]
C:/Users/hm-wiedman0/qnxMomenticsIDE/Abgabe3/Abgabe3.c: In function 'function':
C:/Users/hm-wiedman0/qnxMomenticsIDE/Abgabe3/Abgabe3.c:33:3: warning: return makes pointer from integer without a cast [enabled by default]
C:/Users/hm-wiedman0/qnxMomenticsIDE/Abgabe3/Abgabe3.c:40:3: warning: return makes pointer from integer without a cast [enabled by default]
C:/Users/hm-wiedman0/qnxMomenticsIDE/Abgabe3/Abgabe3.c:46:2: warning: format '%ld' expects argument of type 'long int', but argument 2 has type 'time_t' [-Wformat]
C:/Users/hm-wiedman0/qnxMomenticsIDE/Abgabe3/Abgabe3.c:47:2: warning: format '%ld' expects argument of type 'long int', but argument 2 has type 'time_t' [-Wformat]
C:/Users/hm-wiedman0/qnxMomenticsIDE/Abgabe3/Abgabe3.c: In function 'main':
C:/Users/hm-wiedman0/qnxMomenticsIDE/Abgabe3/Abgabe3.c:67:3: warning: implicit declaration of function 'strerror' [-Wimplicit-function-declaration]
C:/Users/hm-wiedman0/qnxMomenticsIDE/Abgabe3/Abgabe3.c: In function 'function':
C:/Users/hm-wiedman0/qnxMomenticsIDE/Abgabe3/Abgabe3.c:49:1: warning: control reaches end of non-void function [-Wreturn-type]
C:/qnx660/host/win32/x86/usr/bin/rm -f  C:/Users/hm-wiedman0/qnxMomenticsIDE/Abgabe3/arm/o-le-v7-g/Abgabe3_g
C:/qnx660/host/win32/x86/usr/bin/qcc -Vgcc_ntoarmv7 -Wl,--no-keep-memory     -o C:/Users/hm-wiedman0/qnxMomenticsIDE/Abgabe3/arm/o-le-v7-g/Abgabe3_g    Abgabe3.o   -L . -L C:/qnx660/target/qnx6/armle-v7/lib -L C:/qnx660/target/qnx6/armle-v7/usr/lib  -Wl,--rpath-link . -Wl,--rpath-link C:/qnx660/target/qnx6/armle-v7/lib -Wl,--rpath-link C:/qnx660/target/qnx6/armle-v7/usr/lib    -EL      -g         
make.exe[2]: Leaving directory `C:/Users/hm-wiedman0/qnxMomenticsIDE/Abgabe3/arm/o-le-v7-g'
make.exe[1]: Leaving directory `C:/Users/hm-wiedman0/qnxMomenticsIDE/Abgabe3/arm'
"C:\\qnx660\\host\\win32\\x86\\usr\\bin\\make.exe" -k CPULIST=arm VARIANTLIST=g all --file=C:/Users/HM-WIE~1/AppData/Local/Temp/QMakefile15730570290662746531531758251362.tmp 
C:/qnx660/host/win32/x86/usr/bin/make.exe -j 1 -Carm -fMakefile all
make.exe[1]: Entering directory `C:/Users/hm-wiedman0/qnxMomenticsIDE/Abgabe3/arm'
C:/qnx660/host/win32/x86/usr/bin/make.exe -j 1 -Co-le-v7-g -fMakefile all
make.exe[2]: Entering directory `C:/Users/hm-wiedman0/qnxMomenticsIDE/Abgabe3/arm/o-le-v7-g'
make.exe[2]: Nothing to be done for `all'.
make.exe[2]: Leaving directory `C:/Users/hm-wiedman0/qnxMomenticsIDE/Abgabe3/arm/o-le-v7-g'
make.exe[1]: Leaving directory `C:/Users/hm-wiedman0/qnxMomenticsIDE/Abgabe3/arm'
"C:\\qnx660\\host\\win32\\x86\\usr\\bin\\make.exe" -k CPULIST=arm VARIANTLIST=g all --file=C:/Users/HM-WIE~1/AppData/Local/Temp/QMakefile15730570791947395670451817158656.tmp 
C:/qnx660/host/win32/x86/usr/bin/make.exe -j 1 -Carm -fMakefile all
make.exe[1]: Entering directory `C:/Users/hm-wiedman0/qnxMomenticsIDE/Abgabe3/arm'
C:/qnx660/host/win32/x86/usr/bin/make.exe -j 1 -Co-le-v7-g -fMakefile all
make.exe[2]: Entering directory `C:/Users/hm-wiedman0/qnxMomenticsIDE/Abgabe3/arm/o-le-v7-g'
C:/qnx660/host/win32/x86/usr/bin/qcc -Vgcc_ntoarmv7 -c  -Wc,-Wall             -I. -IC:/Users/hm-wiedman0/qnxMomenticsIDE/Abgabe3/arm/le.v7 -IC:/Users/hm-wiedman0/qnxMomenticsIDE/Abgabe3/arm/o-le-v7-g -IC:/Users/hm-wiedman0/qnxMomenticsIDE/Abgabe3/arm -IC:/Users/hm-wiedman0/qnxMomenticsIDE/Abgabe3 -IC:/qnx660/target/qnx6/usr/include    -EL      -g        -DVARIANT_le -DVARIANT_v7 -DVARIANT_g -DBUILDENV_qss  C:/Users/hm-wiedman0/qnxMomenticsIDE/Abgabe3/Abgabe3.c 
C:/Users/hm-wiedman0/qnxMomenticsIDE/Abgabe3/Abgabe3.c: In function 'waste_msecs':
C:/Users/hm-wiedman0/qnxMomenticsIDE/Abgabe3/Abgabe3.c:13:3: warning: implicit declaration of function 'oneSecMethod' [-Wimplicit-function-declaration]
C:/Users/hm-wiedman0/qnxMomenticsIDE/Abgabe3/Abgabe3.c: At top level:
C:/Users/hm-wiedman0/qnxMomenticsIDE/Abgabe3/Abgabe3.c:17:6: warning: conflicting types for 'oneSecMethod' [enabled by default]
C:/Users/hm-wiedman0/qnxMomenticsIDE/Abgabe3/Abgabe3.c:13:3: note: previous implicit declaration of 'oneSecMethod' was here
C:/Users/hm-wiedman0/qnxMomenticsIDE/Abgabe3/Abgabe3.c: In function 'oneSecMethod':
C:/Users/hm-wiedman0/qnxMomenticsIDE/Abgabe3/Abgabe3.c:18:34: warning: variable 'sum' set but not used [-Wunused-but-set-variable]
C:/Users/hm-wiedman0/qnxMomenticsIDE/Abgabe3/Abgabe3.c: In function 'function':
C:/Users/hm-wiedman0/qnxMomenticsIDE/Abgabe3/Abgabe3.c:33:3: warning: return makes pointer from integer without a cast [enabled by default]
C:/Users/hm-wiedman0/qnxMomenticsIDE/Abgabe3/Abgabe3.c:40:3: warning: return makes pointer from integer without a cast [enabled by default]
C:/Users/hm-wiedman0/qnxMomenticsIDE/Abgabe3/Abgabe3.c:46:2: warning: format '%ld' expects argument of type 'long int', but argument 2 has type 'time_t' [-Wformat]
C:/Users/hm-wiedman0/qnxMomenticsIDE/Abgabe3/Abgabe3.c:47:2: warning: format '%ld' expects argument of type 'long int', but argument 2 has type 'time_t' [-Wformat]
C:/Users/hm-wiedman0/qnxMomenticsIDE/Abgabe3/Abgabe3.c: In function 'main':
C:/Users/hm-wiedman0/qnxMomenticsIDE/Abgabe3/Abgabe3.c:74:2: error: too few arguments to function 'function'
make.exe[2]: Leaving directory `C:/Users/hm-wiedman0/qnxMomenticsIDE/Abgabe3/arm/o-le-v7-g'
C:/Users/hm-wiedman0/qnxMomenticsIDE/Abgabe3/Abgabe3.c:28:7: note: declared here
C:/Users/hm-wiedman0/qnxMomenticsIDE/Abgabe3/Abgabe3.c: In function 'function':
C:/Users/hm-wiedman0/qnxMomenticsIDE/Abgabe3/Abgabe3.c:49:1: warning: control reaches end of non-void function [-Wreturn-type]
cc: C:/qnx660/host/win32/x86/usr/lib/gcc/arm-unknown-nto-qnx6.6.0eabi/4.7.3/cc1 caught signal 1
make.exe[2]: *** [Abgabe3.o] Error 1
make.exe[2]: Target `all' not remade because of errors.
make.exe[1]: [all] Error 2 (ignored)
make.exe[1]: Leaving directory `C:/Users/hm-wiedman0/qnxMomenticsIDE/Abgabe3/arm'
"C:\\qnx660\\host\\win32\\x86\\usr\\bin\\make.exe" -k CPULIST=arm VARIANTLIST=g all --file=C:/Users/HM-WIE~1/AppData/Local/Temp/QMakefile15730570977698304843857651584288.tmp 
C:/qnx660/host/win32/x86/usr/bin/make.exe -j 1 -Carm -fMakefile all
make.exe[1]: Entering directory `C:/Users/hm-wiedman0/qnxMomenticsIDE/Abgabe3/arm'
C:/qnx660/host/win32/x86/usr/bin/make.exe -j 1 -Co-le-v7-g -fMakefile all
make.exe[2]: Entering directory `C:/Users/hm-wiedman0/qnxMomenticsIDE/Abgabe3/arm/o-le-v7-g'
C:/qnx660/host/win32/x86/usr/bin/qcc -Vgcc_ntoarmv7 -c  -Wc,-Wall             -I. -IC:/Users/hm-wiedman0/qnxMomenticsIDE/Abgabe3/arm/le.v7 -IC:/Users/hm-wiedman0/qnxMomenticsIDE/Abgabe3/arm/o-le-v7-g -IC:/Users/hm-wiedman0/qnxMomenticsIDE/Abgabe3/arm -IC:/Users/hm-wiedman0/qnxMomenticsIDE/Abgabe3 -IC:/qnx660/target/qnx6/usr/include    -EL      -g        -DVARIANT_le -DVARIANT_v7 -DVARIANT_g -DBUILDENV_qss  C:/Users/hm-wiedman0/qnxMomenticsIDE/Abgabe3/Abgabe3.c 
C:/Users/hm-wiedman0/qnxMomenticsIDE/Abgabe3/Abgabe3.c: In function 'waste_msecs':
C:/Users/hm-wiedman0/qnxMomenticsIDE/Abgabe3/Abgabe3.c:13:3: warning: implicit declaration of function 'oneSecMethod' [-Wimplicit-function-declaration]
C:/Users/hm-wiedman0/qnxMomenticsIDE/Abgabe3/Abgabe3.c: At top level:
C:/Users/hm-wiedman0/qnxMomenticsIDE/Abgabe3/Abgabe3.c:17:6: warning: conflicting types for 'oneSecMethod' [enabled by default]
C:/Users/hm-wiedman0/qnxMomenticsIDE/Abgabe3/Abgabe3.c:13:3: note: previous implicit declaration of 'oneSecMethod' was here
C:/Users/hm-wiedman0/qnxMomenticsIDE/Abgabe3/Abgabe3.c: In function 'oneSecMethod':
C:/Users/hm-wiedman0/qnxMomenticsIDE/Abgabe3/Abgabe3.c:18:34: warning: variable 'sum' set but not used [-Wunused-but-set-variable]
C:/Users/hm-wiedman0/qnxMomenticsIDE/Abgabe3/Abgabe3.c: In function 'function':
C:/Users/hm-wiedman0/qnxMomenticsIDE/Abgabe3/Abgabe3.c:33:3: warning: return makes pointer from integer without a cast [enabled by default]
C:/Users/hm-wiedman0/qnxMomenticsIDE/Abgabe3/Abgabe3.c:40:3: warning: return makes pointer from integer without a cast [enabled by default]
C:/Users/hm-wiedman0/qnxMomenticsIDE/Abgabe3/Abgabe3.c:46:2: warning: format '%ld' expects argument of type 'long int', but argument 2 has type 'time_t' [-Wformat]
C:/Users/hm-wiedman0/qnxMomenticsIDE/Abgabe3/Abgabe3.c:47:2: warning: format '%ld' expects argument of type 'long int', but argument 2 has type 'time_t' [-Wformat]
C:/Users/hm-wiedman0/qnxMomenticsIDE/Abgabe3/Abgabe3.c:49:1: warning: control reaches end of non-void function [-Wreturn-type]
C:/qnx660/host/win32/x86/usr/bin/rm -f  C:/Users/hm-wiedman0/qnxMomenticsIDE/Abgabe3/arm/o-le-v7-g/Abgabe3_g
C:/qnx660/host/win32/x86/usr/bin/qcc -Vgcc_ntoarmv7 -Wl,--no-keep-memory     -o C:/Users/hm-wiedman0/qnxMomenticsIDE/Abgabe3/arm/o-le-v7-g/Abgabe3_g    Abgabe3.o   -L . -L C:/qnx660/target/qnx6/armle-v7/lib -L C:/qnx660/target/qnx6/armle-v7/usr/lib  -Wl,--rpath-link . -Wl,--rpath-link C:/qnx660/target/qnx6/armle-v7/lib -Wl,--rpath-link C:/qnx660/target/qnx6/armle-v7/usr/lib    -EL      -g         
make.exe[2]: Leaving directory `C:/Users/hm-wiedman0/qnxMomenticsIDE/Abgabe3/arm/o-le-v7-g'
make.exe[1]: Leaving directory `C:/Users/hm-wiedman0/qnxMomenticsIDE/Abgabe3/arm'
"C:\\qnx660\\host\\win32\\x86\\usr\\bin\\make.exe" -k CPULIST=arm VARIANTLIST=g all --file=C:/Users/HM-WIE~1/AppData/Local/Temp/QMakefile15730571375813137206104282925515.tmp 
C:/qnx660/host/win32/x86/usr/bin/make.exe -j 1 -Carm -fMakefile all
make.exe[1]: Entering directory `C:/Users/hm-wiedman0/qnxMomenticsIDE/Abgabe3/arm'
C:/qnx660/host/win32/x86/usr/bin/make.exe -j 1 -Co-le-v7-g -fMakefile all
make.exe[2]: Entering directory `C:/Users/hm-wiedman0/qnxMomenticsIDE/Abgabe3/arm/o-le-v7-g'
make.exe[2]: Nothing to be done for `all'.
make.exe[2]: Leaving directory `C:/Users/hm-wiedman0/qnxMomenticsIDE/Abgabe3/arm/o-le-v7-g'
make.exe[1]: Leaving directory `C:/Users/hm-wiedman0/qnxMomenticsIDE/Abgabe3/arm'
"C:\\qnx660\\host\\win32\\x86\\usr\\bin\\make.exe" -k CPULIST=arm VARIANTLIST=g all --file=C:/Users/HM-WIE~1/AppData/Local/Temp/QMakefile15730571593391542197418874472578.tmp 
C:/qnx660/host/win32/x86/usr/bin/make.exe -j 1 -Carm -fMakefile all
make.exe[1]: Entering directory `C:/Users/hm-wiedman0/qnxMomenticsIDE/Abgabe3/arm'
C:/qnx660/host/win32/x86/usr/bin/make.exe -j 1 -Co-le-v7-g -fMakefile all
make.exe[2]: Entering directory `C:/Users/hm-wiedman0/qnxMomenticsIDE/Abgabe3/arm/o-le-v7-g'
C:/qnx660/host/win32/x86/usr/bin/qcc -Vgcc_ntoarmv7 -c  -Wc,-Wall             -I. -IC:/Users/hm-wiedman0/qnxMomenticsIDE/Abgabe3/arm/le.v7 -IC:/Users/hm-wiedman0/qnxMomenticsIDE/Abgabe3/arm/o-le-v7-g -IC:/Users/hm-wiedman0/qnxMomenticsIDE/Abgabe3/arm -IC:/Users/hm-wiedman0/qnxMomenticsIDE/Abgabe3 -IC:/qnx660/target/qnx6/usr/include    -EL      -g        -DVARIANT_le -DVARIANT_v7 -DVARIANT_g -DBUILDENV_qss  C:/Users/hm-wiedman0/qnxMomenticsIDE/Abgabe3/Abgabe3.c 
C:/Users/hm-wiedman0/qnxMomenticsIDE/Abgabe3/Abgabe3.c: In function 'waste_msecs':
C:/Users/hm-wiedman0/qnxMomenticsIDE/Abgabe3/Abgabe3.c:13:3: warning: implicit declaration of function 'oneSecMethod' [-Wimplicit-function-declaration]
C:/Users/hm-wiedman0/qnxMomenticsIDE/Abgabe3/Abgabe3.c: At top level:
C:/Users/hm-wiedman0/qnxMomenticsIDE/Abgabe3/Abgabe3.c:17:6: warning: conflicting types for 'oneSecMethod' [enabled by default]
C:/Users/hm-wiedman0/qnxMomenticsIDE/Abgabe3/Abgabe3.c:13:3: note: previous implicit declaration of 'oneSecMethod' was here
C:/Users/hm-wiedman0/qnxMomenticsIDE/Abgabe3/Abgabe3.c: In function 'oneSecMethod':
C:/Users/hm-wiedman0/qnxMomenticsIDE/Abgabe3/Abgabe3.c:18:34: warning: variable 'sum' set but not used [-Wunused-but-set-variable]
C:/Users/hm-wiedman0/qnxMomenticsIDE/Abgabe3/Abgabe3.c: In function 'function':
C:/Users/hm-wiedman0/qnxMomenticsIDE/Abgabe3/Abgabe3.c:33:3: warning: return makes pointer from integer without a cast [enabled by default]
C:/Users/hm-wiedman0/qnxMomenticsIDE/Abgabe3/Abgabe3.c:40:3: warning: return makes pointer from integer without a cast [enabled by default]
C:/Users/hm-wiedman0/qnxMomenticsIDE/Abgabe3/Abgabe3.c:46:2: warning: format '%ld' expects argument of type 'long int', but argument 2 has type 'time_t' [-Wformat]
C:/Users/hm-wiedman0/qnxMomenticsIDE/Abgabe3/Abgabe3.c:47:2: warning: format '%ld' expects argument of type 'long int', but argument 2 has type 'time_t' [-Wformat]
C:/Users/hm-wiedman0/qnxMomenticsIDE/Abgabe3/Abgabe3.c: In function 'main':
C:/Users/hm-wiedman0/qnxMomenticsIDE/Abgabe3/Abgabe3.c:67:3: warning: implicit declaration of function 'strerror' [-Wimplicit-function-declaration]
C:/Users/hm-wiedman0/qnxMomenticsIDE/Abgabe3/Abgabe3.c: In function 'function':
C:/Users/hm-wiedman0/qnxMomenticsIDE/Abgabe3/Abgabe3.c:49:1: warning: control reaches end of non-void function [-Wreturn-type]
C:/qnx660/host/win32/x86/usr/bin/rm -f  C:/Users/hm-wiedman0/qnxMomenticsIDE/Abgabe3/arm/o-le-v7-g/Abgabe3_g
C:/qnx660/host/win32/x86/usr/bin/qcc -Vgcc_ntoarmv7 -Wl,--no-keep-memory     -o C:/Users/hm-wiedman0/qnxMomenticsIDE/Abgabe3/arm/o-le-v7-g/Abgabe3_g    Abgabe3.o   -L . -L C:/qnx660/target/qnx6/armle-v7/lib -L C:/qnx660/target/qnx6/armle-v7/usr/lib  -Wl,--rpath-link . -Wl,--rpath-link C:/qnx660/target/qnx6/armle-v7/lib -Wl,--rpath-link C:/qnx660/target/qnx6/armle-v7/usr/lib    -EL      -g         
make.exe[2]: Leaving directory `C:/Users/hm-wiedman0/qnxMomenticsIDE/Abgabe3/arm/o-le-v7-g'
make.exe[1]: Leaving directory `C:/Users/hm-wiedman0/qnxMomenticsIDE/Abgabe3/arm'
"C:\\qnx660\\host\\win32\\x86\\usr\\bin\\make.exe" -k CPULIST=arm VARIANTLIST=g all --file=C:/Users/HM-WIE~1/AppData/Local/Temp/QMakefile15730571994174807445454712062144.tmp 
C:/qnx660/host/win32/x86/usr/bin/make.exe -j 1 -Carm -fMakefile all
make.exe[1]: Entering directory `C:/Users/hm-wiedman0/qnxMomenticsIDE/Abgabe3/arm'
C:/qnx660/host/win32/x86/usr/bin/make.exe -j 1 -Co-le-v7-g -fMakefile all
make.exe[2]: Entering directory `C:/Users/hm-wiedman0/qnxMomenticsIDE/Abgabe3/arm/o-le-v7-g'
C:/qnx660/host/win32/x86/usr/bin/qcc -Vgcc_ntoarmv7 -c  -Wc,-Wall             -I. -IC:/Users/hm-wiedman0/qnxMomenticsIDE/Abgabe3/arm/le.v7 -IC:/Users/hm-wiedman0/qnxMomenticsIDE/Abgabe3/arm/o-le-v7-g -IC:/Users/hm-wiedman0/qnxMomenticsIDE/Abgabe3/arm -IC:/Users/hm-wiedman0/qnxMomenticsIDE/Abgabe3 -IC:/qnx660/target/qnx6/usr/include    -EL      -g        -DVARIANT_le -DVARIANT_v7 -DVARIANT_g -DBUILDENV_qss  C:/Users/hm-wiedman0/qnxMomenticsIDE/Abgabe3/Abgabe3.c 
C:/Users/hm-wiedman0/qnxMomenticsIDE/Abgabe3/Abgabe3.c: In function 'waste_msecs':
C:/Users/hm-wiedman0/qnxMomenticsIDE/Abgabe3/Abgabe3.c:13:3: warning: implicit declaration of function 'oneSecMethod' [-Wimplicit-function-declaration]
C:/Users/hm-wiedman0/qnxMomenticsIDE/Abgabe3/Abgabe3.c: At top level:
C:/Users/hm-wiedman0/qnxMomenticsIDE/Abgabe3/Abgabe3.c:17:6: warning: conflicting types for 'oneSecMethod' [enabled by default]
C:/Users/hm-wiedman0/qnxMomenticsIDE/Abgabe3/Abgabe3.c:13:3: note: previous implicit declaration of 'oneSecMethod' was here
C:/Users/hm-wiedman0/qnxMomenticsIDE/Abgabe3/Abgabe3.c: In function 'oneSecMethod':
C:/Users/hm-wiedman0/qnxMomenticsIDE/Abgabe3/Abgabe3.c:18:34: warning: variable 'sum' set but not used [-Wunused-but-set-variable]
C:/Users/hm-wiedman0/qnxMomenticsIDE/Abgabe3/Abgabe3.c: In function 'function':
C:/Users/hm-wiedman0/qnxMomenticsIDE/Abgabe3/Abgabe3.c:33:3: warning: return makes pointer from integer without a cast [enabled by default]
C:/Users/hm-wiedman0/qnxMomenticsIDE/Abgabe3/Abgabe3.c:40:3: warning: return makes pointer from integer without a cast [enabled by default]
C:/Users/hm-wiedman0/qnxMomenticsIDE/Abgabe3/Abgabe3.c:46:2: warning: format '%ld' expects argument of type 'long int', but argument 2 has type 'time_t' [-Wformat]
C:/Users/hm-wiedman0/qnxMomenticsIDE/Abgabe3/Abgabe3.c:47:2: warning: format '%ld' expects argument of type 'long int', but argument 2 has type 'time_t' [-Wformat]
C:/Users/hm-wiedman0/qnxMomenticsIDE/Abgabe3/Abgabe3.c: In function 'main':
C:/Users/hm-wiedman0/qnxMomenticsIDE/Abgabe3/Abgabe3.c:67:3: warning: implicit declaration of function 'strerror' [-Wimplicit-function-declaration]
C:/Users/hm-wiedman0/qnxMomenticsIDE/Abgabe3/Abgabe3.c: In function 'function':
C:/Users/hm-wiedman0/qnxMomenticsIDE/Abgabe3/Abgabe3.c:49:1: warning: control reaches end of non-void function [-Wreturn-type]
C:/qnx660/host/win32/x86/usr/bin/rm -f  C:/Users/hm-wiedman0/qnxMomenticsIDE/Abgabe3/arm/o-le-v7-g/Abgabe3_g
C:/qnx660/host/win32/x86/usr/bin/qcc -Vgcc_ntoarmv7 -Wl,--no-keep-memory     -o C:/Users/hm-wiedman0/qnxMomenticsIDE/Abgabe3/arm/o-le-v7-g/Abgabe3_g    Abgabe3.o   -L . -L C:/qnx660/target/qnx6/armle-v7/lib -L C:/qnx660/target/qnx6/armle-v7/usr/lib  -Wl,--rpath-link . -Wl,--rpath-link C:/qnx660/target/qnx6/armle-v7/lib -Wl,--rpath-link C:/qnx660/target/qnx6/armle-v7/usr/lib    -EL      -g         
make.exe[2]: Leaving directory `C:/Users/hm-wiedman0/qnxMomenticsIDE/Abgabe3/arm/o-le-v7-g'
make.exe[1]: Leaving directory `C:/Users/hm-wiedman0/qnxMomenticsIDE/Abgabe3/arm'
"C:\\qnx660\\host\\win32\\x86\\usr\\bin\\make.exe" -k CPULIST=arm VARIANTLIST=g all --file=C:/Users/HM-WIE~1/AppData/Local/Temp/QMakefile15730572544715781729906565567954.tmp 
C:/qnx660/host/win32/x86/usr/bin/make.exe -j 1 -Carm -fMakefile all
make.exe[1]: Entering directory `C:/Users/hm-wiedman0/qnxMomenticsIDE/Abgabe3/arm'
C:/qnx660/host/win32/x86/usr/bin/make.exe -j 1 -Co-le-v7-g -fMakefile all
make.exe[2]: Entering directory `C:/Users/hm-wiedman0/qnxMomenticsIDE/Abgabe3/arm/o-le-v7-g'
C:/qnx660/host/win32/x86/usr/bin/qcc -Vgcc_ntoarmv7 -c  -Wc,-Wall             -I. -IC:/Users/hm-wiedman0/qnxMomenticsIDE/Abgabe3/arm/le.v7 -IC:/Users/hm-wiedman0/qnxMomenticsIDE/Abgabe3/arm/o-le-v7-g -IC:/Users/hm-wiedman0/qnxMomenticsIDE/Abgabe3/arm -IC:/Users/hm-wiedman0/qnxMomenticsIDE/Abgabe3 -IC:/qnx660/target/qnx6/usr/include    -EL      -g        -DVARIANT_le -DVARIANT_v7 -DVARIANT_g -DBUILDENV_qss  C:/Users/hm-wiedman0/qnxMomenticsIDE/Abgabe3/Abgabe3.c 
C:/Users/hm-wiedman0/qnxMomenticsIDE/Abgabe3/Abgabe3.c: In function 'waste_msecs':
C:/Users/hm-wiedman0/qnxMomenticsIDE/Abgabe3/Abgabe3.c:13:3: warning: implicit declaration of function 'oneSecMethod' [-Wimplicit-function-declaration]
C:/Users/hm-wiedman0/qnxMomenticsIDE/Abgabe3/Abgabe3.c: At top level:
C:/Users/hm-wiedman0/qnxMomenticsIDE/Abgabe3/Abgabe3.c:17:6: warning: conflicting types for 'oneSecMethod' [enabled by default]
C:/Users/hm-wiedman0/qnxMomenticsIDE/Abgabe3/Abgabe3.c:13:3: note: previous implicit declaration of 'oneSecMethod' was here
C:/Users/hm-wiedman0/qnxMomenticsIDE/Abgabe3/Abgabe3.c: In function 'oneSecMethod':
C:/Users/hm-wiedman0/qnxMomenticsIDE/Abgabe3/Abgabe3.c:18:34: warning: variable 'sum' set but not used [-Wunused-but-set-variable]
C:/Users/hm-wiedman0/qnxMomenticsIDE/Abgabe3/Abgabe3.c: In function 'function':
C:/Users/hm-wiedman0/qnxMomenticsIDE/Abgabe3/Abgabe3.c:33:3: warning: return makes pointer from integer without a cast [enabled by default]
C:/Users/hm-wiedman0/qnxMomenticsIDE/Abgabe3/Abgabe3.c:40:3: warning: return makes pointer from integer without a cast [enabled by default]
C:/Users/hm-wiedman0/qnxMomenticsIDE/Abgabe3/Abgabe3.c:46:2: warning: format '%ld' expects argument of type 'long int', but argument 2 has type 'time_t' [-Wformat]
C:/Users/hm-wiedman0/qnxMomenticsIDE/Abgabe3/Abgabe3.c:47:2: warning: format '%ld' expects argument of type 'long int', but argument 2 has type 'time_t' [-Wformat]
C:/Users/hm-wiedman0/qnxMomenticsIDE/Abgabe3/Abgabe3.c: In function 'main':
C:/Users/hm-wiedman0/qnxMomenticsIDE/Abgabe3/Abgabe3.c:67:3: warning: implicit declaration of function 'strerror' [-Wimplicit-function-declaration]
C:/Users/hm-wiedman0/qnxMomenticsIDE/Abgabe3/Abgabe3.c: In function 'function':
C:/Users/hm-wiedman0/qnxMomenticsIDE/Abgabe3/Abgabe3.c:49:1: warning: control reaches end of non-void function [-Wreturn-type]
C:/qnx660/host/win32/x86/usr/bin/rm -f  C:/Users/hm-wiedman0/qnxMomenticsIDE/Abgabe3/arm/o-le-v7-g/Abgabe3_g
C:/qnx660/host/win32/x86/usr/bin/qcc -Vgcc_ntoarmv7 -Wl,--no-keep-memory     -o C:/Users/hm-wiedman0/qnxMomenticsIDE/Abgabe3/arm/o-le-v7-g/Abgabe3_g    Abgabe3.o   -L . -L C:/qnx660/target/qnx6/armle-v7/lib -L C:/qnx660/target/qnx6/armle-v7/usr/lib  -Wl,--rpath-link . -Wl,--rpath-link C:/qnx660/target/qnx6/armle-v7/lib -Wl,--rpath-link C:/qnx660/target/qnx6/armle-v7/usr/lib    -EL      -g         
make.exe[2]: Leaving directory `C:/Users/hm-wiedman0/qnxMomenticsIDE/Abgabe3/arm/o-le-v7-g'
make.exe[1]: Leaving directory `C:/Users/hm-wiedman0/qnxMomenticsIDE/Abgabe3/arm'
"C:\\qnx660\\host\\win32\\x86\\usr\\bin\\make.exe" -k CPULIST=arm VARIANTLIST=g all --file=C:/Users/HM-WIE~1/AppData/Local/Temp/QMakefile15730572802681506346785676351684.tmp 
C:/qnx660/host/win32/x86/usr/bin/make.exe -j 1 -Carm -fMakefile all
make.exe[1]: Entering directory `C:/Users/hm-wiedman0/qnxMomenticsIDE/Abgabe3/arm'
C:/qnx660/host/win32/x86/usr/bin/make.exe -j 1 -Co-le-v7-g -fMakefile all
make.exe[2]: Entering directory `C:/Users/hm-wiedman0/qnxMomenticsIDE/Abgabe3/arm/o-le-v7-g'
make.exe[2]: Nothing to be done for `all'.
make.exe[2]: Leaving directory `C:/Users/hm-wiedman0/qnxMomenticsIDE/Abgabe3/arm/o-le-v7-g'
make.exe[1]: Leaving directory `C:/Users/hm-wiedman0/qnxMomenticsIDE/Abgabe3/arm'
"C:\\qnx660\\host\\win32\\x86\\usr\\bin\\make.exe" -k CPULIST=arm VARIANTLIST=g all --file=C:/Users/HM-WIE~1/AppData/Local/Temp/QMakefile15730573440214198401028884638743.tmp 
C:/qnx660/host/win32/x86/usr/bin/make.exe -j 1 -Carm -fMakefile all
make.exe[1]: Entering directory `C:/Users/hm-wiedman0/qnxMomenticsIDE/Abgabe3/arm'
C:/qnx660/host/win32/x86/usr/bin/make.exe -j 1 -Co-le-v7-g -fMakefile all
make.exe[2]: Entering directory `C:/Users/hm-wiedman0/qnxMomenticsIDE/Abgabe3/arm/o-le-v7-g'
C:/qnx660/host/win32/x86/usr/bin/qcc -Vgcc_ntoarmv7 -c  -Wc,-Wall             -I. -IC:/Users/hm-wiedman0/qnxMomenticsIDE/Abgabe3/arm/le.v7 -IC:/Users/hm-wiedman0/qnxMomenticsIDE/Abgabe3/arm/o-le-v7-g -IC:/Users/hm-wiedman0/qnxMomenticsIDE/Abgabe3/arm -IC:/Users/hm-wiedman0/qnxMomenticsIDE/Abgabe3 -IC:/qnx660/target/qnx6/usr/include    -EL      -g        -DVARIANT_le -DVARIANT_v7 -DVARIANT_g -DBUILDENV_qss  C:/Users/hm-wiedman0/qnxMomenticsIDE/Abgabe3/Abgabe3.c 
C:/Users/hm-wiedman0/qnxMomenticsIDE/Abgabe3/Abgabe3.c: In function 'waste_msecs':
C:/Users/hm-wiedman0/qnxMomenticsIDE/Abgabe3/Abgabe3.c:13:3: warning: implicit declaration of function 'oneSecMethod' [-Wimplicit-function-declaration]
C:/Users/hm-wiedman0/qnxMomenticsIDE/Abgabe3/Abgabe3.c: At top level:
C:/Users/hm-wiedman0/qnxMomenticsIDE/Abgabe3/Abgabe3.c:17:6: warning: conflicting types for 'oneSecMethod' [enabled by default]
C:/Users/hm-wiedman0/qnxMomenticsIDE/Abgabe3/Abgabe3.c:13:3: note: previous implicit declaration of 'oneSecMethod' was here
C:/Users/hm-wiedman0/qnxMomenticsIDE/Abgabe3/Abgabe3.c: In function 'oneSecMethod':
C:/Users/hm-wiedman0/qnxMomenticsIDE/Abgabe3/Abgabe3.c:18:34: warning: variable 'sum' set but not used [-Wunused-but-set-variable]
C:/Users/hm-wiedman0/qnxMomenticsIDE/Abgabe3/Abgabe3.c: In function 'function':
C:/Users/hm-wiedman0/qnxMomenticsIDE/Abgabe3/Abgabe3.c:33:3: warning: return makes pointer from integer without a cast [enabled by default]
C:/Users/hm-wiedman0/qnxMomenticsIDE/Abgabe3/Abgabe3.c:40:3: warning: return makes pointer from integer without a cast [enabled by default]
C:/Users/hm-wiedman0/qnxMomenticsIDE/Abgabe3/Abgabe3.c:46:2: warning: format '%ld' expects argument of type 'long int', but argument 2 has type 'time_t' [-Wformat]
C:/Users/hm-wiedman0/qnxMomenticsIDE/Abgabe3/Abgabe3.c:47:2: warning: format '%ld' expects argument of type 'long int', but argument 2 has type 'time_t' [-Wformat]
C:/Users/hm-wiedman0/qnxMomenticsIDE/Abgabe3/Abgabe3.c: In function 'main':
C:/Users/hm-wiedman0/qnxMomenticsIDE/Abgabe3/Abgabe3.c:67:3: warning: implicit declaration of function 'strerror' [-Wimplicit-function-declaration]
C:/Users/hm-wiedman0/qnxMomenticsIDE/Abgabe3/Abgabe3.c: In function 'function':
C:/Users/hm-wiedman0/qnxMomenticsIDE/Abgabe3/Abgabe3.c:49:1: warning: control reaches end of non-void function [-Wreturn-type]
C:/qnx660/host/win32/x86/usr/bin/rm -f  C:/Users/hm-wiedman0/qnxMomenticsIDE/Abgabe3/arm/o-le-v7-g/Abgabe3_g
C:/qnx660/host/win32/x86/usr/bin/qcc -Vgcc_ntoarmv7 -Wl,--no-keep-memory     -o C:/Users/hm-wiedman0/qnxMomenticsIDE/Abgabe3/arm/o-le-v7-g/Abgabe3_g    Abgabe3.o   -L . -L C:/qnx660/target/qnx6/armle-v7/lib -L C:/qnx660/target/qnx6/armle-v7/usr/lib  -Wl,--rpath-link . -Wl,--rpath-link C:/qnx660/target/qnx6/armle-v7/lib -Wl,--rpath-link C:/qnx660/target/qnx6/armle-v7/usr/lib    -EL      -g         
make.exe[2]: Leaving directory `C:/Users/hm-wiedman0/qnxMomenticsIDE/Abgabe3/arm/o-le-v7-g'
make.exe[1]: Leaving directory `C:/Users/hm-wiedman0/qnxMomenticsIDE/Abgabe3/arm'
"C:\\qnx660\\host\\win32\\x86\\usr\\bin\\make.exe" -k CPULIST=arm VARIANTLIST=g all --file=C:/Users/HM-WIE~1/AppData/Local/Temp/QMakefile15730573731694657598216918217129.tmp 
C:/qnx660/host/win32/x86/usr/bin/make.exe -j 1 -Carm -fMakefile all
make.exe[1]: Entering directory `C:/Users/hm-wiedman0/qnxMomenticsIDE/Abgabe3/arm'
C:/qnx660/host/win32/x86/usr/bin/make.exe -j 1 -Co-le-v7-g -fMakefile all
make.exe[2]: Entering directory `C:/Users/hm-wiedman0/qnxMomenticsIDE/Abgabe3/arm/o-le-v7-g'
C:/qnx660/host/win32/x86/usr/bin/qcc -Vgcc_ntoarmv7 -c  -Wc,-Wall             -I. -IC:/Users/hm-wiedman0/qnxMomenticsIDE/Abgabe3/arm/le.v7 -IC:/Users/hm-wiedman0/qnxMomenticsIDE/Abgabe3/arm/o-le-v7-g -IC:/Users/hm-wiedman0/qnxMomenticsIDE/Abgabe3/arm -IC:/Users/hm-wiedman0/qnxMomenticsIDE/Abgabe3 -IC:/qnx660/target/qnx6/usr/include    -EL      -g        -DVARIANT_le -DVARIANT_v7 -DVARIANT_g -DBUILDENV_qss  C:/Users/hm-wiedman0/qnxMomenticsIDE/Abgabe3/Abgabe3.c 
C:/Users/hm-wiedman0/qnxMomenticsIDE/Abgabe3/Abgabe3.c: In function 'waste_msecs':
C:/Users/hm-wiedman0/qnxMomenticsIDE/Abgabe3/Abgabe3.c:13:3: warning: implicit declaration of function 'oneSecMethod' [-Wimplicit-function-declaration]
C:/Users/hm-wiedman0/qnxMomenticsIDE/Abgabe3/Abgabe3.c: At top level:
C:/Users/hm-wiedman0/qnxMomenticsIDE/Abgabe3/Abgabe3.c:17:6: warning: conflicting types for 'oneSecMethod' [enabled by default]
C:/Users/hm-wiedman0/qnxMomenticsIDE/Abgabe3/Abgabe3.c:13:3: note: previous implicit declaration of 'oneSecMethod' was here
C:/Users/hm-wiedman0/qnxMomenticsIDE/Abgabe3/Abgabe3.c: In function 'oneSecMethod':
C:/Users/hm-wiedman0/qnxMomenticsIDE/Abgabe3/Abgabe3.c:18:34: warning: variable 'sum' set but not used [-Wunused-but-set-variable]
C:/Users/hm-wiedman0/qnxMomenticsIDE/Abgabe3/Abgabe3.c: In function 'function':
C:/Users/hm-wiedman0/qnxMomenticsIDE/Abgabe3/Abgabe3.c:33:3: warning: return makes pointer from integer without a cast [enabled by default]
C:/Users/hm-wiedman0/qnxMomenticsIDE/Abgabe3/Abgabe3.c:40:3: warning: return makes pointer from integer without a cast [enabled by default]
C:/Users/hm-wiedman0/qnxMomenticsIDE/Abgabe3/Abgabe3.c:46:2: warning: format '%ld' expects argument of type 'long int', but argument 2 has type 'time_t' [-Wformat]
C:/Users/hm-wiedman0/qnxMomenticsIDE/Abgabe3/Abgabe3.c:47:2: warning: format '%ld' expects argument of type 'long int', but argument 2 has type 'time_t' [-Wformat]
C:/Users/hm-wiedman0/qnxMomenticsIDE/Abgabe3/Abgabe3.c: In function 'main':
C:/Users/hm-wiedman0/qnxMomenticsIDE/Abgabe3/Abgabe3.c:67:3: warning: implicit declaration of function 'strerror' [-Wimplicit-function-declaration]
C:/Users/hm-wiedman0/qnxMomenticsIDE/Abgabe3/Abgabe3.c: In function 'function':
C:/Users/hm-wiedman0/qnxMomenticsIDE/Abgabe3/Abgabe3.c:49:1: warning: control reaches end of non-void function [-Wreturn-type]
C:/qnx660/host/win32/x86/usr/bin/rm -f  C:/Users/hm-wiedman0/qnxMomenticsIDE/Abgabe3/arm/o-le-v7-g/Abgabe3_g
C:/qnx660/host/win32/x86/usr/bin/qcc -Vgcc_ntoarmv7 -Wl,--no-keep-memory     -o C:/Users/hm-wiedman0/qnxMomenticsIDE/Abgabe3/arm/o-le-v7-g/Abgabe3_g    Abgabe3.o   -L . -L C:/qnx660/target/qnx6/armle-v7/lib -L C:/qnx660/target/qnx6/armle-v7/usr/lib  -Wl,--rpath-link . -Wl,--rpath-link C:/qnx660/target/qnx6/armle-v7/lib -Wl,--rpath-link C:/qnx660/target/qnx6/armle-v7/usr/lib    -EL      -g         
make.exe[2]: Leaving directory `C:/Users/hm-wiedman0/qnxMomenticsIDE/Abgabe3/arm/o-le-v7-g'
make.exe[1]: Leaving directory `C:/Users/hm-wiedman0/qnxMomenticsIDE/Abgabe3/arm'
"C:\\qnx660\\host\\win32\\x86\\usr\\bin\\make.exe" -k CPULIST=arm VARIANTLIST=g all --file=C:/Users/HM-WIE~1/AppData/Local/Temp/QMakefile15730574050212532377690279960304.tmp 
C:/qnx660/host/win32/x86/usr/bin/make.exe -j 1 -Carm -fMakefile all
make.exe[1]: Entering directory `C:/Users/hm-wiedman0/qnxMomenticsIDE/Abgabe3/arm'
C:/qnx660/host/win32/x86/usr/bin/make.exe -j 1 -Co-le-v7-g -fMakefile all
make.exe[2]: Entering directory `C:/Users/hm-wiedman0/qnxMomenticsIDE/Abgabe3/arm/o-le-v7-g'
C:/qnx660/host/win32/x86/usr/bin/qcc -Vgcc_ntoarmv7 -c  -Wc,-Wall             -I. -IC:/Users/hm-wiedman0/qnxMomenticsIDE/Abgabe3/arm/le.v7 -IC:/Users/hm-wiedman0/qnxMomenticsIDE/Abgabe3/arm/o-le-v7-g -IC:/Users/hm-wiedman0/qnxMomenticsIDE/Abgabe3/arm -IC:/Users/hm-wiedman0/qnxMomenticsIDE/Abgabe3 -IC:/qnx660/target/qnx6/usr/include    -EL      -g        -DVARIANT_le -DVARIANT_v7 -DVARIANT_g -DBUILDENV_qss  C:/Users/hm-wiedman0/qnxMomenticsIDE/Abgabe3/Abgabe3.c 
C:/Users/hm-wiedman0/qnxMomenticsIDE/Abgabe3/Abgabe3.c: In function 'waste_msecs':
C:/Users/hm-wiedman0/qnxMomenticsIDE/Abgabe3/Abgabe3.c:13:3: warning: implicit declaration of function 'oneSecMethod' [-Wimplicit-function-declaration]
C:/Users/hm-wiedman0/qnxMomenticsIDE/Abgabe3/Abgabe3.c: At top level:
C:/Users/hm-wiedman0/qnxMomenticsIDE/Abgabe3/Abgabe3.c:17:6: warning: conflicting types for 'oneSecMethod' [enabled by default]
C:/Users/hm-wiedman0/qnxMomenticsIDE/Abgabe3/Abgabe3.c:13:3: note: previous implicit declaration of 'oneSecMethod' was here
C:/Users/hm-wiedman0/qnxMomenticsIDE/Abgabe3/Abgabe3.c: In function 'oneSecMethod':
C:/Users/hm-wiedman0/qnxMomenticsIDE/Abgabe3/Abgabe3.c:18:34: warning: variable 'sum' set but not used [-Wunused-but-set-variable]
C:/Users/hm-wiedman0/qnxMomenticsIDE/Abgabe3/Abgabe3.c: In function 'function':
C:/Users/hm-wiedman0/qnxMomenticsIDE/Abgabe3/Abgabe3.c:33:3: warning: return makes pointer from integer without a cast [enabled by default]
C:/Users/hm-wiedman0/qnxMomenticsIDE/Abgabe3/Abgabe3.c:40:3: warning: return makes pointer from integer without a cast [enabled by default]
C:/Users/hm-wiedman0/qnxMomenticsIDE/Abgabe3/Abgabe3.c:46:2: warning: format '%ld' expects argument of type 'long int', but argument 2 has type 'time_t' [-Wformat]
C:/Users/hm-wiedman0/qnxMomenticsIDE/Abgabe3/Abgabe3.c:47:2: warning: format '%ld' expects argument of type 'long int', but argument 2 has type 'time_t' [-Wformat]
C:/Users/hm-wiedman0/qnxMomenticsIDE/Abgabe3/Abgabe3.c: In function 'main':
C:/Users/hm-wiedman0/qnxMomenticsIDE/Abgabe3/Abgabe3.c:67:3: warning: implicit declaration of function 'strerror' [-Wimplicit-function-declaration]
C:/Users/hm-wiedman0/qnxMomenticsIDE/Abgabe3/Abgabe3.c: In function 'function':
C:/Users/hm-wiedman0/qnxMomenticsIDE/Abgabe3/Abgabe3.c:49:1: warning: control reaches end of non-void function [-Wreturn-type]
C:/qnx660/host/win32/x86/usr/bin/rm -f  C:/Users/hm-wiedman0/qnxMomenticsIDE/Abgabe3/arm/o-le-v7-g/Abgabe3_g
C:/qnx660/host/win32/x86/usr/bin/qcc -Vgcc_ntoarmv7 -Wl,--no-keep-memory     -o C:/Users/hm-wiedman0/qnxMomenticsIDE/Abgabe3/arm/o-le-v7-g/Abgabe3_g    Abgabe3.o   -L . -L C:/qnx660/target/qnx6/armle-v7/lib -L C:/qnx660/target/qnx6/armle-v7/usr/lib  -Wl,--rpath-link . -Wl,--rpath-link C:/qnx660/target/qnx6/armle-v7/lib -Wl,--rpath-link C:/qnx660/target/qnx6/armle-v7/usr/lib    -EL      -g         
make.exe[2]: Leaving directory `C:/Users/hm-wiedman0/qnxMomenticsIDE/Abgabe3/arm/o-le-v7-g'
make.exe[1]: Leaving directory `C:/Users/hm-wiedman0/qnxMomenticsIDE/Abgabe3/arm'
"C:\\qnx660\\host\\win32\\x86\\usr\\bin\\make.exe" -k CPULIST=arm VARIANTLIST=g all --file=C:/Users/HM-WIE~1/AppData/Local/Temp/QMakefile15730574376148734552833579012774.tmp 
C:/qnx660/host/win32/x86/usr/bin/make.exe -j 1 -Carm -fMakefile all
make.exe[1]: Entering directory `C:/Users/hm-wiedman0/qnxMomenticsIDE/Abgabe3/arm'
C:/qnx660/host/win32/x86/usr/bin/make.exe -j 1 -Co-le-v7-g -fMakefile all
make.exe[2]: Entering directory `C:/Users/hm-wiedman0/qnxMomenticsIDE/Abgabe3/arm/o-le-v7-g'
make.exe[2]: Nothing to be done for `all'.
make.exe[2]: Leaving directory `C:/Users/hm-wiedman0/qnxMomenticsIDE/Abgabe3/arm/o-le-v7-g'
make.exe[1]: Leaving directory `C:/Users/hm-wiedman0/qnxMomenticsIDE/Abgabe3/arm'
"C:\\qnx660\\host\\win32\\x86\\usr\\bin\\make.exe" -k CPULIST=arm VARIANTLIST=g all --file=C:/Users/HM-WIE~1/AppData/Local/Temp/QMakefile15730574730041595953996028003819.tmp 
C:/qnx660/host/win32/x86/usr/bin/make.exe -j 1 -Carm -fMakefile all
make.exe[1]: Entering directory `C:/Users/hm-wiedman0/qnxMomenticsIDE/Abgabe3/arm'
C:/qnx660/host/win32/x86/usr/bin/make.exe -j 1 -Co-le-v7-g -fMakefile all
make.exe[2]: Entering directory `C:/Users/hm-wiedman0/qnxMomenticsIDE/Abgabe3/arm/o-le-v7-g'
C:/qnx660/host/win32/x86/usr/bin/qcc -Vgcc_ntoarmv7 -c  -Wc,-Wall             -I. -IC:/Users/hm-wiedman0/qnxMomenticsIDE/Abgabe3/arm/le.v7 -IC:/Users/hm-wiedman0/qnxMomenticsIDE/Abgabe3/arm/o-le-v7-g -IC:/Users/hm-wiedman0/qnxMomenticsIDE/Abgabe3/arm -IC:/Users/hm-wiedman0/qnxMomenticsIDE/Abgabe3 -IC:/qnx660/target/qnx6/usr/include    -EL      -g        -DVARIANT_le -DVARIANT_v7 -DVARIANT_g -DBUILDENV_qss  C:/Users/hm-wiedman0/qnxMomenticsIDE/Abgabe3/Abgabe3.c 
C:/Users/hm-wiedman0/qnxMomenticsIDE/Abgabe3/Abgabe3.c: In function 'waste_msecs':
C:/Users/hm-wiedman0/qnxMomenticsIDE/Abgabe3/Abgabe3.c:13:3: warning: implicit declaration of function 'oneSecMethod' [-Wimplicit-function-declaration]
C:/Users/hm-wiedman0/qnxMomenticsIDE/Abgabe3/Abgabe3.c: At top level:
C:/Users/hm-wiedman0/qnxMomenticsIDE/Abgabe3/Abgabe3.c:17:6: warning: conflicting types for 'oneSecMethod' [enabled by default]
C:/Users/hm-wiedman0/qnxMomenticsIDE/Abgabe3/Abgabe3.c:13:3: note: previous implicit declaration of 'oneSecMethod' was here
C:/Users/hm-wiedman0/qnxMomenticsIDE/Abgabe3/Abgabe3.c: In function 'oneSecMethod':
C:/Users/hm-wiedman0/qnxMomenticsIDE/Abgabe3/Abgabe3.c:18:34: warning: variable 'sum' set but not used [-Wunused-but-set-variable]
C:/Users/hm-wiedman0/qnxMomenticsIDE/Abgabe3/Abgabe3.c: In function 'function':
C:/Users/hm-wiedman0/qnxMomenticsIDE/Abgabe3/Abgabe3.c:33:3: warning: return makes pointer from integer without a cast [enabled by default]
C:/Users/hm-wiedman0/qnxMomenticsIDE/Abgabe3/Abgabe3.c:40:3: warning: return makes pointer from integer without a cast [enabled by default]
C:/Users/hm-wiedman0/qnxMomenticsIDE/Abgabe3/Abgabe3.c:46:2: warning: format '%ld' expects argument of type 'long int', but argument 2 has type 'time_t' [-Wformat]
C:/Users/hm-wiedman0/qnxMomenticsIDE/Abgabe3/Abgabe3.c:47:2: warning: format '%ld' expects argument of type 'long int', but argument 2 has type 'time_t' [-Wformat]
C:/Users/hm-wiedman0/qnxMomenticsIDE/Abgabe3/Abgabe3.c: In function 'main':
C:/Users/hm-wiedman0/qnxMomenticsIDE/Abgabe3/Abgabe3.c:67:3: warning: implicit declaration of function 'strerror' [-Wimplicit-function-declaration]
C:/Users/hm-wiedman0/qnxMomenticsIDE/Abgabe3/Abgabe3.c: In function 'function':
C:/Users/hm-wiedman0/qnxMomenticsIDE/Abgabe3/Abgabe3.c:49:1: warning: control reaches end of non-void function [-Wreturn-type]
C:/qnx660/host/win32/x86/usr/bin/rm -f  C:/Users/hm-wiedman0/qnxMomenticsIDE/Abgabe3/arm/o-le-v7-g/Abgabe3_g
C:/qnx660/host/win32/x86/usr/bin/qcc -Vgcc_ntoarmv7 -Wl,--no-keep-memory     -o C:/Users/hm-wiedman0/qnxMomenticsIDE/Abgabe3/arm/o-le-v7-g/Abgabe3_g    Abgabe3.o   -L . -L C:/qnx660/target/qnx6/armle-v7/lib -L C:/qnx660/target/qnx6/armle-v7/usr/lib  -Wl,--rpath-link . -Wl,--rpath-link C:/qnx660/target/qnx6/armle-v7/lib -Wl,--rpath-link C:/qnx660/target/qnx6/armle-v7/usr/lib    -EL      -g         
make.exe[2]: Leaving directory `C:/Users/hm-wiedman0/qnxMomenticsIDE/Abgabe3/arm/o-le-v7-g'
make.exe[1]: Leaving directory `C:/Users/hm-wiedman0/qnxMomenticsIDE/Abgabe3/arm'
"C:\\qnx660\\host\\win32\\x86\\usr\\bin\\make.exe" -k CPULIST=arm VARIANTLIST=g all --file=C:/Users/HM-WIE~1/AppData/Local/Temp/QMakefile1573057488508655573524070877156.tmp 
C:/qnx660/host/win32/x86/usr/bin/make.exe -j 1 -Carm -fMakefile all
make.exe[1]: Entering directory `C:/Users/hm-wiedman0/qnxMomenticsIDE/Abgabe3/arm'
C:/qnx660/host/win32/x86/usr/bin/make.exe -j 1 -Co-le-v7-g -fMakefile all
make.exe[2]: Entering directory `C:/Users/hm-wiedman0/qnxMomenticsIDE/Abgabe3/arm/o-le-v7-g'
make.exe[2]: Nothing to be done for `all'.
make.exe[2]: Leaving directory `C:/Users/hm-wiedman0/qnxMomenticsIDE/Abgabe3/arm/o-le-v7-g'
make.exe[1]: Leaving directory `C:/Users/hm-wiedman0/qnxMomenticsIDE/Abgabe3/arm'
"C:\\qnx660\\host\\win32\\x86\\usr\\bin\\make.exe" -k CPULIST=arm VARIANTLIST=g all --file=C:/Users/HM-WIE~1/AppData/Local/Temp/QMakefile1573057531939808595888457474434.tmp 
C:/qnx660/host/win32/x86/usr/bin/make.exe -j 1 -Carm -fMakefile all
make.exe[1]: Entering directory `C:/Users/hm-wiedman0/qnxMomenticsIDE/Abgabe3/arm'
C:/qnx660/host/win32/x86/usr/bin/make.exe -j 1 -Co-le-v7-g -fMakefile all
make.exe[2]: Entering directory `C:/Users/hm-wiedman0/qnxMomenticsIDE/Abgabe3/arm/o-le-v7-g'
C:/qnx660/host/win32/x86/usr/bin/qcc -Vgcc_ntoarmv7 -c  -Wc,-Wall             -I. -IC:/Users/hm-wiedman0/qnxMomenticsIDE/Abgabe3/arm/le.v7 -IC:/Users/hm-wiedman0/qnxMomenticsIDE/Abgabe3/arm/o-le-v7-g -IC:/Users/hm-wiedman0/qnxMomenticsIDE/Abgabe3/arm -IC:/Users/hm-wiedman0/qnxMomenticsIDE/Abgabe3 -IC:/qnx660/target/qnx6/usr/include    -EL      -g        -DVARIANT_le -DVARIANT_v7 -DVARIANT_g -DBUILDENV_qss  C:/Users/hm-wiedman0/qnxMomenticsIDE/Abgabe3/Abgabe3.c 
C:/Users/hm-wiedman0/qnxMomenticsIDE/Abgabe3/Abgabe3.c: In function 'waste_msecs':
C:/Users/hm-wiedman0/qnxMomenticsIDE/Abgabe3/Abgabe3.c:13:3: warning: implicit declaration of function 'oneSecMethod' [-Wimplicit-function-declaration]
C:/Users/hm-wiedman0/qnxMomenticsIDE/Abgabe3/Abgabe3.c: At top level:
C:/Users/hm-wiedman0/qnxMomenticsIDE/Abgabe3/Abgabe3.c:17:6: warning: conflicting types for 'oneSecMethod' [enabled by default]
C:/Users/hm-wiedman0/qnxMomenticsIDE/Abgabe3/Abgabe3.c:13:3: note: previous implicit declaration of 'oneSecMethod' was here
C:/Users/hm-wiedman0/qnxMomenticsIDE/Abgabe3/Abgabe3.c: In function 'oneSecMethod':
C:/Users/hm-wiedman0/qnxMomenticsIDE/Abgabe3/Abgabe3.c:18:34: warning: variable 'sum' set but not used [-Wunused-but-set-variable]
C:/Users/hm-wiedman0/qnxMomenticsIDE/Abgabe3/Abgabe3.c: In function 'function':
C:/Users/hm-wiedman0/qnxMomenticsIDE/Abgabe3/Abgabe3.c:33:3: warning: return makes pointer from integer without a cast [enabled by default]
C:/Users/hm-wiedman0/qnxMomenticsIDE/Abgabe3/Abgabe3.c:40:3: warning: return makes pointer from integer without a cast [enabled by default]
C:/Users/hm-wiedman0/qnxMomenticsIDE/Abgabe3/Abgabe3.c:46:2: warning: format '%ld' expects argument of type 'long int', but argument 2 has type 'time_t' [-Wformat]
C:/Users/hm-wiedman0/qnxMomenticsIDE/Abgabe3/Abgabe3.c:47:2: warning: format '%ld' expects argument of type 'long int', but argument 2 has type 'time_t' [-Wformat]
C:/Users/hm-wiedman0/qnxMomenticsIDE/Abgabe3/Abgabe3.c: In function 'main':
C:/Users/hm-wiedman0/qnxMomenticsIDE/Abgabe3/Abgabe3.c:67:3: warning: implicit declaration of function 'strerror' [-Wimplicit-function-declaration]
C:/Users/hm-wiedman0/qnxMomenticsIDE/Abgabe3/Abgabe3.c: In function 'function':
C:/Users/hm-wiedman0/qnxMomenticsIDE/Abgabe3/Abgabe3.c:49:1: warning: control reaches end of non-void function [-Wreturn-type]
C:/qnx660/host/win32/x86/usr/bin/rm -f  C:/Users/hm-wiedman0/qnxMomenticsIDE/Abgabe3/arm/o-le-v7-g/Abgabe3_g
C:/qnx660/host/win32/x86/usr/bin/qcc -Vgcc_ntoarmv7 -Wl,--no-keep-memory     -o C:/Users/hm-wiedman0/qnxMomenticsIDE/Abgabe3/arm/o-le-v7-g/Abgabe3_g    Abgabe3.o   -L . -L C:/qnx660/target/qnx6/armle-v7/lib -L C:/qnx660/target/qnx6/armle-v7/usr/lib  -Wl,--rpath-link . -Wl,--rpath-link C:/qnx660/target/qnx6/armle-v7/lib -Wl,--rpath-link C:/qnx660/target/qnx6/armle-v7/usr/lib    -EL      -g         
make.exe[2]: Leaving directory `C:/Users/hm-wiedman0/qnxMomenticsIDE/Abgabe3/arm/o-le-v7-g'
make.exe[1]: Leaving directory `C:/Users/hm-wiedman0/qnxMomenticsIDE/Abgabe3/arm'
"C:\\qnx660\\host\\win32\\x86\\usr\\bin\\make.exe" -k CPULIST=arm VARIANTLIST=g all --file=C:/Users/HM-WIE~1/AppData/Local/Temp/QMakefile15730576536483299058278882698781.tmp 
C:/qnx660/host/win32/x86/usr/bin/make.exe -j 1 -Carm -fMakefile all
make.exe[1]: Entering directory `C:/Users/hm-wiedman0/qnxMomenticsIDE/Abgabe3/arm'
C:/qnx660/host/win32/x86/usr/bin/make.exe -j 1 -Co-le-v7-g -fMakefile all
make.exe[2]: Entering directory `C:/Users/hm-wiedman0/qnxMomenticsIDE/Abgabe3/arm/o-le-v7-g'
C:/qnx660/host/win32/x86/usr/bin/qcc -Vgcc_ntoarmv7 -c  -Wc,-Wall             -I. -IC:/Users/hm-wiedman0/qnxMomenticsIDE/Abgabe3/arm/le.v7 -IC:/Users/hm-wiedman0/qnxMomenticsIDE/Abgabe3/arm/o-le-v7-g -IC:/Users/hm-wiedman0/qnxMomenticsIDE/Abgabe3/arm -IC:/Users/hm-wiedman0/qnxMomenticsIDE/Abgabe3 -IC:/qnx660/target/qnx6/usr/include    -EL      -g        -DVARIANT_le -DVARIANT_v7 -DVARIANT_g -DBUILDENV_qss  C:/Users/hm-wiedman0/qnxMomenticsIDE/Abgabe3/Abgabe3.c 
C:/Users/hm-wiedman0/qnxMomenticsIDE/Abgabe3/Abgabe3.c: In function 'waste_msecs':
C:/Users/hm-wiedman0/qnxMomenticsIDE/Abgabe3/Abgabe3.c:13:3: warning: implicit declaration of function 'oneSecMethod' [-Wimplicit-function-declaration]
C:/Users/hm-wiedman0/qnxMomenticsIDE/Abgabe3/Abgabe3.c: At top level:
C:/Users/hm-wiedman0/qnxMomenticsIDE/Abgabe3/Abgabe3.c:17:6: warning: conflicting types for 'oneSecMethod' [enabled by default]
C:/Users/hm-wiedman0/qnxMomenticsIDE/Abgabe3/Abgabe3.c:13:3: note: previous implicit declaration of 'oneSecMethod' was here
C:/Users/hm-wiedman0/qnxMomenticsIDE/Abgabe3/Abgabe3.c: In function 'oneSecMethod':
C:/Users/hm-wiedman0/qnxMomenticsIDE/Abgabe3/Abgabe3.c:18:34: warning: variable 'sum' set but not used [-Wunused-but-set-variable]
C:/Users/hm-wiedman0/qnxMomenticsIDE/Abgabe3/Abgabe3.c: In function 'function':
C:/Users/hm-wiedman0/qnxMomenticsIDE/Abgabe3/Abgabe3.c:33:3: warning: return makes pointer from integer without a cast [enabled by default]
C:/Users/hm-wiedman0/qnxMomenticsIDE/Abgabe3/Abgabe3.c:40:3: warning: return makes pointer from integer without a cast [enabled by default]
C:/Users/hm-wiedman0/qnxMomenticsIDE/Abgabe3/Abgabe3.c:46:2: warning: format '%ld' expects argument of type 'long int', but argument 2 has type 'time_t' [-Wformat]
C:/Users/hm-wiedman0/qnxMomenticsIDE/Abgabe3/Abgabe3.c:47:2: warning: format '%ld' expects argument of type 'long int', but argument 2 has type 'time_t' [-Wformat]
C:/Users/hm-wiedman0/qnxMomenticsIDE/Abgabe3/Abgabe3.c: In function 'main':
C:/Users/hm-wiedman0/qnxMomenticsIDE/Abgabe3/Abgabe3.c:67:3: warning: implicit declaration of function 'strerror' [-Wimplicit-function-declaration]
C:/Users/hm-wiedman0/qnxMomenticsIDE/Abgabe3/Abgabe3.c: In function 'function':
C:/Users/hm-wiedman0/qnxMomenticsIDE/Abgabe3/Abgabe3.c:49:1: warning: control reaches end of non-void function [-Wreturn-type]
C:/qnx660/host/win32/x86/usr/bin/rm -f  C:/Users/hm-wiedman0/qnxMomenticsIDE/Abgabe3/arm/o-le-v7-g/Abgabe3_g
C:/qnx660/host/win32/x86/usr/bin/qcc -Vgcc_ntoarmv7 -Wl,--no-keep-memory     -o C:/Users/hm-wiedman0/qnxMomenticsIDE/Abgabe3/arm/o-le-v7-g/Abgabe3_g    Abgabe3.o   -L . -L C:/qnx660/target/qnx6/armle-v7/lib -L C:/qnx660/target/qnx6/armle-v7/usr/lib  -Wl,--rpath-link . -Wl,--rpath-link C:/qnx660/target/qnx6/armle-v7/lib -Wl,--rpath-link C:/qnx660/target/qnx6/armle-v7/usr/lib    -EL      -g         
make.exe[2]: Leaving directory `C:/Users/hm-wiedman0/qnxMomenticsIDE/Abgabe3/arm/o-le-v7-g'
make.exe[1]: Leaving directory `C:/Users/hm-wiedman0/qnxMomenticsIDE/Abgabe3/arm'
"C:\\qnx660\\host\\win32\\x86\\usr\\bin\\make.exe" -k CPULIST=arm VARIANTLIST=g all --file=C:/Users/HM-WIE~1/AppData/Local/Temp/QMakefile15730577426935941026713436050855.tmp 
C:/qnx660/host/win32/x86/usr/bin/make.exe -j 1 -Carm -fMakefile all
make.exe[1]: Entering directory `C:/Users/hm-wiedman0/qnxMomenticsIDE/Abgabe3/arm'
C:/qnx660/host/win32/x86/usr/bin/make.exe -j 1 -Co-le-v7-g -fMakefile all
make.exe[2]: Entering directory `C:/Users/hm-wiedman0/qnxMomenticsIDE/Abgabe3/arm/o-le-v7-g'
make.exe[2]: Nothing to be done for `all'.
make.exe[2]: Leaving directory `C:/Users/hm-wiedman0/qnxMomenticsIDE/Abgabe3/arm/o-le-v7-g'
make.exe[1]: Leaving directory `C:/Users/hm-wiedman0/qnxMomenticsIDE/Abgabe3/arm'
"C:\\qnx660\\host\\win32\\x86\\usr\\bin\\make.exe" -k CPULIST=arm VARIANTLIST=g all --file=C:/Users/HM-WIE~1/AppData/Local/Temp/QMakefile15730577767134439198692545325756.tmp 
C:/qnx660/host/win32/x86/usr/bin/make.exe -j 1 -Carm -fMakefile all
make.exe[1]: Entering directory `C:/Users/hm-wiedman0/qnxMomenticsIDE/Abgabe3/arm'
C:/qnx660/host/win32/x86/usr/bin/make.exe -j 1 -Co-le-v7-g -fMakefile all
make.exe[2]: Entering directory `C:/Users/hm-wiedman0/qnxMomenticsIDE/Abgabe3/arm/o-le-v7-g'
C:/qnx660/host/win32/x86/usr/bin/qcc -Vgcc_ntoarmv7 -c  -Wc,-Wall             -I. -IC:/Users/hm-wiedman0/qnxMomenticsIDE/Abgabe3/arm/le.v7 -IC:/Users/hm-wiedman0/qnxMomenticsIDE/Abgabe3/arm/o-le-v7-g -IC:/Users/hm-wiedman0/qnxMomenticsIDE/Abgabe3/arm -IC:/Users/hm-wiedman0/qnxMomenticsIDE/Abgabe3 -IC:/qnx660/target/qnx6/usr/include    -EL      -g        -DVARIANT_le -DVARIANT_v7 -DVARIANT_g -DBUILDENV_qss  C:/Users/hm-wiedman0/qnxMomenticsIDE/Abgabe3/Abgabe3.c 
C:/Users/hm-wiedman0/qnxMomenticsIDE/Abgabe3/Abgabe3.c: In function 'waste_msecs':
C:/Users/hm-wiedman0/qnxMomenticsIDE/Abgabe3/Abgabe3.c:13:3: warning: implicit declaration of function 'oneSecMethod' [-Wimplicit-function-declaration]
C:/Users/hm-wiedman0/qnxMomenticsIDE/Abgabe3/Abgabe3.c: At top level:
C:/Users/hm-wiedman0/qnxMomenticsIDE/Abgabe3/Abgabe3.c:17:6: warning: conflicting types for 'oneSecMethod' [enabled by default]
C:/Users/hm-wiedman0/qnxMomenticsIDE/Abgabe3/Abgabe3.c:13:3: note: previous implicit declaration of 'oneSecMethod' was here
C:/Users/hm-wiedman0/qnxMomenticsIDE/Abgabe3/Abgabe3.c: In function 'oneSecMethod':
C:/Users/hm-wiedman0/qnxMomenticsIDE/Abgabe3/Abgabe3.c:18:34: warning: variable 'sum' set but not used [-Wunused-but-set-variable]
C:/Users/hm-wiedman0/qnxMomenticsIDE/Abgabe3/Abgabe3.c: In function 'function':
C:/Users/hm-wiedman0/qnxMomenticsIDE/Abgabe3/Abgabe3.c:33:3: warning: return makes pointer from integer without a cast [enabled by default]
C:/Users/hm-wiedman0/qnxMomenticsIDE/Abgabe3/Abgabe3.c:40:3: warning: return makes pointer from integer without a cast [enabled by default]
C:/Users/hm-wiedman0/qnxMomenticsIDE/Abgabe3/Abgabe3.c:46:2: warning: format '%ld' expects argument of type 'long int', but argument 2 has type 'time_t' [-Wformat]
C:/Users/hm-wiedman0/qnxMomenticsIDE/Abgabe3/Abgabe3.c:47:2: warning: format '%ld' expects argument of type 'long int', but argument 2 has type 'time_t' [-Wformat]
C:/Users/hm-wiedman0/qnxMomenticsIDE/Abgabe3/Abgabe3.c: In function 'main':
C:/Users/hm-wiedman0/qnxMomenticsIDE/Abgabe3/Abgabe3.c:67:3: warning: implicit declaration of function 'strerror' [-Wimplicit-function-declaration]
C:/Users/hm-wiedman0/qnxMomenticsIDE/Abgabe3/Abgabe3.c: In function 'function':
C:/Users/hm-wiedman0/qnxMomenticsIDE/Abgabe3/Abgabe3.c:49:1: warning: control reaches end of non-void function [-Wreturn-type]
C:/qnx660/host/win32/x86/usr/bin/rm -f  C:/Users/hm-wiedman0/qnxMomenticsIDE/Abgabe3/arm/o-le-v7-g/Abgabe3_g
C:/qnx660/host/win32/x86/usr/bin/qcc -Vgcc_ntoarmv7 -Wl,--no-keep-memory     -o C:/Users/hm-wiedman0/qnxMomenticsIDE/Abgabe3/arm/o-le-v7-g/Abgabe3_g    Abgabe3.o   -L . -L C:/qnx660/target/qnx6/armle-v7/lib -L C:/qnx660/target/qnx6/armle-v7/usr/lib  -Wl,--rpath-link . -Wl,--rpath-link C:/qnx660/target/qnx6/armle-v7/lib -Wl,--rpath-link C:/qnx660/target/qnx6/armle-v7/usr/lib    -EL      -g         
make.exe[2]: Leaving directory `C:/Users/hm-wiedman0/qnxMomenticsIDE/Abgabe3/arm/o-le-v7-g'
make.exe[1]: Leaving directory `C:/Users/hm-wiedman0/qnxMomenticsIDE/Abgabe3/arm'
"C:\\qnx660\\host\\win32\\x86\\usr\\bin\\make.exe" -k CPULIST=arm VARIANTLIST=g all --file=C:/Users/HM-WIE~1/AppData/Local/Temp/QMakefile15730585315483693213834334859725.tmp 
C:/qnx660/host/win32/x86/usr/bin/make.exe -j 1 -Carm -fMakefile all
make.exe[1]: Entering directory `C:/Users/hm-wiedman0/qnxMomenticsIDE/Abgabe3/arm'
C:/qnx660/host/win32/x86/usr/bin/make.exe -j 1 -Co-le-v7-g -fMakefile all
make.exe[2]: Entering directory `C:/Users/hm-wiedman0/qnxMomenticsIDE/Abgabe3/arm/o-le-v7-g'
make.exe[2]: Nothing to be done for `all'.
make.exe[2]: Leaving directory `C:/Users/hm-wiedman0/qnxMomenticsIDE/Abgabe3/arm/o-le-v7-g'
make.exe[1]: Leaving directory `C:/Users/hm-wiedman0/qnxMomenticsIDE/Abgabe3/arm'
"C:\\qnx660\\host\\win32\\x86\\usr\\bin\\make.exe" -k CPULIST=arm VARIANTLIST=g all --file=C:/Users/HM-WIE~1/AppData/Local/Temp/QMakefile15730587271072245186046966822608.tmp 
C:/qnx660/host/win32/x86/usr/bin/make.exe -j 1 -Carm -fMakefile all
make.exe[1]: Entering directory `C:/Users/hm-wiedman0/qnxMomenticsIDE/Abgabe3/arm'
C:/qnx660/host/win32/x86/usr/bin/make.exe -j 1 -Co-le-v7-g -fMakefile all
make.exe[2]: Entering directory `C:/Users/hm-wiedman0/qnxMomenticsIDE/Abgabe3/arm/o-le-v7-g'
C:/qnx660/host/win32/x86/usr/bin/qcc -Vgcc_ntoarmv7 -c  -Wc,-Wall             -I. -IC:/Users/hm-wiedman0/qnxMomenticsIDE/Abgabe3/arm/le.v7 -IC:/Users/hm-wiedman0/qnxMomenticsIDE/Abgabe3/arm/o-le-v7-g -IC:/Users/hm-wiedman0/qnxMomenticsIDE/Abgabe3/arm -IC:/Users/hm-wiedman0/qnxMomenticsIDE/Abgabe3 -IC:/qnx660/target/qnx6/usr/include    -EL      -g        -DVARIANT_le -DVARIANT_v7 -DVARIANT_g -DBUILDENV_qss  C:/Users/hm-wiedman0/qnxMomenticsIDE/Abgabe3/Abgabe3.c 
C:/Users/hm-wiedman0/qnxMomenticsIDE/Abgabe3/Abgabe3.c: In function 'waste_msecs':
C:/Users/hm-wiedman0/qnxMomenticsIDE/Abgabe3/Abgabe3.c:12:3: warning: implicit declaration of function 'oneSecMethod' [-Wimplicit-function-declaration]
C:/Users/hm-wiedman0/qnxMomenticsIDE/Abgabe3/Abgabe3.c: At top level:
C:/Users/hm-wiedman0/qnxMomenticsIDE/Abgabe3/Abgabe3.c:16:6: warning: conflicting types for 'oneSecMethod' [enabled by default]
C:/Users/hm-wiedman0/qnxMomenticsIDE/Abgabe3/Abgabe3.c:12:3: note: previous implicit declaration of 'oneSecMethod' was here
C:/Users/hm-wiedman0/qnxMomenticsIDE/Abgabe3/Abgabe3.c: In function 'oneSecMethod':
C:/Users/hm-wiedman0/qnxMomenticsIDE/Abgabe3/Abgabe3.c:17:34: warning: variable 'sum' set but not used [-Wunused-but-set-variable]
C:/Users/hm-wiedman0/qnxMomenticsIDE/Abgabe3/Abgabe3.c: In function 'function':
C:/Users/hm-wiedman0/qnxMomenticsIDE/Abgabe3/Abgabe3.c:33:4: warning: return makes pointer from integer without a cast [enabled by default]
C:/Users/hm-wiedman0/qnxMomenticsIDE/Abgabe3/Abgabe3.c:40:4: warning: return makes pointer from integer without a cast [enabled by default]
C:/Users/hm-wiedman0/qnxMomenticsIDE/Abgabe3/Abgabe3.c:46:3: warning: format '%ld' expects argument of type 'long int', but argument 2 has type 'time_t' [-Wformat]
C:/Users/hm-wiedman0/qnxMomenticsIDE/Abgabe3/Abgabe3.c:47:3: warning: format '%ld' expects argument of type 'long int', but argument 2 has type 'time_t' [-Wformat]
C:/Users/hm-wiedman0/qnxMomenticsIDE/Abgabe3/Abgabe3.c: In function 'main':
C:/Users/hm-wiedman0/qnxMomenticsIDE/Abgabe3/Abgabe3.c:68:3: warning: implicit declaration of function 'strerror' [-Wimplicit-function-declaration]
C:/Users/hm-wiedman0/qnxMomenticsIDE/Abgabe3/Abgabe3.c: In function 'function':
C:/Users/hm-wiedman0/qnxMomenticsIDE/Abgabe3/Abgabe3.c:50:1: warning: control reaches end of non-void function [-Wreturn-type]
C:/qnx660/host/win32/x86/usr/bin/rm -f  C:/Users/hm-wiedman0/qnxMomenticsIDE/Abgabe3/arm/o-le-v7-g/Abgabe3_g
C:/qnx660/host/win32/x86/usr/bin/qcc -Vgcc_ntoarmv7 -Wl,--no-keep-memory     -o C:/Users/hm-wiedman0/qnxMomenticsIDE/Abgabe3/arm/o-le-v7-g/Abgabe3_g    Abgabe3.o   -L . -L C:/qnx660/target/qnx6/armle-v7/lib -L C:/qnx660/target/qnx6/armle-v7/usr/lib  -Wl,--rpath-link . -Wl,--rpath-link C:/qnx660/target/qnx6/armle-v7/lib -Wl,--rpath-link C:/qnx660/target/qnx6/armle-v7/usr/lib    -EL      -g         
make.exe[2]: Leaving directory `C:/Users/hm-wiedman0/qnxMomenticsIDE/Abgabe3/arm/o-le-v7-g'
make.exe[1]: Leaving directory `C:/Users/hm-wiedman0/qnxMomenticsIDE/Abgabe3/arm'
"C:\\qnx660\\host\\win32\\x86\\usr\\bin\\make.exe" -k CPULIST=arm VARIANTLIST=g all --file=C:/Users/HM-WIE~1/AppData/Local/Temp/QMakefile15730587843381186601409121306760.tmp 
C:/qnx660/host/win32/x86/usr/bin/make.exe -j 1 -Carm -fMakefile all
make.exe[1]: Entering directory `C:/Users/hm-wiedman0/qnxMomenticsIDE/Abgabe3/arm'
C:/qnx660/host/win32/x86/usr/bin/make.exe -j 1 -Co-le-v7-g -fMakefile all
make.exe[2]: Entering directory `C:/Users/hm-wiedman0/qnxMomenticsIDE/Abgabe3/arm/o-le-v7-g'
C:/qnx660/host/win32/x86/usr/bin/qcc -Vgcc_ntoarmv7 -c  -Wc,-Wall             -I. -IC:/Users/hm-wiedman0/qnxMomenticsIDE/Abgabe3/arm/le.v7 -IC:/Users/hm-wiedman0/qnxMomenticsIDE/Abgabe3/arm/o-le-v7-g -IC:/Users/hm-wiedman0/qnxMomenticsIDE/Abgabe3/arm -IC:/Users/hm-wiedman0/qnxMomenticsIDE/Abgabe3 -IC:/qnx660/target/qnx6/usr/include    -EL      -g        -DVARIANT_le -DVARIANT_v7 -DVARIANT_g -DBUILDENV_qss  C:/Users/hm-wiedman0/qnxMomenticsIDE/Abgabe3/Abgabe3.c 
C:/Users/hm-wiedman0/qnxMomenticsIDE/Abgabe3/Abgabe3.c: In function 'waste_msecs':
C:/Users/hm-wiedman0/qnxMomenticsIDE/Abgabe3/Abgabe3.c:12:3: warning: implicit declaration of function 'oneSecMethod' [-Wimplicit-function-declaration]
C:/Users/hm-wiedman0/qnxMomenticsIDE/Abgabe3/Abgabe3.c: At top level:
C:/Users/hm-wiedman0/qnxMomenticsIDE/Abgabe3/Abgabe3.c:16:6: warning: conflicting types for 'oneSecMethod' [enabled by default]
C:/Users/hm-wiedman0/qnxMomenticsIDE/Abgabe3/Abgabe3.c:12:3: note: previous implicit declaration of 'oneSecMethod' was here
C:/Users/hm-wiedman0/qnxMomenticsIDE/Abgabe3/Abgabe3.c: In function 'oneSecMethod':
C:/Users/hm-wiedman0/qnxMomenticsIDE/Abgabe3/Abgabe3.c:17:34: warning: variable 'sum' set but not used [-Wunused-but-set-variable]
C:/Users/hm-wiedman0/qnxMomenticsIDE/Abgabe3/Abgabe3.c: In function 'function':
C:/Users/hm-wiedman0/qnxMomenticsIDE/Abgabe3/Abgabe3.c:31:3: warning: implicit declaration of function 'usleep' [-Wimplicit-function-declaration]
C:/Users/hm-wiedman0/qnxMomenticsIDE/Abgabe3/Abgabe3.c:34:4: warning: return makes pointer from integer without a cast [enabled by default]
C:/Users/hm-wiedman0/qnxMomenticsIDE/Abgabe3/Abgabe3.c:41:4: warning: return makes pointer from integer without a cast [enabled by default]
C:/Users/hm-wiedman0/qnxMomenticsIDE/Abgabe3/Abgabe3.c:47:3: warning: format '%ld' expects argument of type 'long int', but argument 2 has type 'time_t' [-Wformat]
C:/Users/hm-wiedman0/qnxMomenticsIDE/Abgabe3/Abgabe3.c:48:3: warning: format '%ld' expects argument of type 'long int', but argument 2 has type 'time_t' [-Wformat]
C:/Users/hm-wiedman0/qnxMomenticsIDE/Abgabe3/Abgabe3.c: In function 'main':
C:/Users/hm-wiedman0/qnxMomenticsIDE/Abgabe3/Abgabe3.c:69:3: warning: implicit declaration of function 'strerror' [-Wimplicit-function-declaration]
C:/Users/hm-wiedman0/qnxMomenticsIDE/Abgabe3/Abgabe3.c: In function 'function':
C:/Users/hm-wiedman0/qnxMomenticsIDE/Abgabe3/Abgabe3.c:51:1: warning: control reaches end of non-void function [-Wreturn-type]
C:/qnx660/host/win32/x86/usr/bin/rm -f  C:/Users/hm-wiedman0/qnxMomenticsIDE/Abgabe3/arm/o-le-v7-g/Abgabe3_g
C:/qnx660/host/win32/x86/usr/bin/qcc -Vgcc_ntoarmv7 -Wl,--no-keep-memory     -o C:/Users/hm-wiedman0/qnxMomenticsIDE/Abgabe3/arm/o-le-v7-g/Abgabe3_g    Abgabe3.o   -L . -L C:/qnx660/target/qnx6/armle-v7/lib -L C:/qnx660/target/qnx6/armle-v7/usr/lib  -Wl,--rpath-link . -Wl,--rpath-link C:/qnx660/target/qnx6/armle-v7/lib -Wl,--rpath-link C:/qnx660/target/qnx6/armle-v7/usr/lib    -EL      -g         
make.exe[2]: Leaving directory `C:/Users/hm-wiedman0/qnxMomenticsIDE/Abgabe3/arm/o-le-v7-g'
make.exe[1]: Leaving directory `C:/Users/hm-wiedman0/qnxMomenticsIDE/Abgabe3/arm'
"C:\\qnx660\\host\\win32\\x86\\usr\\bin\\make.exe" -k CPULIST=arm VARIANTLIST=g all --file=C:/Users/HM-WIE~1/AppData/Local/Temp/QMakefile1573059052470503840042807405209.tmp 
C:/qnx660/host/win32/x86/usr/bin/make.exe -j 1 -Carm -fMakefile all
make.exe[1]: Entering directory `C:/Users/hm-wiedman0/qnxMomenticsIDE/Abgabe3/arm'
C:/qnx660/host/win32/x86/usr/bin/make.exe -j 1 -Co-le-v7-g -fMakefile all
make.exe[2]: Entering directory `C:/Users/hm-wiedman0/qnxMomenticsIDE/Abgabe3/arm/o-le-v7-g'
C:/qnx660/host/win32/x86/usr/bin/qcc -Vgcc_ntoarmv7 -c  -Wc,-Wall             -I. -IC:/Users/hm-wiedman0/qnxMomenticsIDE/Abgabe3/arm/le.v7 -IC:/Users/hm-wiedman0/qnxMomenticsIDE/Abgabe3/arm/o-le-v7-g -IC:/Users/hm-wiedman0/qnxMomenticsIDE/Abgabe3/arm -IC:/Users/hm-wiedman0/qnxMomenticsIDE/Abgabe3 -IC:/qnx660/target/qnx6/usr/include    -EL      -g        -DVARIANT_le -DVARIANT_v7 -DVARIANT_g -DBUILDENV_qss  C:/Users/hm-wiedman0/qnxMomenticsIDE/Abgabe3/Abgabe3.c 
C:/Users/hm-wiedman0/qnxMomenticsIDE/Abgabe3/Abgabe3.c: In function 'oneSecMethod':
C:/Users/hm-wiedman0/qnxMomenticsIDE/Abgabe3/Abgabe3.c:12:34: warning: variable 'sum' set but not used [-Wunused-but-set-variable]
C:/Users/hm-wiedman0/qnxMomenticsIDE/Abgabe3/Abgabe3.c: In function 'function':
C:/Users/hm-wiedman0/qnxMomenticsIDE/Abgabe3/Abgabe3.c:36:4: warning: return makes pointer from integer without a cast [enabled by default]
C:/Users/hm-wiedman0/qnxMomenticsIDE/Abgabe3/Abgabe3.c:43:4: warning: return makes pointer from integer without a cast [enabled by default]
C:/Users/hm-wiedman0/qnxMomenticsIDE/Abgabe3/Abgabe3.c:49:3: warning: format '%ld' expects argument of type 'long int', but argument 2 has type 'time_t' [-Wformat]
C:/Users/hm-wiedman0/qnxMomenticsIDE/Abgabe3/Abgabe3.c:50:3: warning: format '%ld' expects argument of type 'long int', but argument 2 has type 'time_t' [-Wformat]
C:/Users/hm-wiedman0/qnxMomenticsIDE/Abgabe3/Abgabe3.c: In function 'main':
C:/Users/hm-wiedman0/qnxMomenticsIDE/Abgabe3/Abgabe3.c:72:3: warning: implicit declaration of function 'strerror' [-Wimplicit-function-declaration]
C:/Users/hm-wiedman0/qnxMomenticsIDE/Abgabe3/Abgabe3.c: In function 'function':
C:/Users/hm-wiedman0/qnxMomenticsIDE/Abgabe3/Abgabe3.c:54:1: warning: control reaches end of non-void function [-Wreturn-type]
C:/qnx660/host/win32/x86/usr/bin/rm -f  C:/Users/hm-wiedman0/qnxMomenticsIDE/Abgabe3/arm/o-le-v7-g/Abgabe3_g
C:/qnx660/host/win32/x86/usr/bin/qcc -Vgcc_ntoarmv7 -Wl,--no-keep-memory     -o C:/Users/hm-wiedman0/qnxMomenticsIDE/Abgabe3/arm/o-le-v7-g/Abgabe3_g    Abgabe3.o   -L . -L C:/qnx660/target/qnx6/armle-v7/lib -L C:/qnx660/target/qnx6/armle-v7/usr/lib  -Wl,--rpath-link . -Wl,--rpath-link C:/qnx660/target/qnx6/armle-v7/lib -Wl,--rpath-link C:/qnx660/target/qnx6/armle-v7/usr/lib    -EL      -g         
make.exe[2]: Leaving directory `C:/Users/hm-wiedman0/qnxMomenticsIDE/Abgabe3/arm/o-le-v7-g'
make.exe[1]: Leaving directory `C:/Users/hm-wiedman0/qnxMomenticsIDE/Abgabe3/arm'
"C:\\qnx660\\host\\win32\\x86\\usr\\bin\\make.exe" -k CPULIST=arm VARIANTLIST=g all --file=C:/Users/HM-WIE~1/AppData/Local/Temp/QMakefile15730593292732878034176515283591.tmp 
C:/qnx660/host/win32/x86/usr/bin/make.exe -j 1 -Carm -fMakefile all
make.exe[1]: Entering directory `C:/Users/hm-wiedman0/qnxMomenticsIDE/Abgabe3/arm'
C:/qnx660/host/win32/x86/usr/bin/make.exe -j 1 -Co-le-v7-g -fMakefile all
make.exe[2]: Entering directory `C:/Users/hm-wiedman0/qnxMomenticsIDE/Abgabe3/arm/o-le-v7-g'
C:/qnx660/host/win32/x86/usr/bin/qcc -Vgcc_ntoarmv7 -c  -Wc,-Wall             -I. -IC:/Users/hm-wiedman0/qnxMomenticsIDE/Abgabe3/arm/le.v7 -IC:/Users/hm-wiedman0/qnxMomenticsIDE/Abgabe3/arm/o-le-v7-g -IC:/Users/hm-wiedman0/qnxMomenticsIDE/Abgabe3/arm -IC:/Users/hm-wiedman0/qnxMomenticsIDE/Abgabe3 -IC:/qnx660/target/qnx6/usr/include    -EL      -g        -DVARIANT_le -DVARIANT_v7 -DVARIANT_g -DBUILDENV_qss  C:/Users/hm-wiedman0/qnxMomenticsIDE/Abgabe3/Abgabe3.c 
C:/Users/hm-wiedman0/qnxMomenticsIDE/Abgabe3/Abgabe3.c: In function 'oneSecMethod':
C:/Users/hm-wiedman0/qnxMomenticsIDE/Abgabe3/Abgabe3.c:12:34: warning: variable 'sum' set but not used [-Wunused-but-set-variable]
C:/Users/hm-wiedman0/qnxMomenticsIDE/Abgabe3/Abgabe3.c: In function 'function':
C:/Users/hm-wiedman0/qnxMomenticsIDE/Abgabe3/Abgabe3.c:36:4: warning: return makes pointer from integer without a cast [enabled by default]
C:/Users/hm-wiedman0/qnxMomenticsIDE/Abgabe3/Abgabe3.c:43:4: warning: return makes pointer from integer without a cast [enabled by default]
C:/Users/hm-wiedman0/qnxMomenticsIDE/Abgabe3/Abgabe3.c:49:3: warning: format '%ld' expects argument of type 'long int', but argument 2 has type 'time_t' [-Wformat]
C:/Users/hm-wiedman0/qnxMomenticsIDE/Abgabe3/Abgabe3.c:50:3: warning: format '%ld' expects argument of type 'long int', but argument 2 has type 'time_t' [-Wformat]
C:/Users/hm-wiedman0/qnxMomenticsIDE/Abgabe3/Abgabe3.c:55:1: error: expected expression before '}' token
C:/Users/hm-wiedman0/qnxMomenticsIDE/Abgabe3/Abgabe3.c: In function 'main':
C:/Users/hm-wiedman0/qnxMomenticsIDE/Abgabe3/Abgabe3.c:70:2: warning: passing argument 3 of 'pthread_create' from incompatible pointer type [enabled by default]
In file included from C:/Users/hm-wiedman0/qnxMomenticsIDE/Abgabe3/Abgabe3.c:5:0:
C:/qnx660/target/qnx6/usr/include/pthread.h:233:12: note: expected 'void * (*)(void *)' but argument is of type 'int * (*)(void *)'
C:/Users/hm-wiedman0/qnxMomenticsIDE/Abgabe3/Abgabe3.c:73:3: warning: implicit declaration of function 'strerror' [-Wimplicit-function-declaration]
C:/Users/hm-wiedman0/qnxMomenticsIDE/Abgabe3/Abgabe3.c: In function 'function':
C:/Users/hm-wiedman0/qnxMomenticsIDE/Abgabe3/Abgabe3.c:55:1: warning: control reaches end of non-void function [-Wreturn-type]
cc: C:/qnx660/host/win32/x86/usr/lib/gcc/arm-unknown-nto-qnx6.6.0eabi/4.7.3/cc1 caught signal 1
make.exe[2]: *** [Abgabe3.o] Error 1
make.exe[2]: Target `all' not remade because of errors.
make.exe[2]: Leaving directory `C:/Users/hm-wiedman0/qnxMomenticsIDE/Abgabe3/arm/o-le-v7-g'
make.exe[1]: [all] Error 2 (ignored)
make.exe[1]: Leaving directory `C:/Users/hm-wiedman0/qnxMomenticsIDE/Abgabe3/arm'
"C:\\qnx660\\host\\win32\\x86\\usr\\bin\\make.exe" -k CPULIST=arm VARIANTLIST=g all --file=C:/Users/HM-WIE~1/AppData/Local/Temp/QMakefile1573059340940563438005256729729.tmp 
C:/qnx660/host/win32/x86/usr/bin/make.exe -j 1 -Carm -fMakefile all
make.exe[1]: Entering directory `C:/Users/hm-wiedman0/qnxMomenticsIDE/Abgabe3/arm'
C:/qnx660/host/win32/x86/usr/bin/make.exe -j 1 -Co-le-v7-g -fMakefile all
make.exe[2]: Entering directory `C:/Users/hm-wiedman0/qnxMomenticsIDE/Abgabe3/arm/o-le-v7-g'
C:/qnx660/host/win32/x86/usr/bin/qcc -Vgcc_ntoarmv7 -c  -Wc,-Wall             -I. -IC:/Users/hm-wiedman0/qnxMomenticsIDE/Abgabe3/arm/le.v7 -IC:/Users/hm-wiedman0/qnxMomenticsIDE/Abgabe3/arm/o-le-v7-g -IC:/Users/hm-wiedman0/qnxMomenticsIDE/Abgabe3/arm -IC:/Users/hm-wiedman0/qnxMomenticsIDE/Abgabe3 -IC:/qnx660/target/qnx6/usr/include    -EL      -g        -DVARIANT_le -DVARIANT_v7 -DVARIANT_g -DBUILDENV_qss  C:/Users/hm-wiedman0/qnxMomenticsIDE/Abgabe3/Abgabe3.c 
C:/Users/hm-wiedman0/qnxMomenticsIDE/Abgabe3/Abgabe3.c: In function 'oneSecMethod':
C:/Users/hm-wiedman0/qnxMomenticsIDE/Abgabe3/Abgabe3.c:12:34: warning: variable 'sum' set but not used [-Wunused-but-set-variable]
C:/Users/hm-wiedman0/qnxMomenticsIDE/Abgabe3/Abgabe3.c: In function 'function':
C:/Users/hm-wiedman0/qnxMomenticsIDE/Abgabe3/Abgabe3.c:36:4: warning: return makes pointer from integer without a cast [enabled by default]
C:/Users/hm-wiedman0/qnxMomenticsIDE/Abgabe3/Abgabe3.c:43:4: warning: return makes pointer from integer without a cast [enabled by default]
C:/Users/hm-wiedman0/qnxMomenticsIDE/Abgabe3/Abgabe3.c:49:3: warning: format '%ld' expects argument of type 'long int', but argument 2 has type 'time_t' [-Wformat]
C:/Users/hm-wiedman0/qnxMomenticsIDE/Abgabe3/Abgabe3.c:50:3: warning: format '%ld' expects argument of type 'long int', but argument 2 has type 'time_t' [-Wformat]
C:/Users/hm-wiedman0/qnxMomenticsIDE/Abgabe3/Abgabe3.c:53:2: warning: return makes pointer from integer without a cast [enabled by default]
C:/Users/hm-wiedman0/qnxMomenticsIDE/Abgabe3/Abgabe3.c: In function 'main':
C:/Users/hm-wiedman0/qnxMomenticsIDE/Abgabe3/Abgabe3.c:70:2: warning: passing argument 3 of 'pthread_create' from incompatible pointer type [enabled by default]
In file included from C:/Users/hm-wiedman0/qnxMomenticsIDE/Abgabe3/Abgabe3.c:5:0:
C:/qnx660/target/qnx6/usr/include/pthread.h:233:12: note: expected 'void * (*)(void *)' but argument is of type 'int * (*)(void *)'
C:/Users/hm-wiedman0/qnxMomenticsIDE/Abgabe3/Abgabe3.c:73:3: warning: implicit declaration of function 'strerror' [-Wimplicit-function-declaration]
C:/qnx660/host/win32/x86/usr/bin/rm -f  C:/Users/hm-wiedman0/qnxMomenticsIDE/Abgabe3/arm/o-le-v7-g/Abgabe3_g
/usr/bin/rm: cannot remove `C:/Users/hm-wiedman0/qnxMomenticsIDE/Abgabe3/arm/o-le-v7-g/Abgabe3_g': Permission denied
make.exe[2]: Leaving directory `C:/Users/hm-wiedman0/qnxMomenticsIDE/Abgabe3/arm/o-le-v7-g'
make.exe[2]: *** [C:/Users/hm-wiedman0/qnxMomenticsIDE/Abgabe3/arm/o-le-v7-g/Abgabe3_g] Error 1
make.exe[2]: Target `all' not remade because of errors.
make.exe[1]: [all] Error 2 (ignored)
make.exe[1]: Leaving directory `C:/Users/hm-wiedman0/qnxMomenticsIDE/Abgabe3/arm'
"C:\\qnx660\\host\\win32\\x86\\usr\\bin\\make.exe" -k CPULIST=arm VARIANTLIST=g all --file=C:/Users/HM-WIE~1/AppData/Local/Temp/QMakefile15730594121258525270676476318055.tmp 
C:/qnx660/host/win32/x86/usr/bin/make.exe -j 1 -Carm -fMakefile all
make.exe[1]: Entering directory `C:/Users/hm-wiedman0/qnxMomenticsIDE/Abgabe3/arm'
C:/qnx660/host/win32/x86/usr/bin/make.exe -j 1 -Co-le-v7-g -fMakefile all
make.exe[2]: Entering directory `C:/Users/hm-wiedman0/qnxMomenticsIDE/Abgabe3/arm/o-le-v7-g'
C:/qnx660/host/win32/x86/usr/bin/qcc -Vgcc_ntoarmv7 -c  -Wc,-Wall             -I. -IC:/Users/hm-wiedman0/qnxMomenticsIDE/Abgabe3/arm/le.v7 -IC:/Users/hm-wiedman0/qnxMomenticsIDE/Abgabe3/arm/o-le-v7-g -IC:/Users/hm-wiedman0/qnxMomenticsIDE/Abgabe3/arm -IC:/Users/hm-wiedman0/qnxMomenticsIDE/Abgabe3 -IC:/qnx660/target/qnx6/usr/include    -EL      -g        -DVARIANT_le -DVARIANT_v7 -DVARIANT_g -DBUILDENV_qss  C:/Users/hm-wiedman0/qnxMomenticsIDE/Abgabe3/Abgabe3.c 
C:/Users/hm-wiedman0/qnxMomenticsIDE/Abgabe3/Abgabe3.c: In function 'oneSecMethod':
C:/Users/hm-wiedman0/qnxMomenticsIDE/Abgabe3/Abgabe3.c:12:34: warning: variable 'sum' set but not used [-Wunused-but-set-variable]
C:/Users/hm-wiedman0/qnxMomenticsIDE/Abgabe3/Abgabe3.c: In function 'function':
C:/Users/hm-wiedman0/qnxMomenticsIDE/Abgabe3/Abgabe3.c:43:4: warning: return makes pointer from integer without a cast [enabled by default]
C:/Users/hm-wiedman0/qnxMomenticsIDE/Abgabe3/Abgabe3.c:49:3: warning: format '%ld' expects argument of type 'long int', but argument 2 has type 'time_t' [-Wformat]
C:/Users/hm-wiedman0/qnxMomenticsIDE/Abgabe3/Abgabe3.c:50:3: warning: format '%ld' expects argument of type 'long int', but argument 2 has type 'time_t' [-Wformat]
C:/Users/hm-wiedman0/qnxMomenticsIDE/Abgabe3/Abgabe3.c:53:2: warning: return makes pointer from integer without a cast [enabled by default]
C:/Users/hm-wiedman0/qnxMomenticsIDE/Abgabe3/Abgabe3.c: In function 'main':
C:/Users/hm-wiedman0/qnxMomenticsIDE/Abgabe3/Abgabe3.c:70:2: warning: passing argument 3 of 'pthread_create' from incompatible pointer type [enabled by default]
In file included from C:/Users/hm-wiedman0/qnxMomenticsIDE/Abgabe3/Abgabe3.c:5:0:
C:/qnx660/target/qnx6/usr/include/pthread.h:233:12: note: expected 'void * (*)(void *)' but argument is of type 'int * (*)(void *)'
C:/Users/hm-wiedman0/qnxMomenticsIDE/Abgabe3/Abgabe3.c:73:3: warning: implicit declaration of function 'strerror' [-Wimplicit-function-declaration]
C:/qnx660/host/win32/x86/usr/bin/rm -f  C:/Users/hm-wiedman0/qnxMomenticsIDE/Abgabe3/arm/o-le-v7-g/Abgabe3_g
C:/qnx660/host/win32/x86/usr/bin/qcc -Vgcc_ntoarmv7 -Wl,--no-keep-memory     -o C:/Users/hm-wiedman0/qnxMomenticsIDE/Abgabe3/arm/o-le-v7-g/Abgabe3_g    Abgabe3.o   -L . -L C:/qnx660/target/qnx6/armle-v7/lib -L C:/qnx660/target/qnx6/armle-v7/usr/lib  -Wl,--rpath-link . -Wl,--rpath-link C:/qnx660/target/qnx6/armle-v7/lib -Wl,--rpath-link C:/qnx660/target/qnx6/armle-v7/usr/lib    -EL      -g         
make.exe[2]: Leaving directory `C:/Users/hm-wiedman0/qnxMomenticsIDE/Abgabe3/arm/o-le-v7-g'
make.exe[1]: Leaving directory `C:/Users/hm-wiedman0/qnxMomenticsIDE/Abgabe3/arm'
"C:\\qnx660\\host\\win32\\x86\\usr\\bin\\make.exe" -k CPULIST=arm VARIANTLIST=g all --file=C:/Users/HM-WIE~1/AppData/Local/Temp/QMakefile15730594391184499152434266718455.tmp 
C:/qnx660/host/win32/x86/usr/bin/make.exe -j 1 -Carm -fMakefile all
make.exe[1]: Entering directory `C:/Users/hm-wiedman0/qnxMomenticsIDE/Abgabe3/arm'
C:/qnx660/host/win32/x86/usr/bin/make.exe -j 1 -Co-le-v7-g -fMakefile all
make.exe[2]: Entering directory `C:/Users/hm-wiedman0/qnxMomenticsIDE/Abgabe3/arm/o-le-v7-g'
C:/qnx660/host/win32/x86/usr/bin/qcc -Vgcc_ntoarmv7 -c  -Wc,-Wall             -I. -IC:/Users/hm-wiedman0/qnxMomenticsIDE/Abgabe3/arm/le.v7 -IC:/Users/hm-wiedman0/qnxMomenticsIDE/Abgabe3/arm/o-le-v7-g -IC:/Users/hm-wiedman0/qnxMomenticsIDE/Abgabe3/arm -IC:/Users/hm-wiedman0/qnxMomenticsIDE/Abgabe3 -IC:/qnx660/target/qnx6/usr/include    -EL      -g        -DVARIANT_le -DVARIANT_v7 -DVARIANT_g -DBUILDENV_qss  C:/Users/hm-wiedman0/qnxMomenticsIDE/Abgabe3/Abgabe3.c 
C:/Users/hm-wiedman0/qnxMomenticsIDE/Abgabe3/Abgabe3.c: In function 'oneSecMethod':
C:/Users/hm-wiedman0/qnxMomenticsIDE/Abgabe3/Abgabe3.c:12:34: warning: variable 'sum' set but not used [-Wunused-but-set-variable]
C:/Users/hm-wiedman0/qnxMomenticsIDE/Abgabe3/Abgabe3.c: In function 'function':
C:/Users/hm-wiedman0/qnxMomenticsIDE/Abgabe3/Abgabe3.c:49:3: warning: format '%ld' expects argument of type 'long int', but argument 2 has type 'time_t' [-Wformat]
C:/Users/hm-wiedman0/qnxMomenticsIDE/Abgabe3/Abgabe3.c:50:3: warning: format '%ld' expects argument of type 'long int', but argument 2 has type 'time_t' [-Wformat]
C:/Users/hm-wiedman0/qnxMomenticsIDE/Abgabe3/Abgabe3.c: In function 'main':
C:/Users/hm-wiedman0/qnxMomenticsIDE/Abgabe3/Abgabe3.c:70:2: warning: passing argument 3 of 'pthread_create' from incompatible pointer type [enabled by default]
In file included from C:/Users/hm-wiedman0/qnxMomenticsIDE/Abgabe3/Abgabe3.c:5:0:
C:/qnx660/target/qnx6/usr/include/pthread.h:233:12: note: expected 'void * (*)(void *)' but argument is of type 'int * (*)(void *)'
C:/qnx660/host/win32/x86/usr/bin/rm -f  C:/Users/hm-wiedman0/qnxMomenticsIDE/Abgabe3/arm/o-le-v7-g/Abgabe3_g
C:/Users/hm-wiedman0/qnxMomenticsIDE/Abgabe3/Abgabe3.c:73:3: warning: implicit declaration of function 'strerror' [-Wimplicit-function-declaration]
C:/qnx660/host/win32/x86/usr/bin/qcc -Vgcc_ntoarmv7 -Wl,--no-keep-memory     -o C:/Users/hm-wiedman0/qnxMomenticsIDE/Abgabe3/arm/o-le-v7-g/Abgabe3_g    Abgabe3.o   -L . -L C:/qnx660/target/qnx6/armle-v7/lib -L C:/qnx660/target/qnx6/armle-v7/usr/lib  -Wl,--rpath-link . -Wl,--rpath-link C:/qnx660/target/qnx6/armle-v7/lib -Wl,--rpath-link C:/qnx660/target/qnx6/armle-v7/usr/lib    -EL      -g         
make.exe[2]: Leaving directory `C:/Users/hm-wiedman0/qnxMomenticsIDE/Abgabe3/arm/o-le-v7-g'
make.exe[1]: Leaving directory `C:/Users/hm-wiedman0/qnxMomenticsIDE/Abgabe3/arm'
"C:\\qnx660\\host\\win32\\x86\\usr\\bin\\make.exe" -k CPULIST=arm VARIANTLIST=g all --file=C:/Users/HM-WIE~1/AppData/Local/Temp/QMakefile15730596024462331519817541181572.tmp 
C:/qnx660/host/win32/x86/usr/bin/make.exe -j 1 -Carm -fMakefile all
make.exe[1]: Entering directory `C:/Users/hm-wiedman0/qnxMomenticsIDE/Abgabe3/arm'
C:/qnx660/host/win32/x86/usr/bin/make.exe -j 1 -Co-le-v7-g -fMakefile all
make.exe[2]: Entering directory `C:/Users/hm-wiedman0/qnxMomenticsIDE/Abgabe3/arm/o-le-v7-g'
C:/qnx660/host/win32/x86/usr/bin/qcc -Vgcc_ntoarmv7 -c  -Wc,-Wall             -I. -IC:/Users/hm-wiedman0/qnxMomenticsIDE/Abgabe3/arm/le.v7 -IC:/Users/hm-wiedman0/qnxMomenticsIDE/Abgabe3/arm/o-le-v7-g -IC:/Users/hm-wiedman0/qnxMomenticsIDE/Abgabe3/arm -IC:/Users/hm-wiedman0/qnxMomenticsIDE/Abgabe3 -IC:/qnx660/target/qnx6/usr/include    -EL      -g        -DVARIANT_le -DVARIANT_v7 -DVARIANT_g -DBUILDENV_qss  C:/Users/hm-wiedman0/qnxMomenticsIDE/Abgabe3/Abgabe3.c 
C:/Users/hm-wiedman0/qnxMomenticsIDE/Abgabe3/Abgabe3.c: In function 'oneSecMethod':
C:/Users/hm-wiedman0/qnxMomenticsIDE/Abgabe3/Abgabe3.c:12:34: warning: variable 'sum' set but not used [-Wunused-but-set-variable]
C:/Users/hm-wiedman0/qnxMomenticsIDE/Abgabe3/Abgabe3.c: In function 'function':
C:/Users/hm-wiedman0/qnxMomenticsIDE/Abgabe3/Abgabe3.c:49:3: warning: format '%ld' expects argument of type 'long int', but argument 2 has type 'time_t' [-Wformat]
C:/Users/hm-wiedman0/qnxMomenticsIDE/Abgabe3/Abgabe3.c:50:3: warning: format '%ld' expects argument of type 'long int', but argument 2 has type 'time_t' [-Wformat]
C:/Users/hm-wiedman0/qnxMomenticsIDE/Abgabe3/Abgabe3.c: In function 'main':
C:/Users/hm-wiedman0/qnxMomenticsIDE/Abgabe3/Abgabe3.c:71:3: warning: implicit declaration of function 'strerror' [-Wimplicit-function-declaration]
C:/Users/hm-wiedman0/qnxMomenticsIDE/Abgabe3/Abgabe3.c: In function 'function':
C:/Users/hm-wiedman0/qnxMomenticsIDE/Abgabe3/Abgabe3.c:53:1: warning: control reaches end of non-void function [-Wreturn-type]
C:/qnx660/host/win32/x86/usr/bin/rm -f  C:/Users/hm-wiedman0/qnxMomenticsIDE/Abgabe3/arm/o-le-v7-g/Abgabe3_g
C:/qnx660/host/win32/x86/usr/bin/qcc -Vgcc_ntoarmv7 -Wl,--no-keep-memory     -o C:/Users/hm-wiedman0/qnxMomenticsIDE/Abgabe3/arm/o-le-v7-g/Abgabe3_g    Abgabe3.o   -L . -L C:/qnx660/target/qnx6/armle-v7/lib -L C:/qnx660/target/qnx6/armle-v7/usr/lib  -Wl,--rpath-link . -Wl,--rpath-link C:/qnx660/target/qnx6/armle-v7/lib -Wl,--rpath-link C:/qnx660/target/qnx6/armle-v7/usr/lib    -EL      -g         
make.exe[2]: Leaving directory `C:/Users/hm-wiedman0/qnxMomenticsIDE/Abgabe3/arm/o-le-v7-g'
make.exe[1]: Leaving directory `C:/Users/hm-wiedman0/qnxMomenticsIDE/Abgabe3/arm'
"C:\\qnx660\\host\\win32\\x86\\usr\\bin\\make.exe" -k CPULIST=arm VARIANTLIST=g all --file=C:/Users/HM-WIE~1/AppData/Local/Temp/QMakefile15730596868301108237780252268878.tmp 
C:/qnx660/host/win32/x86/usr/bin/make.exe -j 1 -Carm -fMakefile all
make.exe[1]: Entering directory `C:/Users/hm-wiedman0/qnxMomenticsIDE/Abgabe3/arm'
C:/qnx660/host/win32/x86/usr/bin/make.exe -j 1 -Co-le-v7-g -fMakefile all
make.exe[2]: Entering directory `C:/Users/hm-wiedman0/qnxMomenticsIDE/Abgabe3/arm/o-le-v7-g'
C:/qnx660/host/win32/x86/usr/bin/qcc -Vgcc_ntoarmv7 -c  -Wc,-Wall             -I. -IC:/Users/hm-wiedman0/qnxMomenticsIDE/Abgabe3/arm/le.v7 -IC:/Users/hm-wiedman0/qnxMomenticsIDE/Abgabe3/arm/o-le-v7-g -IC:/Users/hm-wiedman0/qnxMomenticsIDE/Abgabe3/arm -IC:/Users/hm-wiedman0/qnxMomenticsIDE/Abgabe3 -IC:/qnx660/target/qnx6/usr/include    -EL      -g        -DVARIANT_le -DVARIANT_v7 -DVARIANT_g -DBUILDENV_qss  C:/Users/hm-wiedman0/qnxMomenticsIDE/Abgabe3/Abgabe3.c 
C:/Users/hm-wiedman0/qnxMomenticsIDE/Abgabe3/Abgabe3.c: In function 'oneSecMethod':
C:/Users/hm-wiedman0/qnxMomenticsIDE/Abgabe3/Abgabe3.c:12:34: warning: variable 'sum' set but not used [-Wunused-but-set-variable]
C:/Users/hm-wiedman0/qnxMomenticsIDE/Abgabe3/Abgabe3.c: In function 'function':
C:/Users/hm-wiedman0/qnxMomenticsIDE/Abgabe3/Abgabe3.c:49:3: warning: format '%ld' expects argument of type 'long int', but argument 2 has type 'time_t' [-Wformat]
C:/Users/hm-wiedman0/qnxMomenticsIDE/Abgabe3/Abgabe3.c:50:3: warning: format '%ld' expects argument of type 'long int', but argument 2 has type 'time_t' [-Wformat]
C:/Users/hm-wiedman0/qnxMomenticsIDE/Abgabe3/Abgabe3.c: In function 'main':
C:/Users/hm-wiedman0/qnxMomenticsIDE/Abgabe3/Abgabe3.c:72:3: warning: implicit declaration of function 'strerror' [-Wimplicit-function-declaration]
C:/qnx660/host/win32/x86/usr/bin/rm -f  C:/Users/hm-wiedman0/qnxMomenticsIDE/Abgabe3/arm/o-le-v7-g/Abgabe3_g
C:/qnx660/host/win32/x86/usr/bin/qcc -Vgcc_ntoarmv7 -Wl,--no-keep-memory     -o C:/Users/hm-wiedman0/qnxMomenticsIDE/Abgabe3/arm/o-le-v7-g/Abgabe3_g    Abgabe3.o   -L . -L C:/qnx660/target/qnx6/armle-v7/lib -L C:/qnx660/target/qnx6/armle-v7/usr/lib  -Wl,--rpath-link . -Wl,--rpath-link C:/qnx660/target/qnx6/armle-v7/lib -Wl,--rpath-link C:/qnx660/target/qnx6/armle-v7/usr/lib    -EL      -g         
make.exe[2]: Leaving directory `C:/Users/hm-wiedman0/qnxMomenticsIDE/Abgabe3/arm/o-le-v7-g'
make.exe[1]: Leaving directory `C:/Users/hm-wiedman0/qnxMomenticsIDE/Abgabe3/arm'
"C:\\qnx660\\host\\win32\\x86\\usr\\bin\\make.exe" -k CPULIST=arm VARIANTLIST=g all --file=C:/Users/HM-WIE~1/AppData/Local/Temp/QMakefile15730597253107458603029703185809.tmp 
C:/qnx660/host/win32/x86/usr/bin/make.exe -j 1 -Carm -fMakefile all
make.exe[1]: Entering directory `C:/Users/hm-wiedman0/qnxMomenticsIDE/Abgabe3/arm'
C:/qnx660/host/win32/x86/usr/bin/make.exe -j 1 -Co-le-v7-g -fMakefile all
make.exe[2]: Entering directory `C:/Users/hm-wiedman0/qnxMomenticsIDE/Abgabe3/arm/o-le-v7-g'
C:/qnx660/host/win32/x86/usr/bin/qcc -Vgcc_ntoarmv7 -c  -Wc,-Wall             -I. -IC:/Users/hm-wiedman0/qnxMomenticsIDE/Abgabe3/arm/le.v7 -IC:/Users/hm-wiedman0/qnxMomenticsIDE/Abgabe3/arm/o-le-v7-g -IC:/Users/hm-wiedman0/qnxMomenticsIDE/Abgabe3/arm -IC:/Users/hm-wiedman0/qnxMomenticsIDE/Abgabe3 -IC:/qnx660/target/qnx6/usr/include    -EL      -g        -DVARIANT_le -DVARIANT_v7 -DVARIANT_g -DBUILDENV_qss  C:/Users/hm-wiedman0/qnxMomenticsIDE/Abgabe3/Abgabe3.c 
C:/Users/hm-wiedman0/qnxMomenticsIDE/Abgabe3/Abgabe3.c: In function 'oneSecMethod':
C:/Users/hm-wiedman0/qnxMomenticsIDE/Abgabe3/Abgabe3.c:13:34: warning: variable 'sum' set but not used [-Wunused-but-set-variable]
C:/Users/hm-wiedman0/qnxMomenticsIDE/Abgabe3/Abgabe3.c: In function 'function':
C:/Users/hm-wiedman0/qnxMomenticsIDE/Abgabe3/Abgabe3.c:50:3: warning: format '%ld' expects argument of type 'long int', but argument 2 has type 'time_t' [-Wformat]
C:/Users/hm-wiedman0/qnxMomenticsIDE/Abgabe3/Abgabe3.c:51:3: warning: format '%ld' expects argument of type 'long int', but argument 2 has type 'time_t' [-Wformat]
C:/Users/hm-wiedman0/qnxMomenticsIDE/Abgabe3/Abgabe3.c: In function 'main':
C:/Users/hm-wiedman0/qnxMomenticsIDE/Abgabe3/Abgabe3.c:73:3: warning: implicit declaration of function 'strerror' [-Wimplicit-function-declaration]
C:/qnx660/host/win32/x86/usr/bin/rm -f  C:/Users/hm-wiedman0/qnxMomenticsIDE/Abgabe3/arm/o-le-v7-g/Abgabe3_g
C:/qnx660/host/win32/x86/usr/bin/qcc -Vgcc_ntoarmv7 -Wl,--no-keep-memory     -o C:/Users/hm-wiedman0/qnxMomenticsIDE/Abgabe3/arm/o-le-v7-g/Abgabe3_g    Abgabe3.o   -L . -L C:/qnx660/target/qnx6/armle-v7/lib -L C:/qnx660/target/qnx6/armle-v7/usr/lib  -Wl,--rpath-link . -Wl,--rpath-link C:/qnx660/target/qnx6/armle-v7/lib -Wl,--rpath-link C:/qnx660/target/qnx6/armle-v7/usr/lib    -EL      -g         
make.exe[2]: Leaving directory `C:/Users/hm-wiedman0/qnxMomenticsIDE/Abgabe3/arm/o-le-v7-g'
make.exe[1]: Leaving directory `C:/Users/hm-wiedman0/qnxMomenticsIDE/Abgabe3/arm'
"C:\\qnx660\\host\\win32\\x86\\usr\\bin\\make.exe" -k CPULIST=arm VARIANTLIST=g all --file=C:/Users/HM-WIE~1/AppData/Local/Temp/QMakefile15730597840036277050068094281130.tmp 
C:/qnx660/host/win32/x86/usr/bin/make.exe -j 1 -Carm -fMakefile all
make.exe[1]: Entering directory `C:/Users/hm-wiedman0/qnxMomenticsIDE/Abgabe3/arm'
C:/qnx660/host/win32/x86/usr/bin/make.exe -j 1 -Co-le-v7-g -fMakefile all
make.exe[2]: Entering directory `C:/Users/hm-wiedman0/qnxMomenticsIDE/Abgabe3/arm/o-le-v7-g'
C:/qnx660/host/win32/x86/usr/bin/qcc -Vgcc_ntoarmv7 -c  -Wc,-Wall             -I. -IC:/Users/hm-wiedman0/qnxMomenticsIDE/Abgabe3/arm/le.v7 -IC:/Users/hm-wiedman0/qnxMomenticsIDE/Abgabe3/arm/o-le-v7-g -IC:/Users/hm-wiedman0/qnxMomenticsIDE/Abgabe3/arm -IC:/Users/hm-wiedman0/qnxMomenticsIDE/Abgabe3 -IC:/qnx660/target/qnx6/usr/include    -EL      -g        -DVARIANT_le -DVARIANT_v7 -DVARIANT_g -DBUILDENV_qss  C:/Users/hm-wiedman0/qnxMomenticsIDE/Abgabe3/Abgabe3.c 
C:/Users/hm-wiedman0/qnxMomenticsIDE/Abgabe3/Abgabe3.c: In function 'oneSecMethod':
C:/Users/hm-wiedman0/qnxMomenticsIDE/Abgabe3/Abgabe3.c:13:34: warning: variable 'sum' set but not used [-Wunused-but-set-variable]
C:/Users/hm-wiedman0/qnxMomenticsIDE/Abgabe3/Abgabe3.c: In function 'main':
C:/Users/hm-wiedman0/qnxMomenticsIDE/Abgabe3/Abgabe3.c:44:44: error: 'function' undeclared (first use in this function)
C:/Users/hm-wiedman0/qnxMomenticsIDE/Abgabe3/Abgabe3.c:44:44: note: each undeclared identifier is reported only once for each function it appears in
C:/Users/hm-wiedman0/qnxMomenticsIDE/Abgabe3/Abgabe3.c:47:3: warning: implicit declaration of function 'strerror' [-Wimplicit-function-declaration]
C:/Users/hm-wiedman0/qnxMomenticsIDE/Abgabe3/Abgabe3.c: In function 'function':
C:/Users/hm-wiedman0/qnxMomenticsIDE/Abgabe3/Abgabe3.c:79:3: warning: format '%ld' expects argument of type 'long int', but argument 2 has type 'time_t' [-Wformat]
make.exe[2]: Leaving directory `C:/Users/hm-wiedman0/qnxMomenticsIDE/Abgabe3/arm/o-le-v7-g'
C:/Users/hm-wiedman0/qnxMomenticsIDE/Abgabe3/Abgabe3.c:80:3: warning: format '%ld' expects argument of type 'long int', but argument 2 has type 'time_t' [-Wformat]
cc: C:/qnx660/host/win32/x86/usr/lib/gcc/arm-unknown-nto-qnx6.6.0eabi/4.7.3/cc1 caught signal 1
make.exe[2]: *** [Abgabe3.o] Error 1
make.exe[2]: Target `all' not remade because of errors.
make.exe[1]: Leaving directory `C:/Users/hm-wiedman0/qnxMomenticsIDE/Abgabe3/arm'
make.exe[1]: [all] Error 2 (ignored)
"C:\\qnx660\\host\\win32\\x86\\usr\\bin\\make.exe" -k CPULIST=arm VARIANTLIST=g all --file=C:/Users/HM-WIE~1/AppData/Local/Temp/QMakefile15730598074476193193883552908702.tmp 
C:/qnx660/host/win32/x86/usr/bin/make.exe -j 1 -Carm -fMakefile all
make.exe[1]: Entering directory `C:/Users/hm-wiedman0/qnxMomenticsIDE/Abgabe3/arm'
C:/qnx660/host/win32/x86/usr/bin/make.exe -j 1 -Co-le-v7-g -fMakefile all
make.exe[2]: Entering directory `C:/Users/hm-wiedman0/qnxMomenticsIDE/Abgabe3/arm/o-le-v7-g'
C:/qnx660/host/win32/x86/usr/bin/qcc -Vgcc_ntoarmv7 -c  -Wc,-Wall             -I. -IC:/Users/hm-wiedman0/qnxMomenticsIDE/Abgabe3/arm/le.v7 -IC:/Users/hm-wiedman0/qnxMomenticsIDE/Abgabe3/arm/o-le-v7-g -IC:/Users/hm-wiedman0/qnxMomenticsIDE/Abgabe3/arm -IC:/Users/hm-wiedman0/qnxMomenticsIDE/Abgabe3 -IC:/qnx660/target/qnx6/usr/include    -EL      -g        -DVARIANT_le -DVARIANT_v7 -DVARIANT_g -DBUILDENV_qss  C:/Users/hm-wiedman0/qnxMomenticsIDE/Abgabe3/Abgabe3.c 
C:/Users/hm-wiedman0/qnxMomenticsIDE/Abgabe3/Abgabe3.c: In function 'oneSecMethod':
C:/Users/hm-wiedman0/qnxMomenticsIDE/Abgabe3/Abgabe3.c:13:34: warning: variable 'sum' set but not used [-Wunused-but-set-variable]
C:/Users/hm-wiedman0/qnxMomenticsIDE/Abgabe3/Abgabe3.c: In function 'function':
C:/Users/hm-wiedman0/qnxMomenticsIDE/Abgabe3/Abgabe3.c:50:3: warning: format '%ld' expects argument of type 'long int', but argument 2 has type 'time_t' [-Wformat]
C:/Users/hm-wiedman0/qnxMomenticsIDE/Abgabe3/Abgabe3.c:51:3: warning: format '%ld' expects argument of type 'long int', but argument 2 has type 'time_t' [-Wformat]
C:/Users/hm-wiedman0/qnxMomenticsIDE/Abgabe3/Abgabe3.c: In function 'main':
C:/Users/hm-wiedman0/qnxMomenticsIDE/Abgabe3/Abgabe3.c:73:3: warning: implicit declaration of function 'strerror' [-Wimplicit-function-declaration]
C:/qnx660/host/win32/x86/usr/bin/rm -f  C:/Users/hm-wiedman0/qnxMomenticsIDE/Abgabe3/arm/o-le-v7-g/Abgabe3_g
C:/qnx660/host/win32/x86/usr/bin/qcc -Vgcc_ntoarmv7 -Wl,--no-keep-memory     -o C:/Users/hm-wiedman0/qnxMomenticsIDE/Abgabe3/arm/o-le-v7-g/Abgabe3_g    Abgabe3.o   -L . -L C:/qnx660/target/qnx6/armle-v7/lib -L C:/qnx660/target/qnx6/armle-v7/usr/lib  -Wl,--rpath-link . -Wl,--rpath-link C:/qnx660/target/qnx6/armle-v7/lib -Wl,--rpath-link C:/qnx660/target/qnx6/armle-v7/usr/lib    -EL      -g         
make.exe[2]: Leaving directory `C:/Users/hm-wiedman0/qnxMomenticsIDE/Abgabe3/arm/o-le-v7-g'
make.exe[1]: Leaving directory `C:/Users/hm-wiedman0/qnxMomenticsIDE/Abgabe3/arm'
"C:\\qnx660\\host\\win32\\x86\\usr\\bin\\make.exe" -k CPULIST=arm VARIANTLIST=g all --file=C:/Users/HM-WIE~1/AppData/Local/Temp/QMakefile15730599321193910442870240346038.tmp 
C:/qnx660/host/win32/x86/usr/bin/make.exe -j 1 -Carm -fMakefile all
make.exe[1]: Entering directory `C:/Users/hm-wiedman0/qnxMomenticsIDE/Abgabe3/arm'
C:/qnx660/host/win32/x86/usr/bin/make.exe -j 1 -Co-le-v7-g -fMakefile all
make.exe[2]: Entering directory `C:/Users/hm-wiedman0/qnxMomenticsIDE/Abgabe3/arm/o-le-v7-g'
C:/qnx660/host/win32/x86/usr/bin/qcc -Vgcc_ntoarmv7 -c  -Wc,-Wall             -I. -IC:/Users/hm-wiedman0/qnxMomenticsIDE/Abgabe3/arm/le.v7 -IC:/Users/hm-wiedman0/qnxMomenticsIDE/Abgabe3/arm/o-le-v7-g -IC:/Users/hm-wiedman0/qnxMomenticsIDE/Abgabe3/arm -IC:/Users/hm-wiedman0/qnxMomenticsIDE/Abgabe3 -IC:/qnx660/target/qnx6/usr/include    -EL      -g        -DVARIANT_le -DVARIANT_v7 -DVARIANT_g -DBUILDENV_qss  C:/Users/hm-wiedman0/qnxMomenticsIDE/Abgabe3/Abgabe3.c 
C:/Users/hm-wiedman0/qnxMomenticsIDE/Abgabe3/Abgabe3.c: In function 'oneSecMethod':
C:/Users/hm-wiedman0/qnxMomenticsIDE/Abgabe3/Abgabe3.c:13:34: warning: variable 'sum' set but not used [-Wunused-but-set-variable]
C:/qnx660/host/win32/x86/usr/bin/rm -f  C:/Users/hm-wiedman0/qnxMomenticsIDE/Abgabe3/arm/o-le-v7-g/Abgabe3_g
C:/qnx660/host/win32/x86/usr/bin/qcc -Vgcc_ntoarmv7 -Wl,--no-keep-memory     -o C:/Users/hm-wiedman0/qnxMomenticsIDE/Abgabe3/arm/o-le-v7-g/Abgabe3_g    Abgabe3.o   -L . -L C:/qnx660/target/qnx6/armle-v7/lib -L C:/qnx660/target/qnx6/armle-v7/usr/lib  -Wl,--rpath-link . -Wl,--rpath-link C:/qnx660/target/qnx6/armle-v7/lib -Wl,--rpath-link C:/qnx660/target/qnx6/armle-v7/usr/lib    -EL      -g         
C:/Users/hm-wiedman0/qnxMomenticsIDE/Abgabe3/Abgabe3.c: In function 'main':
C:/Users/hm-wiedman0/qnxMomenticsIDE/Abgabe3/Abgabe3.c:73:3: warning: implicit declaration of function 'strerror' [-Wimplicit-function-declaration]
make.exe[2]: Leaving directory `C:/Users/hm-wiedman0/qnxMomenticsIDE/Abgabe3/arm/o-le-v7-g'
make.exe[1]: Leaving directory `C:/Users/hm-wiedman0/qnxMomenticsIDE/Abgabe3/arm'
"C:\\qnx660\\host\\win32\\x86\\usr\\bin\\make.exe" -k CPULIST=arm VARIANTLIST=g all --file=C:/Users/HM-WIE~1/AppData/Local/Temp/QMakefile15730600936953400239066012172628.tmp 
C:/qnx660/host/win32/x86/usr/bin/make.exe -j 1 -Carm -fMakefile all
make.exe[1]: Entering directory `C:/Users/hm-wiedman0/qnxMomenticsIDE/Abgabe3/arm'
C:/qnx660/host/win32/x86/usr/bin/make.exe -j 1 -Co-le-v7-g -fMakefile all
make.exe[2]: Entering directory `C:/Users/hm-wiedman0/qnxMomenticsIDE/Abgabe3/arm/o-le-v7-g'
C:/qnx660/host/win32/x86/usr/bin/qcc -Vgcc_ntoarmv7 -c  -Wc,-Wall             -I. -IC:/Users/hm-wiedman0/qnxMomenticsIDE/Abgabe3/arm/le.v7 -IC:/Users/hm-wiedman0/qnxMomenticsIDE/Abgabe3/arm/o-le-v7-g -IC:/Users/hm-wiedman0/qnxMomenticsIDE/Abgabe3/arm -IC:/Users/hm-wiedman0/qnxMomenticsIDE/Abgabe3 -IC:/qnx660/target/qnx6/usr/include    -EL      -g        -DVARIANT_le -DVARIANT_v7 -DVARIANT_g -DBUILDENV_qss  C:/Users/hm-wiedman0/qnxMomenticsIDE/Abgabe3/Abgabe3.c 
C:/Users/hm-wiedman0/qnxMomenticsIDE/Abgabe3/Abgabe3.c: In function 'oneSecMethod':
C:/Users/hm-wiedman0/qnxMomenticsIDE/Abgabe3/Abgabe3.c:13:34: warning: variable 'sum' set but not used [-Wunused-but-set-variable]
C:/Users/hm-wiedman0/qnxMomenticsIDE/Abgabe3/Abgabe3.c: In function 'function':
C:/Users/hm-wiedman0/qnxMomenticsIDE/Abgabe3/Abgabe3.c:50:3: warning: format '%ld' expects argument of type 'long int', but argument 2 has type 'time_t' [-Wformat]
C:/Users/hm-wiedman0/qnxMomenticsIDE/Abgabe3/Abgabe3.c:51:3: warning: format '%ld' expects argument of type 'long int', but argument 2 has type 'time_t' [-Wformat]
C:/Users/hm-wiedman0/qnxMomenticsIDE/Abgabe3/Abgabe3.c: In function 'main':
C:/Users/hm-wiedman0/qnxMomenticsIDE/Abgabe3/Abgabe3.c:73:3: warning: format '%d' expects argument of type 'int', but argument 2 has type 'char *' [-Wformat]
C:/qnx660/host/win32/x86/usr/bin/rm -f  C:/Users/hm-wiedman0/qnxMomenticsIDE/Abgabe3/arm/o-le-v7-g/Abgabe3_g
C:/qnx660/host/win32/x86/usr/bin/qcc -Vgcc_ntoarmv7 -Wl,--no-keep-memory     -o C:/Users/hm-wiedman0/qnxMomenticsIDE/Abgabe3/arm/o-le-v7-g/Abgabe3_g    Abgabe3.o   -L . -L C:/qnx660/target/qnx6/armle-v7/lib -L C:/qnx660/target/qnx6/armle-v7/usr/lib  -Wl,--rpath-link . -Wl,--rpath-link C:/qnx660/target/qnx6/armle-v7/lib -Wl,--rpath-link C:/qnx660/target/qnx6/armle-v7/usr/lib    -EL      -g         
make.exe[2]: Leaving directory `C:/Users/hm-wiedman0/qnxMomenticsIDE/Abgabe3/arm/o-le-v7-g'
make.exe[1]: Leaving directory `C:/Users/hm-wiedman0/qnxMomenticsIDE/Abgabe3/arm'
"C:\\qnx660\\host\\win32\\x86\\usr\\bin\\make.exe" -k CPULIST=arm VARIANTLIST=g all --file=C:/Users/HM-WIE~1/AppData/Local/Temp/QMakefile15730603741906550436654966034728.tmp 
C:/qnx660/host/win32/x86/usr/bin/make.exe -j 1 -Carm -fMakefile all
make.exe[1]: Entering directory `C:/Users/hm-wiedman0/qnxMomenticsIDE/Abgabe3/arm'
C:/qnx660/host/win32/x86/usr/bin/make.exe -j 1 -Co-le-v7-g -fMakefile all
make.exe[2]: Entering directory `C:/Users/hm-wiedman0/qnxMomenticsIDE/Abgabe3/arm/o-le-v7-g'
C:/qnx660/host/win32/x86/usr/bin/qcc -Vgcc_ntoarmv7 -c  -Wc,-Wall             -I. -IC:/Users/hm-wiedman0/qnxMomenticsIDE/Abgabe3/arm/le.v7 -IC:/Users/hm-wiedman0/qnxMomenticsIDE/Abgabe3/arm/o-le-v7-g -IC:/Users/hm-wiedman0/qnxMomenticsIDE/Abgabe3/arm -IC:/Users/hm-wiedman0/qnxMomenticsIDE/Abgabe3 -IC:/qnx660/target/qnx6/usr/include    -EL      -g        -DVARIANT_le -DVARIANT_v7 -DVARIANT_g -DBUILDENV_qss  C:/Users/hm-wiedman0/qnxMomenticsIDE/Abgabe3/Abgabe3.c 
C:/Users/hm-wiedman0/qnxMomenticsIDE/Abgabe3/Abgabe3.c: In function 'oneSecMethod':
C:/Users/hm-wiedman0/qnxMomenticsIDE/Abgabe3/Abgabe3.c:12:34: warning: variable 'sum' set but not used [-Wunused-but-set-variable]
C:/Users/hm-wiedman0/qnxMomenticsIDE/Abgabe3/Abgabe3.c: In function 'function':
C:/Users/hm-wiedman0/qnxMomenticsIDE/Abgabe3/Abgabe3.c:49:3: warning: format '%ld' expects argument of type 'long int', but argument 2 has type 'time_t' [-Wformat]
C:/Users/hm-wiedman0/qnxMomenticsIDE/Abgabe3/Abgabe3.c:50:3: warning: format '%ld' expects argument of type 'long int', but argument 2 has type 'time_t' [-Wformat]
C:/Users/hm-wiedman0/qnxMomenticsIDE/Abgabe3/Abgabe3.c: In function 'main':
C:/Users/hm-wiedman0/qnxMomenticsIDE/Abgabe3/Abgabe3.c:71:3: warning: format '%d' expects argument of type 'int', but argument 2 has type 'char *' [-Wformat]
C:/Users/hm-wiedman0/qnxMomenticsIDE/Abgabe3/Abgabe3.c:77:3: warning: format '%d' expects argument of type 'int', but argument 2 has type 'char *' [-Wformat]
C:/qnx660/host/win32/x86/usr/bin/rm -f  C:/Users/hm-wiedman0/qnxMomenticsIDE/Abgabe3/arm/o-le-v7-g/Abgabe3_g
C:/qnx660/host/win32/x86/usr/bin/qcc -Vgcc_ntoarmv7 -Wl,--no-keep-memory     -o C:/Users/hm-wiedman0/qnxMomenticsIDE/Abgabe3/arm/o-le-v7-g/Abgabe3_g    Abgabe3.o   -L . -L C:/qnx660/target/qnx6/armle-v7/lib -L C:/qnx660/target/qnx6/armle-v7/usr/lib  -Wl,--rpath-link . -Wl,--rpath-link C:/qnx660/target/qnx6/armle-v7/lib -Wl,--rpath-link C:/qnx660/target/qnx6/armle-v7/usr/lib    -EL      -g         
make.exe[2]: Leaving directory `C:/Users/hm-wiedman0/qnxMomenticsIDE/Abgabe3/arm/o-le-v7-g'
make.exe[1]: Leaving directory `C:/Users/hm-wiedman0/qnxMomenticsIDE/Abgabe3/arm'
"C:\\qnx660\\host\\win32\\x86\\usr\\bin\\make.exe" -k CPULIST=arm VARIANTLIST=g all --file=C:/Users/HM-WIE~1/AppData/Local/Temp/QMakefile15730607724406068235708660456100.tmp 
C:/qnx660/host/win32/x86/usr/bin/make.exe -j 1 -Carm -fMakefile all
make.exe[1]: Entering directory `C:/Users/hm-wiedman0/qnxMomenticsIDE/Abgabe3/arm'
C:/qnx660/host/win32/x86/usr/bin/make.exe -j 1 -Co-le-v7-g -fMakefile all
make.exe[2]: Entering directory `C:/Users/hm-wiedman0/qnxMomenticsIDE/Abgabe3/arm/o-le-v7-g'
C:/qnx660/host/win32/x86/usr/bin/qcc -Vgcc_ntoarmv7 -c  -Wc,-Wall             -I. -IC:/Users/hm-wiedman0/qnxMomenticsIDE/Abgabe3/arm/le.v7 -IC:/Users/hm-wiedman0/qnxMomenticsIDE/Abgabe3/arm/o-le-v7-g -IC:/Users/hm-wiedman0/qnxMomenticsIDE/Abgabe3/arm -IC:/Users/hm-wiedman0/qnxMomenticsIDE/Abgabe3 -IC:/qnx660/target/qnx6/usr/include    -EL      -g        -DVARIANT_le -DVARIANT_v7 -DVARIANT_g -DBUILDENV_qss  C:/Users/hm-wiedman0/qnxMomenticsIDE/Abgabe3/Abgabe3.c 
C:/Users/hm-wiedman0/qnxMomenticsIDE/Abgabe3/Abgabe3.c: In function 'oneSecMethod':
C:/Users/hm-wiedman0/qnxMomenticsIDE/Abgabe3/Abgabe3.c:12:34: warning: variable 'sum' set but not used [-Wunused-but-set-variable]
C:/Users/hm-wiedman0/qnxMomenticsIDE/Abgabe3/Abgabe3.c: In function 'function':
C:/Users/hm-wiedman0/qnxMomenticsIDE/Abgabe3/Abgabe3.c:48:3: warning: format '%ld' expects argument of type 'long int', but argument 2 has type 'time_t' [-Wformat]
C:/Users/hm-wiedman0/qnxMomenticsIDE/Abgabe3/Abgabe3.c:49:3: warning: format '%ld' expects argument of type 'long int', but argument 2 has type 'time_t' [-Wformat]
C:/Users/hm-wiedman0/qnxMomenticsIDE/Abgabe3/Abgabe3.c:31:13: warning: unused variable 'i' [-Wunused-variable]
C:/Users/hm-wiedman0/qnxMomenticsIDE/Abgabe3/Abgabe3.c: In function 'main':
C:/Users/hm-wiedman0/qnxMomenticsIDE/Abgabe3/Abgabe3.c:70:3: warning: format '%d' expects argument of type 'int', but argument 2 has type 'char *' [-Wformat]
C:/Users/hm-wiedman0/qnxMomenticsIDE/Abgabe3/Abgabe3.c:76:3: warning: format '%d' expects argument of type 'int', but argument 2 has type 'char *' [-Wformat]
C:/qnx660/host/win32/x86/usr/bin/rm -f  C:/Users/hm-wiedman0/qnxMomenticsIDE/Abgabe3/arm/o-le-v7-g/Abgabe3_g
C:/qnx660/host/win32/x86/usr/bin/qcc -Vgcc_ntoarmv7 -Wl,--no-keep-memory     -o C:/Users/hm-wiedman0/qnxMomenticsIDE/Abgabe3/arm/o-le-v7-g/Abgabe3_g    Abgabe3.o   -L . -L C:/qnx660/target/qnx6/armle-v7/lib -L C:/qnx660/target/qnx6/armle-v7/usr/lib  -Wl,--rpath-link . -Wl,--rpath-link C:/qnx660/target/qnx6/armle-v7/lib -Wl,--rpath-link C:/qnx660/target/qnx6/armle-v7/usr/lib    -EL      -g         
make.exe[2]: Leaving directory `C:/Users/hm-wiedman0/qnxMomenticsIDE/Abgabe3/arm/o-le-v7-g'
make.exe[1]: Leaving directory `C:/Users/hm-wiedman0/qnxMomenticsIDE/Abgabe3/arm'
"C:\\qnx660\\host\\win32\\x86\\usr\\bin\\make.exe" -k CPULIST=arm VARIANTLIST=g all --file=C:/Users/HM-WIE~1/AppData/Local/Temp/QMakefile15730607876283341586097691842208.tmp 
C:/qnx660/host/win32/x86/usr/bin/make.exe -j 1 -Carm -fMakefile all
make.exe[1]: Entering directory `C:/Users/hm-wiedman0/qnxMomenticsIDE/Abgabe3/arm'
C:/qnx660/host/win32/x86/usr/bin/make.exe -j 1 -Co-le-v7-g -fMakefile all
make.exe[2]: Entering directory `C:/Users/hm-wiedman0/qnxMomenticsIDE/Abgabe3/arm/o-le-v7-g'
C:/qnx660/host/win32/x86/usr/bin/qcc -Vgcc_ntoarmv7 -c  -Wc,-Wall             -I. -IC:/Users/hm-wiedman0/qnxMomenticsIDE/Abgabe3/arm/le.v7 -IC:/Users/hm-wiedman0/qnxMomenticsIDE/Abgabe3/arm/o-le-v7-g -IC:/Users/hm-wiedman0/qnxMomenticsIDE/Abgabe3/arm -IC:/Users/hm-wiedman0/qnxMomenticsIDE/Abgabe3 -IC:/qnx660/target/qnx6/usr/include    -EL      -g        -DVARIANT_le -DVARIANT_v7 -DVARIANT_g -DBUILDENV_qss  C:/Users/hm-wiedman0/qnxMomenticsIDE/Abgabe3/Abgabe3.c 
C:/Users/hm-wiedman0/qnxMomenticsIDE/Abgabe3/Abgabe3.c: In function 'oneSecMethod':
C:/Users/hm-wiedman0/qnxMomenticsIDE/Abgabe3/Abgabe3.c:12:34: warning: variable 'sum' set but not used [-Wunused-but-set-variable]
C:/Users/hm-wiedman0/qnxMomenticsIDE/Abgabe3/Abgabe3.c: In function 'function':
C:/Users/hm-wiedman0/qnxMomenticsIDE/Abgabe3/Abgabe3.c:49:3: warning: format '%ld' expects argument of type 'long int', but argument 2 has type 'time_t' [-Wformat]
C:/Users/hm-wiedman0/qnxMomenticsIDE/Abgabe3/Abgabe3.c:50:3: warning: format '%ld' expects argument of type 'long int', but argument 2 has type 'time_t' [-Wformat]
C:/Users/hm-wiedman0/qnxMomenticsIDE/Abgabe3/Abgabe3.c: In function 'main':
C:/Users/hm-wiedman0/qnxMomenticsIDE/Abgabe3/Abgabe3.c:71:3: warning: format '%d' expects argument of type 'int', but argument 2 has type 'char *' [-Wformat]
C:/qnx660/host/win32/x86/usr/bin/rm -f  C:/Users/hm-wiedman0/qnxMomenticsIDE/Abgabe3/arm/o-le-v7-g/Abgabe3_g
C:/Users/hm-wiedman0/qnxMomenticsIDE/Abgabe3/Abgabe3.c:77:3: warning: format '%d' expects argument of type 'int', but argument 2 has type 'char *' [-Wformat]
C:/qnx660/host/win32/x86/usr/bin/qcc -Vgcc_ntoarmv7 -Wl,--no-keep-memory     -o C:/Users/hm-wiedman0/qnxMomenticsIDE/Abgabe3/arm/o-le-v7-g/Abgabe3_g    Abgabe3.o   -L . -L C:/qnx660/target/qnx6/armle-v7/lib -L C:/qnx660/target/qnx6/armle-v7/usr/lib  -Wl,--rpath-link . -Wl,--rpath-link C:/qnx660/target/qnx6/armle-v7/lib -Wl,--rpath-link C:/qnx660/target/qnx6/armle-v7/usr/lib    -EL      -g         
make.exe[2]: Leaving directory `C:/Users/hm-wiedman0/qnxMomenticsIDE/Abgabe3/arm/o-le-v7-g'
make.exe[1]: Leaving directory `C:/Users/hm-wiedman0/qnxMomenticsIDE/Abgabe3/arm'
"C:\\qnx660\\host\\win32\\x86\\usr\\bin\\make.exe" -k CPULIST=arm VARIANTLIST=g all --file=C:/Users/HM-WIE~1/AppData/Local/Temp/QMakefile15730608125715864099881769977122.tmp 
C:/qnx660/host/win32/x86/usr/bin/make.exe -j 1 -Carm -fMakefile all
make.exe[1]: Entering directory `C:/Users/hm-wiedman0/qnxMomenticsIDE/Abgabe3/arm'
C:/qnx660/host/win32/x86/usr/bin/make.exe -j 1 -Co-le-v7-g -fMakefile all
make.exe[2]: Entering directory `C:/Users/hm-wiedman0/qnxMomenticsIDE/Abgabe3/arm/o-le-v7-g'
make.exe[2]: Nothing to be done for `all'.
make.exe[2]: Leaving directory `C:/Users/hm-wiedman0/qnxMomenticsIDE/Abgabe3/arm/o-le-v7-g'
make.exe[1]: Leaving directory `C:/Users/hm-wiedman0/qnxMomenticsIDE/Abgabe3/arm'
"C:\\qnx660\\host\\win32\\x86\\usr\\bin\\make.exe" -k CPULIST=arm VARIANTLIST=g all --file=C:/Users/HM-WIE~1/AppData/Local/Temp/QMakefile15730608739341436799324969011590.tmp 
C:/qnx660/host/win32/x86/usr/bin/make.exe -j 1 -Carm -fMakefile all
make.exe[1]: Entering directory `C:/Users/hm-wiedman0/qnxMomenticsIDE/Abgabe3/arm'
C:/qnx660/host/win32/x86/usr/bin/make.exe -j 1 -Co-le-v7-g -fMakefile all
make.exe[2]: Entering directory `C:/Users/hm-wiedman0/qnxMomenticsIDE/Abgabe3/arm/o-le-v7-g'
make.exe[2]: Nothing to be done for `all'.
make.exe[2]: Leaving directory `C:/Users/hm-wiedman0/qnxMomenticsIDE/Abgabe3/arm/o-le-v7-g'
make.exe[1]: Leaving directory `C:/Users/hm-wiedman0/qnxMomenticsIDE/Abgabe3/arm'
"C:\\qnx660\\host\\win32\\x86\\usr\\bin\\make.exe" -k CPULIST=arm VARIANTLIST=g all --file=C:/Users/HM-WIE~1/AppData/Local/Temp/QMakefile15730609942123737464653166001551.tmp 
C:/qnx660/host/win32/x86/usr/bin/make.exe -j 1 -Carm -fMakefile all
make.exe[1]: Entering directory `C:/Users/hm-wiedman0/qnxMomenticsIDE/Abgabe3/arm'
C:/qnx660/host/win32/x86/usr/bin/make.exe -j 1 -Co-le-v7-g -fMakefile all
make.exe[2]: Entering directory `C:/Users/hm-wiedman0/qnxMomenticsIDE/Abgabe3/arm/o-le-v7-g'
make.exe[2]: Nothing to be done for `all'.
make.exe[2]: Leaving directory `C:/Users/hm-wiedman0/qnxMomenticsIDE/Abgabe3/arm/o-le-v7-g'
make.exe[1]: Leaving directory `C:/Users/hm-wiedman0/qnxMomenticsIDE/Abgabe3/arm'
"C:\\qnx660\\host\\win32\\x86\\usr\\bin\\make.exe" -k CPULIST=arm VARIANTLIST=g all --file=C:/Users/HM-WIE~1/AppData/Local/Temp/QMakefile15730610187293079462911422102813.tmp 
C:/qnx660/host/win32/x86/usr/bin/make.exe -j 1 -Carm -fMakefile all
make.exe[1]: Entering directory `C:/Users/hm-wiedman0/qnxMomenticsIDE/Abgabe3/arm'
C:/qnx660/host/win32/x86/usr/bin/make.exe -j 1 -Co-le-v7-g -fMakefile all
make.exe[2]: Entering directory `C:/Users/hm-wiedman0/qnxMomenticsIDE/Abgabe3/arm/o-le-v7-g'
C:/qnx660/host/win32/x86/usr/bin/qcc -Vgcc_ntoarmv7 -c  -Wc,-Wall             -I. -IC:/Users/hm-wiedman0/qnxMomenticsIDE/Abgabe3/arm/le.v7 -IC:/Users/hm-wiedman0/qnxMomenticsIDE/Abgabe3/arm/o-le-v7-g -IC:/Users/hm-wiedman0/qnxMomenticsIDE/Abgabe3/arm -IC:/Users/hm-wiedman0/qnxMomenticsIDE/Abgabe3 -IC:/qnx660/target/qnx6/usr/include    -EL      -g        -DVARIANT_le -DVARIANT_v7 -DVARIANT_g -DBUILDENV_qss  C:/Users/hm-wiedman0/qnxMomenticsIDE/Abgabe3/Abgabe3.c 
C:/Users/hm-wiedman0/qnxMomenticsIDE/Abgabe3/Abgabe3.c: In function 'oneSecMethod':
C:/Users/hm-wiedman0/qnxMomenticsIDE/Abgabe3/Abgabe3.c:12:34: warning: variable 'sum' set but not used [-Wunused-but-set-variable]
C:/Users/hm-wiedman0/qnxMomenticsIDE/Abgabe3/Abgabe3.c: In function 'function':
C:/Users/hm-wiedman0/qnxMomenticsIDE/Abgabe3/Abgabe3.c:49:3: warning: format '%ld' expects argument of type 'long int', but argument 2 has type 'time_t' [-Wformat]
C:/Users/hm-wiedman0/qnxMomenticsIDE/Abgabe3/Abgabe3.c:50:3: warning: format '%ld' expects argument of type 'long int', but argument 2 has type 'time_t' [-Wformat]
C:/Users/hm-wiedman0/qnxMomenticsIDE/Abgabe3/Abgabe3.c: In function 'main':
C:/Users/hm-wiedman0/qnxMomenticsIDE/Abgabe3/Abgabe3.c:71:3: warning: format '%d' expects argument of type 'int', but argument 2 has type 'char *' [-Wformat]
C:/Users/hm-wiedman0/qnxMomenticsIDE/Abgabe3/Abgabe3.c:77:3: warning: format '%d' expects argument of type 'int', but argument 2 has type 'char *' [-Wformat]
C:/qnx660/host/win32/x86/usr/bin/rm -f  C:/Users/hm-wiedman0/qnxMomenticsIDE/Abgabe3/arm/o-le-v7-g/Abgabe3_g
C:/qnx660/host/win32/x86/usr/bin/qcc -Vgcc_ntoarmv7 -Wl,--no-keep-memory     -o C:/Users/hm-wiedman0/qnxMomenticsIDE/Abgabe3/arm/o-le-v7-g/Abgabe3_g    Abgabe3.o   -L . -L C:/qnx660/target/qnx6/armle-v7/lib -L C:/qnx660/target/qnx6/armle-v7/usr/lib  -Wl,--rpath-link . -Wl,--rpath-link C:/qnx660/target/qnx6/armle-v7/lib -Wl,--rpath-link C:/qnx660/target/qnx6/armle-v7/usr/lib    -EL      -g         
make.exe[2]: Leaving directory `C:/Users/hm-wiedman0/qnxMomenticsIDE/Abgabe3/arm/o-le-v7-g'
make.exe[1]: Leaving directory `C:/Users/hm-wiedman0/qnxMomenticsIDE/Abgabe3/arm'
